2024-01-18 13:39:06,375 INFO [background-preinit][Version.java:21] - HV000001: Hibernate Validator 6.1.6.Final
2024-01-18 13:39:06,375 INFO [background-preinit][Version.java:21] - HV000001: Hibernate Validator 6.1.6.Final
2024-01-18 13:39:06,791 INFO [main][SpringApplication.java:651] - No active profile set, falling back to default profiles: default
2024-01-18 13:39:06,791 INFO [main][SpringApplication.java:651] - No active profile set, falling back to default profiles: default
2024-01-18 13:39:07,168 INFO [main][GenericScope.java:295] - BeanFactory id=afd8f9e3-6628-3fb4-9d2d-2cfa6888a5bf
2024-01-18 13:39:07,168 INFO [main][GenericScope.java:295] - BeanFactory id=afd8f9e3-6628-3fb4-9d2d-2cfa6888a5bf
2024-01-18 13:39:07,947 WARN [main][AbstractMethod.java:324] - [com.yangcs.content.mapper.CourseBaseMapper.selectById] Has been loaded by XML or SqlProvider or Mybatis's Annotation, so ignoring this injection for [class com.baomidou.mybatisplus.core.injector.methods.SelectById]
2024-01-18 13:39:07,947 WARN [main][AbstractMethod.java:324] - [com.yangcs.content.mapper.CourseBaseMapper.selectById] Has been loaded by XML or SqlProvider or Mybatis's Annotation, so ignoring this injection for [class com.baomidou.mybatisplus.core.injector.methods.SelectById]
2024-01-18 13:39:08,425 INFO [main][StartupInfoLogger.java:61] - Started TeachplanMapperTest in 2.402 seconds (JVM running for 3.476)
2024-01-18 13:39:08,425 INFO [main][StartupInfoLogger.java:61] - Started TeachplanMapperTest in 2.402 seconds (JVM running for 3.476)
2024-01-18 13:40:21,058 INFO [background-preinit][Version.java:21] - HV000001: Hibernate Validator 6.1.6.Final
2024-01-18 13:40:21,058 INFO [background-preinit][Version.java:21] - HV000001: Hibernate Validator 6.1.6.Final
2024-01-18 13:40:21,452 INFO [main][SpringApplication.java:651] - No active profile set, falling back to default profiles: default
2024-01-18 13:40:21,452 INFO [main][SpringApplication.java:651] - No active profile set, falling back to default profiles: default
2024-01-18 13:40:21,832 INFO [main][GenericScope.java:295] - BeanFactory id=afd8f9e3-6628-3fb4-9d2d-2cfa6888a5bf
2024-01-18 13:40:21,832 INFO [main][GenericScope.java:295] - BeanFactory id=afd8f9e3-6628-3fb4-9d2d-2cfa6888a5bf
2024-01-18 13:40:22,613 WARN [main][AbstractMethod.java:324] - [com.yangcs.content.mapper.CourseBaseMapper.selectById] Has been loaded by XML or SqlProvider or Mybatis's Annotation, so ignoring this injection for [class com.baomidou.mybatisplus.core.injector.methods.SelectById]
2024-01-18 13:40:22,613 WARN [main][AbstractMethod.java:324] - [com.yangcs.content.mapper.CourseBaseMapper.selectById] Has been loaded by XML or SqlProvider or Mybatis's Annotation, so ignoring this injection for [class com.baomidou.mybatisplus.core.injector.methods.SelectById]
2024-01-18 13:40:23,078 INFO [main][StartupInfoLogger.java:61] - Started TeachplanMapperTest in 2.34 seconds (JVM running for 3.406)
2024-01-18 13:40:23,078 INFO [main][StartupInfoLogger.java:61] - Started TeachplanMapperTest in 2.34 seconds (JVM running for 3.406)
