2024-01-18 12:02:59,602 INFO [background-preinit][Version.java:21] - HV000001: Hibernate Validator 6.1.6.Final
2024-01-18 12:02:59,602 INFO [background-preinit][Version.java:21] - HV000001: Hibernate Validator 6.1.6.Final
2024-01-18 12:03:00,033 INFO [main][SpringApplication.java:651] - No active profile set, falling back to default profiles: default
2024-01-18 12:03:00,033 INFO [main][SpringApplication.java:651] - No active profile set, falling back to default profiles: default
2024-01-18 12:03:00,411 INFO [main][GenericScope.java:295] - BeanFactory id=afd8f9e3-6628-3fb4-9d2d-2cfa6888a5bf
2024-01-18 12:03:00,411 INFO [main][GenericScope.java:295] - BeanFactory id=afd8f9e3-6628-3fb4-9d2d-2cfa6888a5bf
2024-01-18 12:03:01,168 WARN [main][AbstractMethod.java:324] - [com.yangcs.content.mapper.CourseBaseMapper.selectById] Has been loaded by XML or SqlProvider or Mybatis's Annotation, so ignoring this injection for [class com.baomidou.mybatisplus.core.injector.methods.SelectById]
2024-01-18 12:03:01,168 WARN [main][AbstractMethod.java:324] - [com.yangcs.content.mapper.CourseBaseMapper.selectById] Has been loaded by XML or SqlProvider or Mybatis's Annotation, so ignoring this injection for [class com.baomidou.mybatisplus.core.injector.methods.SelectById]
2024-01-18 12:03:01,623 INFO [main][StartupInfoLogger.java:61] - Started TeachplanMapperTest in 2.364 seconds (JVM running for 3.453)
2024-01-18 12:03:01,623 INFO [main][StartupInfoLogger.java:61] - Started TeachplanMapperTest in 2.364 seconds (JVM running for 3.453)
2024-01-18 12:19:11,737 INFO [background-preinit][Version.java:21] - HV000001: Hibernate Validator 6.1.6.Final
2024-01-18 12:19:11,737 INFO [background-preinit][Version.java:21] - HV000001: Hibernate Validator 6.1.6.Final
2024-01-18 12:19:12,129 INFO [main][SpringApplication.java:651] - No active profile set, falling back to default profiles: default
2024-01-18 12:19:12,129 INFO [main][SpringApplication.java:651] - No active profile set, falling back to default profiles: default
2024-01-18 12:19:12,510 INFO [main][GenericScope.java:295] - BeanFactory id=afd8f9e3-6628-3fb4-9d2d-2cfa6888a5bf
2024-01-18 12:19:12,510 INFO [main][GenericScope.java:295] - BeanFactory id=afd8f9e3-6628-3fb4-9d2d-2cfa6888a5bf
2024-01-18 12:19:13,293 WARN [main][AbstractMethod.java:324] - [com.yangcs.content.mapper.CourseBaseMapper.selectById] Has been loaded by XML or SqlProvider or Mybatis's Annotation, so ignoring this injection for [class com.baomidou.mybatisplus.core.injector.methods.SelectById]
2024-01-18 12:19:13,293 WARN [main][AbstractMethod.java:324] - [com.yangcs.content.mapper.CourseBaseMapper.selectById] Has been loaded by XML or SqlProvider or Mybatis's Annotation, so ignoring this injection for [class com.baomidou.mybatisplus.core.injector.methods.SelectById]
2024-01-18 12:19:13,738 INFO [main][StartupInfoLogger.java:61] - Started TeachplanMapperTest in 2.323 seconds (JVM running for 3.391)
2024-01-18 12:19:13,738 INFO [main][StartupInfoLogger.java:61] - Started TeachplanMapperTest in 2.323 seconds (JVM running for 3.391)
