2024-01-23 12:11:13,886 INFO [SpringContextShutdownHook][ExecutorConfigurationSupport.java:218] - Shutting down ExecutorService 'applicationTaskExecutor'
2024-01-23 12:11:13,886 INFO [SpringContextShutdownHook][ExecutorConfigurationSupport.java:218] - Shutting down ExecutorService 'applicationTaskExecutor'
2024-01-23 12:11:13,933 INFO [SpringContextShutdownHook][HikariDataSource.java:350] - HikariPool-1 - Shutdown initiated...
2024-01-23 12:11:13,933 INFO [SpringContextShutdownHook][HikariDataSource.java:350] - HikariPool-1 - Shutdown initiated...
2024-01-23 12:11:13,938 INFO [SpringContextShutdownHook][HikariDataSource.java:352] - HikariPool-1 - Shutdown completed.
2024-01-23 12:11:13,938 INFO [SpringContextShutdownHook][HikariDataSource.java:352] - HikariPool-1 - Shutdown completed.
2024-01-23 12:11:25,384 INFO [background-preinit][Version.java:21] - HV000001: Hibernate Validator 6.1.6.Final
2024-01-23 12:11:25,384 INFO [background-preinit][Version.java:21] - HV000001: Hibernate Validator 6.1.6.Final
2024-01-23 12:11:25,761 INFO [main][SpringApplication.java:651] - No active profile set, falling back to default profiles: default
2024-01-23 12:11:25,761 INFO [main][SpringApplication.java:651] - No active profile set, falling back to default profiles: default
2024-01-23 12:11:26,472 INFO [main][GenericScope.java:295] - BeanFactory id=1ef0474d-bd94-31dc-ac7d-bff65d894e38
2024-01-23 12:11:26,472 INFO [main][GenericScope.java:295] - BeanFactory id=1ef0474d-bd94-31dc-ac7d-bff65d894e38
2024-01-23 12:11:26,788 INFO [main][TomcatWebServer.java:108] - Tomcat initialized with port(s): 63040 (http)
2024-01-23 12:11:26,788 INFO [main][TomcatWebServer.java:108] - Tomcat initialized with port(s): 63040 (http)
2024-01-23 12:11:26,796 INFO [main][DirectJDKLog.java:173] - Initializing ProtocolHandler ["http-nio-63040"]
2024-01-23 12:11:26,796 INFO [main][DirectJDKLog.java:173] - Initializing ProtocolHandler ["http-nio-63040"]
2024-01-23 12:11:26,797 INFO [main][DirectJDKLog.java:173] - Starting service [Tomcat]
2024-01-23 12:11:26,797 INFO [main][DirectJDKLog.java:173] - Starting service [Tomcat]
2024-01-23 12:11:26,797 INFO [main][DirectJDKLog.java:173] - Starting Servlet engine: [Apache Tomcat/9.0.41]
2024-01-23 12:11:26,797 INFO [main][DirectJDKLog.java:173] - Starting Servlet engine: [Apache Tomcat/9.0.41]
2024-01-23 12:11:26,798 INFO [main][DirectJDKLog.java:173] - Loaded Apache Tomcat Native library [2.0.6] using APR version [1.7.4].
2024-01-23 12:11:26,798 INFO [main][DirectJDKLog.java:173] - Loaded Apache Tomcat Native library [2.0.6] using APR version [1.7.4].
2024-01-23 12:11:26,798 INFO [main][DirectJDKLog.java:173] - APR capabilities: IPv6 [true], sendfile [true], accept filters [false], random [true].
2024-01-23 12:11:26,798 INFO [main][DirectJDKLog.java:173] - APR capabilities: IPv6 [true], sendfile [true], accept filters [false], random [true].
2024-01-23 12:11:26,799 INFO [main][DirectJDKLog.java:173] - APR/OpenSSL configuration: useAprConnector [false], useOpenSSL [true]
2024-01-23 12:11:26,799 INFO [main][DirectJDKLog.java:173] - APR/OpenSSL configuration: useAprConnector [false], useOpenSSL [true]
2024-01-23 12:11:26,803 INFO [main][DirectJDKLog.java:173] - OpenSSL successfully initialized [OpenSSL 3.0.11 19 Sep 2023]
2024-01-23 12:11:26,803 INFO [main][DirectJDKLog.java:173] - OpenSSL successfully initialized [OpenSSL 3.0.11 19 Sep 2023]
2024-01-23 12:11:26,885 INFO [main][DirectJDKLog.java:173] - Initializing Spring embedded WebApplicationContext
2024-01-23 12:11:26,885 INFO [main][DirectJDKLog.java:173] - Initializing Spring embedded WebApplicationContext
2024-01-23 12:11:26,885 INFO [main][ServletWebServerApplicationContext.java:285] - Root WebApplicationContext: initialization completed in 1111 ms
2024-01-23 12:11:26,885 INFO [main][ServletWebServerApplicationContext.java:285] - Root WebApplicationContext: initialization completed in 1111 ms
2024-01-23 12:11:27,476 WARN [main][AbstractMethod.java:324] - [com.yangcs.content.mapper.CourseBaseMapper.selectById] Has been loaded by XML or SqlProvider or Mybatis's Annotation, so ignoring this injection for [class com.baomidou.mybatisplus.core.injector.methods.SelectById]
2024-01-23 12:11:27,476 WARN [main][AbstractMethod.java:324] - [com.yangcs.content.mapper.CourseBaseMapper.selectById] Has been loaded by XML or SqlProvider or Mybatis's Annotation, so ignoring this injection for [class com.baomidou.mybatisplus.core.injector.methods.SelectById]
2024-01-23 12:11:27,863 INFO [main][PropertySourcedRequestMappingHandlerMapping.java:69] - Mapped URL path [/v2/api-docs] onto method [springfox.documentation.swagger2.web.Swagger2Controller#getDocumentation(String, HttpServletRequest)]
2024-01-23 12:11:27,863 INFO [main][PropertySourcedRequestMappingHandlerMapping.java:69] - Mapped URL path [/v2/api-docs] onto method [springfox.documentation.swagger2.web.Swagger2Controller#getDocumentation(String, HttpServletRequest)]
2024-01-23 12:11:27,954 INFO [main][ExecutorConfigurationSupport.java:181] - Initializing ExecutorService 'applicationTaskExecutor'
2024-01-23 12:11:27,954 INFO [main][ExecutorConfigurationSupport.java:181] - Initializing ExecutorService 'applicationTaskExecutor'
2024-01-23 12:11:28,235 INFO [main][DirectJDKLog.java:173] - Starting ProtocolHandler ["http-nio-63040"]
2024-01-23 12:11:28,235 INFO [main][DirectJDKLog.java:173] - Starting ProtocolHandler ["http-nio-63040"]
2024-01-23 12:11:28,254 INFO [main][TomcatWebServer.java:220] - Tomcat started on port(s): 63040 (http) with context path '/content'
2024-01-23 12:11:28,254 INFO [main][TomcatWebServer.java:220] - Tomcat started on port(s): 63040 (http) with context path '/content'
2024-01-23 12:11:28,255 INFO [main][DocumentationPluginsBootstrapper.java:160] - Context refreshed
2024-01-23 12:11:28,255 INFO [main][DocumentationPluginsBootstrapper.java:160] - Context refreshed
2024-01-23 12:11:28,271 INFO [main][DocumentationPluginsBootstrapper.java:163] - Found 1 custom documentation plugin(s)
2024-01-23 12:11:28,271 INFO [main][DocumentationPluginsBootstrapper.java:163] - Found 1 custom documentation plugin(s)
2024-01-23 12:11:28,304 INFO [main][ApiListingReferenceScanner.java:41] - Scanning for api listing references
2024-01-23 12:11:28,304 INFO [main][ApiListingReferenceScanner.java:41] - Scanning for api listing references
2024-01-23 12:11:28,478 INFO [main][StartupInfoLogger.java:61] - Started ContentApplication in 3.461 seconds (JVM running for 4.394)
2024-01-23 12:11:28,478 INFO [main][StartupInfoLogger.java:61] - Started ContentApplication in 3.461 seconds (JVM running for 4.394)
2024-01-23 12:15:07,180 INFO [http-nio-63040-exec-1][DirectJDKLog.java:173] - Initializing Spring DispatcherServlet 'dispatcherServlet'
2024-01-23 12:15:07,180 INFO [http-nio-63040-exec-1][DirectJDKLog.java:173] - Initializing Spring DispatcherServlet 'dispatcherServlet'
2024-01-23 12:15:07,180 INFO [http-nio-63040-exec-1][FrameworkServlet.java:525] - Initializing Servlet 'dispatcherServlet'
2024-01-23 12:15:07,180 INFO [http-nio-63040-exec-1][FrameworkServlet.java:525] - Initializing Servlet 'dispatcherServlet'
2024-01-23 12:15:07,185 INFO [http-nio-63040-exec-1][FrameworkServlet.java:547] - Completed initialization in 5 ms
2024-01-23 12:15:07,185 INFO [http-nio-63040-exec-1][FrameworkServlet.java:547] - Completed initialization in 5 ms
2024-01-23 12:15:15,273 INFO [http-nio-63040-exec-2][HikariDataSource.java:110] - HikariPool-1 - Starting...
2024-01-23 12:15:15,273 INFO [http-nio-63040-exec-2][HikariDataSource.java:110] - HikariPool-1 - Starting...
2024-01-23 12:15:15,384 INFO [http-nio-63040-exec-2][HikariDataSource.java:123] - HikariPool-1 - Start completed.
2024-01-23 12:15:15,384 INFO [http-nio-63040-exec-2][HikariDataSource.java:123] - HikariPool-1 - Start completed.
2024-01-23 12:17:25,029 INFO [SpringContextShutdownHook][ExecutorConfigurationSupport.java:218] - Shutting down ExecutorService 'applicationTaskExecutor'
2024-01-23 12:17:25,029 INFO [SpringContextShutdownHook][ExecutorConfigurationSupport.java:218] - Shutting down ExecutorService 'applicationTaskExecutor'
2024-01-23 12:17:25,033 INFO [SpringContextShutdownHook][HikariDataSource.java:350] - HikariPool-1 - Shutdown initiated...
2024-01-23 12:17:25,033 INFO [SpringContextShutdownHook][HikariDataSource.java:350] - HikariPool-1 - Shutdown initiated...
2024-01-23 12:17:25,044 INFO [SpringContextShutdownHook][HikariDataSource.java:352] - HikariPool-1 - Shutdown completed.
2024-01-23 12:17:25,044 INFO [SpringContextShutdownHook][HikariDataSource.java:352] - HikariPool-1 - Shutdown completed.
2024-01-23 12:17:32,626 INFO [background-preinit][Version.java:21] - HV000001: Hibernate Validator 6.1.6.Final
2024-01-23 12:17:32,626 INFO [background-preinit][Version.java:21] - HV000001: Hibernate Validator 6.1.6.Final
2024-01-23 12:17:34,211 INFO [main][SpringApplication.java:651] - No active profile set, falling back to default profiles: default
2024-01-23 12:17:34,211 INFO [main][SpringApplication.java:651] - No active profile set, falling back to default profiles: default
2024-01-23 12:17:34,977 INFO [main][GenericScope.java:295] - BeanFactory id=b114d42d-f358-3b5a-8d12-6296a8015439
2024-01-23 12:17:34,977 INFO [main][GenericScope.java:295] - BeanFactory id=b114d42d-f358-3b5a-8d12-6296a8015439
2024-01-23 12:17:35,220 INFO [main][TomcatWebServer.java:108] - Tomcat initialized with port(s): 63040 (http)
2024-01-23 12:17:35,220 INFO [main][TomcatWebServer.java:108] - Tomcat initialized with port(s): 63040 (http)
2024-01-23 12:17:35,228 INFO [main][DirectJDKLog.java:173] - Initializing ProtocolHandler ["http-nio-63040"]
2024-01-23 12:17:35,228 INFO [main][DirectJDKLog.java:173] - Initializing ProtocolHandler ["http-nio-63040"]
2024-01-23 12:17:35,228 INFO [main][DirectJDKLog.java:173] - Starting service [Tomcat]
2024-01-23 12:17:35,228 INFO [main][DirectJDKLog.java:173] - Starting service [Tomcat]
2024-01-23 12:17:35,228 INFO [main][DirectJDKLog.java:173] - Starting Servlet engine: [Apache Tomcat/9.0.41]
2024-01-23 12:17:35,228 INFO [main][DirectJDKLog.java:173] - Starting Servlet engine: [Apache Tomcat/9.0.41]
2024-01-23 12:17:35,230 INFO [main][DirectJDKLog.java:173] - Loaded Apache Tomcat Native library [2.0.6] using APR version [1.7.4].
2024-01-23 12:17:35,230 INFO [main][DirectJDKLog.java:173] - Loaded Apache Tomcat Native library [2.0.6] using APR version [1.7.4].
2024-01-23 12:17:35,230 INFO [main][DirectJDKLog.java:173] - APR capabilities: IPv6 [true], sendfile [true], accept filters [false], random [true].
2024-01-23 12:17:35,230 INFO [main][DirectJDKLog.java:173] - APR capabilities: IPv6 [true], sendfile [true], accept filters [false], random [true].
2024-01-23 12:17:35,230 INFO [main][DirectJDKLog.java:173] - APR/OpenSSL configuration: useAprConnector [false], useOpenSSL [true]
2024-01-23 12:17:35,230 INFO [main][DirectJDKLog.java:173] - APR/OpenSSL configuration: useAprConnector [false], useOpenSSL [true]
2024-01-23 12:17:35,234 INFO [main][DirectJDKLog.java:173] - OpenSSL successfully initialized [OpenSSL 3.0.11 19 Sep 2023]
2024-01-23 12:17:35,234 INFO [main][DirectJDKLog.java:173] - OpenSSL successfully initialized [OpenSSL 3.0.11 19 Sep 2023]
2024-01-23 12:17:35,328 INFO [main][DirectJDKLog.java:173] - Initializing Spring embedded WebApplicationContext
2024-01-23 12:17:35,328 INFO [main][DirectJDKLog.java:173] - Initializing Spring embedded WebApplicationContext
2024-01-23 12:17:35,329 INFO [main][ServletWebServerApplicationContext.java:285] - Root WebApplicationContext: initialization completed in 1106 ms
2024-01-23 12:17:35,329 INFO [main][ServletWebServerApplicationContext.java:285] - Root WebApplicationContext: initialization completed in 1106 ms
2024-01-23 12:17:35,950 WARN [main][AbstractMethod.java:324] - [com.yangcs.content.mapper.CourseBaseMapper.selectById] Has been loaded by XML or SqlProvider or Mybatis's Annotation, so ignoring this injection for [class com.baomidou.mybatisplus.core.injector.methods.SelectById]
2024-01-23 12:17:35,950 WARN [main][AbstractMethod.java:324] - [com.yangcs.content.mapper.CourseBaseMapper.selectById] Has been loaded by XML or SqlProvider or Mybatis's Annotation, so ignoring this injection for [class com.baomidou.mybatisplus.core.injector.methods.SelectById]
2024-01-23 12:17:36,326 INFO [main][PropertySourcedRequestMappingHandlerMapping.java:69] - Mapped URL path [/v2/api-docs] onto method [springfox.documentation.swagger2.web.Swagger2Controller#getDocumentation(String, HttpServletRequest)]
2024-01-23 12:17:36,326 INFO [main][PropertySourcedRequestMappingHandlerMapping.java:69] - Mapped URL path [/v2/api-docs] onto method [springfox.documentation.swagger2.web.Swagger2Controller#getDocumentation(String, HttpServletRequest)]
2024-01-23 12:17:36,357 WARN [main][URLConfigurationSource.java:121] - No URLs will be polled as dynamic configuration sources.
2024-01-23 12:17:36,357 WARN [main][URLConfigurationSource.java:121] - No URLs will be polled as dynamic configuration sources.
2024-01-23 12:17:36,357 INFO [main][URLConfigurationSource.java:122] - To enable URLs as dynamic configuration sources, define System property archaius.configurationSource.additionalUrls or make config.properties available on classpath.
2024-01-23 12:17:36,357 INFO [main][URLConfigurationSource.java:122] - To enable URLs as dynamic configuration sources, define System property archaius.configurationSource.additionalUrls or make config.properties available on classpath.
2024-01-23 12:17:36,371 WARN [main][URLConfigurationSource.java:121] - No URLs will be polled as dynamic configuration sources.
2024-01-23 12:17:36,371 WARN [main][URLConfigurationSource.java:121] - No URLs will be polled as dynamic configuration sources.
2024-01-23 12:17:36,371 INFO [main][URLConfigurationSource.java:122] - To enable URLs as dynamic configuration sources, define System property archaius.configurationSource.additionalUrls or make config.properties available on classpath.
2024-01-23 12:17:36,371 INFO [main][URLConfigurationSource.java:122] - To enable URLs as dynamic configuration sources, define System property archaius.configurationSource.additionalUrls or make config.properties available on classpath.
2024-01-23 12:17:36,449 INFO [main][ExecutorConfigurationSupport.java:181] - Initializing ExecutorService 'applicationTaskExecutor'
2024-01-23 12:17:36,449 INFO [main][ExecutorConfigurationSupport.java:181] - Initializing ExecutorService 'applicationTaskExecutor'
2024-01-23 12:17:37,773 INFO [main][InetUtils.java:170] - Cannot determine local hostname
2024-01-23 12:17:37,773 INFO [main][InetUtils.java:170] - Cannot determine local hostname
2024-01-23 12:17:37,782 INFO [main][ExecutorConfigurationSupport.java:181] - Initializing ExecutorService 'Nacos-Watch-Task-Scheduler'
2024-01-23 12:17:37,782 INFO [main][ExecutorConfigurationSupport.java:181] - Initializing ExecutorService 'Nacos-Watch-Task-Scheduler'
2024-01-23 12:17:39,134 INFO [main][InetUtils.java:170] - Cannot determine local hostname
2024-01-23 12:17:39,134 INFO [main][InetUtils.java:170] - Cannot determine local hostname
2024-01-23 12:17:39,449 INFO [main][DirectJDKLog.java:173] - Starting ProtocolHandler ["http-nio-63040"]
2024-01-23 12:17:39,449 INFO [main][DirectJDKLog.java:173] - Starting ProtocolHandler ["http-nio-63040"]
2024-01-23 12:17:39,472 INFO [main][TomcatWebServer.java:220] - Tomcat started on port(s): 63040 (http) with context path '/content'
2024-01-23 12:17:39,472 INFO [main][TomcatWebServer.java:220] - Tomcat started on port(s): 63040 (http) with context path '/content'
2024-01-23 12:17:39,839 INFO [main][NacosServiceRegistry.java:75] - nacos registry, xuecheng-plus-project content-api 192.168.23.1:63040 register finished
2024-01-23 12:17:39,839 INFO [main][NacosServiceRegistry.java:75] - nacos registry, xuecheng-plus-project content-api 192.168.23.1:63040 register finished
2024-01-23 12:17:41,066 INFO [main][InetUtils.java:170] - Cannot determine local hostname
2024-01-23 12:17:41,066 INFO [main][InetUtils.java:170] - Cannot determine local hostname
2024-01-23 12:17:41,067 INFO [main][DocumentationPluginsBootstrapper.java:160] - Context refreshed
2024-01-23 12:17:41,067 INFO [main][DocumentationPluginsBootstrapper.java:160] - Context refreshed
2024-01-23 12:17:41,090 INFO [main][DocumentationPluginsBootstrapper.java:163] - Found 1 custom documentation plugin(s)
2024-01-23 12:17:41,090 INFO [main][DocumentationPluginsBootstrapper.java:163] - Found 1 custom documentation plugin(s)
2024-01-23 12:17:41,123 INFO [main][ApiListingReferenceScanner.java:41] - Scanning for api listing references
2024-01-23 12:17:41,123 INFO [main][ApiListingReferenceScanner.java:41] - Scanning for api listing references
2024-01-23 12:17:41,272 INFO [main][StartupInfoLogger.java:61] - Started ContentApplication in 10.309 seconds (JVM running for 11.19)
2024-01-23 12:17:41,272 INFO [main][StartupInfoLogger.java:61] - Started ContentApplication in 10.309 seconds (JVM running for 11.19)
