2024-01-09 10:03:40,560 INFO [SpringContextShutdownHook][ExecutorConfigurationSupport.java:218] - Shutting down ExecutorService 'applicationTaskExecutor'
2024-01-09 10:03:40,560 INFO [SpringContextShutdownHook][ExecutorConfigurationSupport.java:218] - Shutting down ExecutorService 'applicationTaskExecutor'
2024-01-09 10:03:40,578 INFO [SpringContextShutdownHook][HikariDataSource.java:350] - HikariPool-1 - Shutdown initiated...
2024-01-09 10:03:40,578 INFO [SpringContextShutdownHook][HikariDataSource.java:350] - HikariPool-1 - Shutdown initiated...
2024-01-09 10:03:40,588 INFO [SpringContextShutdownHook][HikariDataSource.java:352] - HikariPool-1 - Shutdown completed.
2024-01-09 10:03:40,588 INFO [SpringContextShutdownHook][HikariDataSource.java:352] - HikariPool-1 - Shutdown completed.
2024-01-09 10:03:54,075 INFO [background-preinit][Version.java:21] - HV000001: Hibernate Validator 6.1.6.Final
2024-01-09 10:03:54,075 INFO [background-preinit][Version.java:21] - HV000001: Hibernate Validator 6.1.6.Final
2024-01-09 10:03:54,437 INFO [main][SpringApplication.java:651] - No active profile set, falling back to default profiles: default
2024-01-09 10:03:54,437 INFO [main][SpringApplication.java:651] - No active profile set, falling back to default profiles: default
2024-01-09 10:03:55,095 INFO [main][GenericScope.java:295] - BeanFactory id=a923cb96-a0ef-3637-b699-3bd759651243
2024-01-09 10:03:55,095 INFO [main][GenericScope.java:295] - BeanFactory id=a923cb96-a0ef-3637-b699-3bd759651243
2024-01-09 10:03:55,405 INFO [main][TomcatWebServer.java:108] - Tomcat initialized with port(s): 63040 (http)
2024-01-09 10:03:55,405 INFO [main][TomcatWebServer.java:108] - Tomcat initialized with port(s): 63040 (http)
2024-01-09 10:03:55,422 INFO [main][DirectJDKLog.java:173] - Initializing ProtocolHandler ["http-nio-63040"]
2024-01-09 10:03:55,422 INFO [main][DirectJDKLog.java:173] - Initializing ProtocolHandler ["http-nio-63040"]
2024-01-09 10:03:55,423 INFO [main][DirectJDKLog.java:173] - Starting service [Tomcat]
2024-01-09 10:03:55,423 INFO [main][DirectJDKLog.java:173] - Starting service [Tomcat]
2024-01-09 10:03:55,423 INFO [main][DirectJDKLog.java:173] - Starting Servlet engine: [Apache Tomcat/9.0.41]
2024-01-09 10:03:55,423 INFO [main][DirectJDKLog.java:173] - Starting Servlet engine: [Apache Tomcat/9.0.41]
2024-01-09 10:03:55,425 INFO [main][DirectJDKLog.java:173] - Loaded Apache Tomcat Native library [2.0.6] using APR version [1.7.4].
2024-01-09 10:03:55,425 INFO [main][DirectJDKLog.java:173] - Loaded Apache Tomcat Native library [2.0.6] using APR version [1.7.4].
2024-01-09 10:03:55,425 INFO [main][DirectJDKLog.java:173] - APR capabilities: IPv6 [true], sendfile [true], accept filters [false], random [true].
2024-01-09 10:03:55,425 INFO [main][DirectJDKLog.java:173] - APR capabilities: IPv6 [true], sendfile [true], accept filters [false], random [true].
2024-01-09 10:03:55,425 INFO [main][DirectJDKLog.java:173] - APR/OpenSSL configuration: useAprConnector [false], useOpenSSL [true]
2024-01-09 10:03:55,425 INFO [main][DirectJDKLog.java:173] - APR/OpenSSL configuration: useAprConnector [false], useOpenSSL [true]
2024-01-09 10:03:55,430 INFO [main][DirectJDKLog.java:173] - OpenSSL successfully initialized [OpenSSL 3.0.11 19 Sep 2023]
2024-01-09 10:03:55,430 INFO [main][DirectJDKLog.java:173] - OpenSSL successfully initialized [OpenSSL 3.0.11 19 Sep 2023]
2024-01-09 10:03:55,515 INFO [main][DirectJDKLog.java:173] - Initializing Spring embedded WebApplicationContext
2024-01-09 10:03:55,515 INFO [main][DirectJDKLog.java:173] - Initializing Spring embedded WebApplicationContext
2024-01-09 10:03:55,516 INFO [main][ServletWebServerApplicationContext.java:285] - Root WebApplicationContext: initialization completed in 1066 ms
2024-01-09 10:03:55,516 INFO [main][ServletWebServerApplicationContext.java:285] - Root WebApplicationContext: initialization completed in 1066 ms
2024-01-09 10:03:56,537 INFO [main][PropertySourcedRequestMappingHandlerMapping.java:69] - Mapped URL path [/v2/api-docs] onto method [springfox.documentation.swagger2.web.Swagger2Controller#getDocumentation(String, HttpServletRequest)]
2024-01-09 10:03:56,537 INFO [main][PropertySourcedRequestMappingHandlerMapping.java:69] - Mapped URL path [/v2/api-docs] onto method [springfox.documentation.swagger2.web.Swagger2Controller#getDocumentation(String, HttpServletRequest)]
2024-01-09 10:03:56,623 INFO [main][ExecutorConfigurationSupport.java:181] - Initializing ExecutorService 'applicationTaskExecutor'
2024-01-09 10:03:56,623 INFO [main][ExecutorConfigurationSupport.java:181] - Initializing ExecutorService 'applicationTaskExecutor'
2024-01-09 10:03:56,897 INFO [main][DirectJDKLog.java:173] - Starting ProtocolHandler ["http-nio-63040"]
2024-01-09 10:03:56,897 INFO [main][DirectJDKLog.java:173] - Starting ProtocolHandler ["http-nio-63040"]
2024-01-09 10:03:56,913 INFO [main][TomcatWebServer.java:220] - Tomcat started on port(s): 63040 (http) with context path '/content'
2024-01-09 10:03:56,913 INFO [main][TomcatWebServer.java:220] - Tomcat started on port(s): 63040 (http) with context path '/content'
2024-01-09 10:03:56,915 INFO [main][DocumentationPluginsBootstrapper.java:160] - Context refreshed
2024-01-09 10:03:56,915 INFO [main][DocumentationPluginsBootstrapper.java:160] - Context refreshed
2024-01-09 10:03:56,927 INFO [main][DocumentationPluginsBootstrapper.java:163] - Found 1 custom documentation plugin(s)
2024-01-09 10:03:56,927 INFO [main][DocumentationPluginsBootstrapper.java:163] - Found 1 custom documentation plugin(s)
2024-01-09 10:03:56,954 INFO [main][ApiListingReferenceScanner.java:41] - Scanning for api listing references
2024-01-09 10:03:56,954 INFO [main][ApiListingReferenceScanner.java:41] - Scanning for api listing references
2024-01-09 10:03:57,102 INFO [main][StartupInfoLogger.java:61] - Started ContentApplication in 3.4 seconds (JVM running for 4.329)
2024-01-09 10:03:57,102 INFO [main][StartupInfoLogger.java:61] - Started ContentApplication in 3.4 seconds (JVM running for 4.329)
2024-01-09 10:09:38,953 INFO [http-nio-63040-exec-1][DirectJDKLog.java:173] - Initializing Spring DispatcherServlet 'dispatcherServlet'
2024-01-09 10:09:38,953 INFO [http-nio-63040-exec-1][DirectJDKLog.java:173] - Initializing Spring DispatcherServlet 'dispatcherServlet'
2024-01-09 10:09:38,953 INFO [http-nio-63040-exec-1][FrameworkServlet.java:525] - Initializing Servlet 'dispatcherServlet'
2024-01-09 10:09:38,953 INFO [http-nio-63040-exec-1][FrameworkServlet.java:525] - Initializing Servlet 'dispatcherServlet'
2024-01-09 10:09:38,959 INFO [http-nio-63040-exec-1][FrameworkServlet.java:547] - Completed initialization in 6 ms
2024-01-09 10:09:38,959 INFO [http-nio-63040-exec-1][FrameworkServlet.java:547] - Completed initialization in 6 ms
2024-01-09 10:11:17,407 INFO [SpringContextShutdownHook][ExecutorConfigurationSupport.java:218] - Shutting down ExecutorService 'applicationTaskExecutor'
2024-01-09 10:11:17,407 INFO [SpringContextShutdownHook][ExecutorConfigurationSupport.java:218] - Shutting down ExecutorService 'applicationTaskExecutor'
2024-01-09 10:11:23,321 INFO [background-preinit][Version.java:21] - HV000001: Hibernate Validator 6.1.6.Final
2024-01-09 10:11:23,321 INFO [background-preinit][Version.java:21] - HV000001: Hibernate Validator 6.1.6.Final
2024-01-09 10:11:23,686 INFO [main][SpringApplication.java:651] - No active profile set, falling back to default profiles: default
2024-01-09 10:11:23,686 INFO [main][SpringApplication.java:651] - No active profile set, falling back to default profiles: default
2024-01-09 10:11:24,318 INFO [main][GenericScope.java:295] - BeanFactory id=a923cb96-a0ef-3637-b699-3bd759651243
2024-01-09 10:11:24,318 INFO [main][GenericScope.java:295] - BeanFactory id=a923cb96-a0ef-3637-b699-3bd759651243
2024-01-09 10:11:24,535 INFO [main][TomcatWebServer.java:108] - Tomcat initialized with port(s): 63040 (http)
2024-01-09 10:11:24,535 INFO [main][TomcatWebServer.java:108] - Tomcat initialized with port(s): 63040 (http)
2024-01-09 10:11:24,543 INFO [main][DirectJDKLog.java:173] - Initializing ProtocolHandler ["http-nio-63040"]
2024-01-09 10:11:24,543 INFO [main][DirectJDKLog.java:173] - Initializing ProtocolHandler ["http-nio-63040"]
2024-01-09 10:11:24,544 INFO [main][DirectJDKLog.java:173] - Starting service [Tomcat]
2024-01-09 10:11:24,544 INFO [main][DirectJDKLog.java:173] - Starting service [Tomcat]
2024-01-09 10:11:24,544 INFO [main][DirectJDKLog.java:173] - Starting Servlet engine: [Apache Tomcat/9.0.41]
2024-01-09 10:11:24,544 INFO [main][DirectJDKLog.java:173] - Starting Servlet engine: [Apache Tomcat/9.0.41]
2024-01-09 10:11:24,545 INFO [main][DirectJDKLog.java:173] - Loaded Apache Tomcat Native library [2.0.6] using APR version [1.7.4].
2024-01-09 10:11:24,545 INFO [main][DirectJDKLog.java:173] - Loaded Apache Tomcat Native library [2.0.6] using APR version [1.7.4].
2024-01-09 10:11:24,546 INFO [main][DirectJDKLog.java:173] - APR capabilities: IPv6 [true], sendfile [true], accept filters [false], random [true].
2024-01-09 10:11:24,546 INFO [main][DirectJDKLog.java:173] - APR capabilities: IPv6 [true], sendfile [true], accept filters [false], random [true].
2024-01-09 10:11:24,546 INFO [main][DirectJDKLog.java:173] - APR/OpenSSL configuration: useAprConnector [false], useOpenSSL [true]
2024-01-09 10:11:24,546 INFO [main][DirectJDKLog.java:173] - APR/OpenSSL configuration: useAprConnector [false], useOpenSSL [true]
2024-01-09 10:11:24,550 INFO [main][DirectJDKLog.java:173] - OpenSSL successfully initialized [OpenSSL 3.0.11 19 Sep 2023]
2024-01-09 10:11:24,550 INFO [main][DirectJDKLog.java:173] - OpenSSL successfully initialized [OpenSSL 3.0.11 19 Sep 2023]
2024-01-09 10:11:24,642 INFO [main][DirectJDKLog.java:173] - Initializing Spring embedded WebApplicationContext
2024-01-09 10:11:24,642 INFO [main][DirectJDKLog.java:173] - Initializing Spring embedded WebApplicationContext
2024-01-09 10:11:24,642 INFO [main][ServletWebServerApplicationContext.java:285] - Root WebApplicationContext: initialization completed in 945 ms
2024-01-09 10:11:24,642 INFO [main][ServletWebServerApplicationContext.java:285] - Root WebApplicationContext: initialization completed in 945 ms
2024-01-09 10:11:25,570 INFO [main][PropertySourcedRequestMappingHandlerMapping.java:69] - Mapped URL path [/v2/api-docs] onto method [springfox.documentation.swagger2.web.Swagger2Controller#getDocumentation(String, HttpServletRequest)]
2024-01-09 10:11:25,570 INFO [main][PropertySourcedRequestMappingHandlerMapping.java:69] - Mapped URL path [/v2/api-docs] onto method [springfox.documentation.swagger2.web.Swagger2Controller#getDocumentation(String, HttpServletRequest)]
2024-01-09 10:11:25,650 INFO [main][ExecutorConfigurationSupport.java:181] - Initializing ExecutorService 'applicationTaskExecutor'
2024-01-09 10:11:25,650 INFO [main][ExecutorConfigurationSupport.java:181] - Initializing ExecutorService 'applicationTaskExecutor'
2024-01-09 10:11:25,945 INFO [main][DirectJDKLog.java:173] - Starting ProtocolHandler ["http-nio-63040"]
2024-01-09 10:11:25,945 INFO [main][DirectJDKLog.java:173] - Starting ProtocolHandler ["http-nio-63040"]
2024-01-09 10:11:25,962 INFO [main][TomcatWebServer.java:220] - Tomcat started on port(s): 63040 (http) with context path '/content'
2024-01-09 10:11:25,962 INFO [main][TomcatWebServer.java:220] - Tomcat started on port(s): 63040 (http) with context path '/content'
2024-01-09 10:11:25,963 INFO [main][DocumentationPluginsBootstrapper.java:160] - Context refreshed
2024-01-09 10:11:25,963 INFO [main][DocumentationPluginsBootstrapper.java:160] - Context refreshed
2024-01-09 10:11:25,973 INFO [main][DocumentationPluginsBootstrapper.java:163] - Found 1 custom documentation plugin(s)
2024-01-09 10:11:25,973 INFO [main][DocumentationPluginsBootstrapper.java:163] - Found 1 custom documentation plugin(s)
2024-01-09 10:11:26,001 INFO [main][ApiListingReferenceScanner.java:41] - Scanning for api listing references
2024-01-09 10:11:26,001 INFO [main][ApiListingReferenceScanner.java:41] - Scanning for api listing references
2024-01-09 10:11:26,149 INFO [main][StartupInfoLogger.java:61] - Started ContentApplication in 3.172 seconds (JVM running for 3.977)
2024-01-09 10:11:26,149 INFO [main][StartupInfoLogger.java:61] - Started ContentApplication in 3.172 seconds (JVM running for 3.977)
2024-01-09 10:11:28,555 INFO [http-nio-63040-exec-1][DirectJDKLog.java:173] - Initializing Spring DispatcherServlet 'dispatcherServlet'
2024-01-09 10:11:28,555 INFO [http-nio-63040-exec-1][DirectJDKLog.java:173] - Initializing Spring DispatcherServlet 'dispatcherServlet'
2024-01-09 10:11:28,555 INFO [http-nio-63040-exec-1][FrameworkServlet.java:525] - Initializing Servlet 'dispatcherServlet'
2024-01-09 10:11:28,555 INFO [http-nio-63040-exec-1][FrameworkServlet.java:525] - Initializing Servlet 'dispatcherServlet'
2024-01-09 10:11:28,561 INFO [http-nio-63040-exec-1][FrameworkServlet.java:547] - Completed initialization in 6 ms
2024-01-09 10:11:28,561 INFO [http-nio-63040-exec-1][FrameworkServlet.java:547] - Completed initialization in 6 ms
2024-01-09 10:11:28,620 INFO [http-nio-63040-exec-1][HikariDataSource.java:110] - HikariPool-1 - Starting...
2024-01-09 10:11:28,620 INFO [http-nio-63040-exec-1][HikariDataSource.java:110] - HikariPool-1 - Starting...
2024-01-09 10:11:28,732 INFO [http-nio-63040-exec-1][HikariDataSource.java:123] - HikariPool-1 - Start completed.
2024-01-09 10:11:28,732 INFO [http-nio-63040-exec-1][HikariDataSource.java:123] - HikariPool-1 - Start completed.
