2024-02-04 12:09:48,852 INFO [com.alibaba.nacos.client.Worker.longPolling.fixed-localhost_8848-dev][ClientWorker.java:537] - get changedGroupKeys:[media-service-dev.yaml+xuecheng-plus-project+dev]
2024-02-04 12:09:48,852 INFO [com.alibaba.nacos.client.Worker.longPolling.fixed-localhost_8848-dev][ClientWorker.java:537] - get changedGroupKeys:[media-service-dev.yaml+xuecheng-plus-project+dev]
2024-02-04 12:09:48,821 INFO [com.alibaba.nacos.client.Worker.longPolling.fixed-localhost_8848-dev][ClientWorker.java:430] - [fixed-localhost_8848-dev] [polling-resp] config changed. dataId=logging-dev.yaml, group=xuecheng-plus-common, tenant=dev
2024-02-04 12:09:48,821 INFO [com.alibaba.nacos.client.Worker.longPolling.fixed-localhost_8848-dev][ClientWorker.java:430] - [fixed-localhost_8848-dev] [polling-resp] config changed. dataId=logging-dev.yaml, group=xuecheng-plus-common, tenant=dev
2024-02-04 12:09:48,822 INFO [com.alibaba.nacos.client.Worker.longPolling.fixed-localhost_8848-dev][ClientWorker.java:430] - [fixed-localhost_8848-dev] [polling-resp] config changed. dataId=logging-dev.yaml, group=xuecheng-plus-common, tenant=dev
2024-02-04 12:09:48,822 INFO [com.alibaba.nacos.client.Worker.longPolling.fixed-localhost_8848-dev][ClientWorker.java:430] - [fixed-localhost_8848-dev] [polling-resp] config changed. dataId=logging-dev.yaml, group=xuecheng-plus-common, tenant=dev
2024-02-04 12:09:48,854 INFO [com.alibaba.nacos.client.Worker.longPolling.fixed-localhost_8848-dev][ClientWorker.java:537] - get changedGroupKeys:[logging-dev.yaml+xuecheng-plus-common+dev]
2024-02-04 12:09:48,854 INFO [com.alibaba.nacos.client.Worker.longPolling.fixed-localhost_8848-dev][ClientWorker.java:537] - get changedGroupKeys:[logging-dev.yaml+xuecheng-plus-common+dev]
2024-02-04 12:09:48,855 INFO [com.alibaba.nacos.client.Worker.longPolling.fixed-localhost_8848-dev][ClientWorker.java:537] - get changedGroupKeys:[logging-dev.yaml+xuecheng-plus-common+dev]
2024-02-04 12:09:48,855 INFO [com.alibaba.nacos.client.Worker.longPolling.fixed-localhost_8848-dev][ClientWorker.java:537] - get changedGroupKeys:[logging-dev.yaml+xuecheng-plus-common+dev]
2024-02-04 12:09:48,861 INFO [com.alibaba.nacos.client.Worker.longPolling.fixed-localhost_8848-dev][ClientWorker.java:556] - [fixed-localhost_8848-dev] [data-received] dataId=media-service-dev.yaml, group=xuecheng-plus-project, tenant=dev, md5=55fc790d79b9b5ef4baa5b4b9705570c, content=spring:
  datasource:
    driver-class-name: com.mysql.cj.jdbc.Driver
    url: jdbc:mysql://172.18.2..., type=yaml
2024-02-04 12:09:48,861 INFO [com.alibaba.nacos.client.Worker.longPolling.fixed-localhost_8848-dev][ClientWorker.java:556] - [fixed-localhost_8848-dev] [data-received] dataId=media-service-dev.yaml, group=xuecheng-plus-project, tenant=dev, md5=55fc790d79b9b5ef4baa5b4b9705570c, content=spring:
  datasource:
    driver-class-name: com.mysql.cj.jdbc.Driver
    url: jdbc:mysql://172.18.2..., type=yaml
2024-02-04 12:09:48,864 INFO [com.alibaba.nacos.client.Worker.longPolling.fixed-localhost_8848-dev][CacheData.java:198] - [fixed-localhost_8848-dev] [notify-context] dataId=media-service-dev.yaml, group=xuecheng-plus-project, md5=55fc790d79b9b5ef4baa5b4b9705570c
2024-02-04 12:09:48,864 INFO [com.alibaba.nacos.client.Worker.longPolling.fixed-localhost_8848-dev][CacheData.java:198] - [fixed-localhost_8848-dev] [notify-context] dataId=media-service-dev.yaml, group=xuecheng-plus-project, md5=55fc790d79b9b5ef4baa5b4b9705570c
2024-02-04 12:09:48,864 INFO [com.alibaba.nacos.client.Worker.longPolling.fixed-localhost_8848-dev][ClientWorker.java:556] - [fixed-localhost_8848-dev] [data-received] dataId=logging-dev.yaml, group=xuecheng-plus-common, tenant=dev, md5=cf8b1af28beb25b242f97519c8f2c560, content=# 日志文件配置路径
logging:
  config: classpath:log4j2-dev.xml
  level:
    org.springframework.cloud.gatewa..., type=yaml
2024-02-04 12:09:48,864 INFO [com.alibaba.nacos.client.Worker.longPolling.fixed-localhost_8848-dev][ClientWorker.java:556] - [fixed-localhost_8848-dev] [data-received] dataId=logging-dev.yaml, group=xuecheng-plus-common, tenant=dev, md5=cf8b1af28beb25b242f97519c8f2c560, content=# 日志文件配置路径
logging:
  config: classpath:log4j2-dev.xml
  level:
    org.springframework.cloud.gatewa..., type=yaml
2024-02-04 12:09:48,867 INFO [com.alibaba.nacos.client.Worker.longPolling.fixed-localhost_8848-dev][CacheData.java:198] - [fixed-localhost_8848-dev] [notify-context] dataId=logging-dev.yaml, group=xuecheng-plus-common, md5=cf8b1af28beb25b242f97519c8f2c560
2024-02-04 12:09:48,866 INFO [com.alibaba.nacos.client.Worker.longPolling.fixed-localhost_8848-dev][ClientWorker.java:556] - [fixed-localhost_8848-dev] [data-received] dataId=logging-dev.yaml, group=xuecheng-plus-common, tenant=dev, md5=cf8b1af28beb25b242f97519c8f2c560, content=# 日志文件配置路径
logging:
  config: classpath:log4j2-dev.xml
  level:
    org.springframework.cloud.gatewa..., type=yaml
2024-02-04 12:09:48,867 INFO [com.alibaba.nacos.client.Worker.longPolling.fixed-localhost_8848-dev][CacheData.java:198] - [fixed-localhost_8848-dev] [notify-context] dataId=logging-dev.yaml, group=xuecheng-plus-common, md5=cf8b1af28beb25b242f97519c8f2c560
2024-02-04 12:09:48,866 INFO [com.alibaba.nacos.client.Worker.longPolling.fixed-localhost_8848-dev][ClientWorker.java:556] - [fixed-localhost_8848-dev] [data-received] dataId=logging-dev.yaml, group=xuecheng-plus-common, tenant=dev, md5=cf8b1af28beb25b242f97519c8f2c560, content=# 日志文件配置路径
logging:
  config: classpath:log4j2-dev.xml
  level:
    org.springframework.cloud.gatewa..., type=yaml
2024-02-04 12:09:48,869 INFO [com.alibaba.nacos.client.Worker.longPolling.fixed-localhost_8848-dev][CacheData.java:198] - [fixed-localhost_8848-dev] [notify-context] dataId=logging-dev.yaml, group=xuecheng-plus-common, md5=cf8b1af28beb25b242f97519c8f2c560
2024-02-04 12:09:48,869 INFO [com.alibaba.nacos.client.Worker.longPolling.fixed-localhost_8848-dev][CacheData.java:198] - [fixed-localhost_8848-dev] [notify-context] dataId=logging-dev.yaml, group=xuecheng-plus-common, md5=cf8b1af28beb25b242f97519c8f2c560
2024-02-04 12:09:50,318 INFO [com.alibaba.nacos.client.Worker.longPolling.fixed-localhost_8848-dev][InetUtils.java:170] - Cannot determine local hostname
2024-02-04 12:09:50,318 INFO [com.alibaba.nacos.client.Worker.longPolling.fixed-localhost_8848-dev][InetUtils.java:170] - Cannot determine local hostname
2024-02-04 12:09:50,318 INFO [com.alibaba.nacos.client.Worker.longPolling.fixed-localhost_8848-dev][InetUtils.java:170] - Cannot determine local hostname
2024-02-04 12:09:50,318 INFO [com.alibaba.nacos.client.Worker.longPolling.fixed-localhost_8848-dev][InetUtils.java:170] - Cannot determine local hostname
2024-02-04 12:09:50,318 INFO [com.alibaba.nacos.client.Worker.longPolling.fixed-localhost_8848-dev][InetUtils.java:170] - Cannot determine local hostname
2024-02-04 12:09:50,318 INFO [com.alibaba.nacos.client.Worker.longPolling.fixed-localhost_8848-dev][InetUtils.java:170] - Cannot determine local hostname
2024-02-04 12:09:51,664 INFO [com.alibaba.nacos.client.Worker.longPolling.fixed-localhost_8848-dev][InetUtils.java:170] - Cannot determine local hostname
2024-02-04 12:09:51,664 INFO [com.alibaba.nacos.client.Worker.longPolling.fixed-localhost_8848-dev][InetUtils.java:170] - Cannot determine local hostname
2024-02-04 12:09:51,664 INFO [com.alibaba.nacos.client.Worker.longPolling.fixed-localhost_8848-dev][InetUtils.java:170] - Cannot determine local hostname
2024-02-04 12:09:51,664 INFO [com.alibaba.nacos.client.Worker.longPolling.fixed-localhost_8848-dev][InetUtils.java:170] - Cannot determine local hostname
2024-02-04 12:09:51,664 INFO [com.alibaba.nacos.client.Worker.longPolling.fixed-localhost_8848-dev][InetUtils.java:170] - Cannot determine local hostname
2024-02-04 12:09:51,664 INFO [com.alibaba.nacos.client.Worker.longPolling.fixed-localhost_8848-dev][InetUtils.java:170] - Cannot determine local hostname
2024-02-04 12:09:51,700 WARN [com.alibaba.nacos.client.Worker.longPolling.fixed-localhost_8848-dev][NacosPropertySourceBuilder.java:87] - Ignore the empty nacos configuration and get it based on dataId[gateway] & group[xuecheng-plus-project]
2024-02-04 12:09:51,700 WARN [com.alibaba.nacos.client.Worker.longPolling.fixed-localhost_8848-dev][NacosPropertySourceBuilder.java:87] - Ignore the empty nacos configuration and get it based on dataId[gateway] & group[xuecheng-plus-project]
2024-02-04 12:09:51,702 WARN [com.alibaba.nacos.client.Worker.longPolling.fixed-localhost_8848-dev][NacosPropertySourceBuilder.java:87] - Ignore the empty nacos configuration and get it based on dataId[gateway.yaml] & group[xuecheng-plus-project]
2024-02-04 12:09:51,702 WARN [com.alibaba.nacos.client.Worker.longPolling.fixed-localhost_8848-dev][NacosPropertySourceBuilder.java:87] - Ignore the empty nacos configuration and get it based on dataId[gateway.yaml] & group[xuecheng-plus-project]
2024-02-04 12:09:51,710 INFO [com.alibaba.nacos.client.Worker.longPolling.fixed-localhost_8848-dev][PropertySourceBootstrapConfiguration.java:112] - Located property source: [BootstrapPropertySource {name='bootstrapProperties-gateway-dev.yaml,xuecheng-plus-project'}, BootstrapPropertySource {name='bootstrapProperties-gateway.yaml,xuecheng-plus-project'}, BootstrapPropertySource {name='bootstrapProperties-gateway,xuecheng-plus-project'}, BootstrapPropertySource {name='bootstrapProperties-logging-dev.yaml,xuecheng-plus-common'}]
2024-02-04 12:09:51,710 INFO [com.alibaba.nacos.client.Worker.longPolling.fixed-localhost_8848-dev][PropertySourceBootstrapConfiguration.java:112] - Located property source: [BootstrapPropertySource {name='bootstrapProperties-gateway-dev.yaml,xuecheng-plus-project'}, BootstrapPropertySource {name='bootstrapProperties-gateway.yaml,xuecheng-plus-project'}, BootstrapPropertySource {name='bootstrapProperties-gateway,xuecheng-plus-project'}, BootstrapPropertySource {name='bootstrapProperties-logging-dev.yaml,xuecheng-plus-common'}]
2024-02-04 12:09:51,715 WARN [com.alibaba.nacos.client.Worker.longPolling.fixed-localhost_8848-dev][NacosPropertySourceBuilder.java:87] - Ignore the empty nacos configuration and get it based on dataId[content-api] & group[xuecheng-plus-project]
2024-02-04 12:09:51,715 WARN [com.alibaba.nacos.client.Worker.longPolling.fixed-localhost_8848-dev][NacosPropertySourceBuilder.java:87] - Ignore the empty nacos configuration and get it based on dataId[content-api] & group[xuecheng-plus-project]
2024-02-04 12:09:51,717 WARN [com.alibaba.nacos.client.Worker.longPolling.fixed-localhost_8848-dev][NacosPropertySourceBuilder.java:87] - Ignore the empty nacos configuration and get it based on dataId[content-api.yaml] & group[xuecheng-plus-project]
2024-02-04 12:09:51,717 WARN [com.alibaba.nacos.client.Worker.longPolling.fixed-localhost_8848-dev][NacosPropertySourceBuilder.java:87] - Ignore the empty nacos configuration and get it based on dataId[content-api.yaml] & group[xuecheng-plus-project]
2024-02-04 12:09:51,717 WARN [com.alibaba.nacos.client.Worker.longPolling.fixed-localhost_8848-dev][NacosPropertySourceBuilder.java:87] - Ignore the empty nacos configuration and get it based on dataId[media-api] & group[xuecheng-plus-project]
2024-02-04 12:09:51,717 WARN [com.alibaba.nacos.client.Worker.longPolling.fixed-localhost_8848-dev][NacosPropertySourceBuilder.java:87] - Ignore the empty nacos configuration and get it based on dataId[media-api] & group[xuecheng-plus-project]
2024-02-04 12:09:51,721 WARN [com.alibaba.nacos.client.Worker.longPolling.fixed-localhost_8848-dev][NacosPropertySourceBuilder.java:87] - Ignore the empty nacos configuration and get it based on dataId[media-api.yaml] & group[xuecheng-plus-project]
2024-02-04 12:09:51,721 WARN [com.alibaba.nacos.client.Worker.longPolling.fixed-localhost_8848-dev][NacosPropertySourceBuilder.java:87] - Ignore the empty nacos configuration and get it based on dataId[media-api.yaml] & group[xuecheng-plus-project]
2024-02-04 12:09:51,722 INFO [com.alibaba.nacos.client.Worker.longPolling.fixed-localhost_8848-dev][PropertySourceBootstrapConfiguration.java:112] - Located property source: [BootstrapPropertySource {name='bootstrapProperties-content-api-dev.yaml,xuecheng-plus-project'}, BootstrapPropertySource {name='bootstrapProperties-content-api.yaml,xuecheng-plus-project'}, BootstrapPropertySource {name='bootstrapProperties-content-api,xuecheng-plus-project'}, BootstrapPropertySource {name='bootstrapProperties-content-service-dev.yaml,xuecheng-plus-project'}, BootstrapPropertySource {name='bootstrapProperties-logging-dev.yaml,xuecheng-plus-common'}, BootstrapPropertySource {name='bootstrapProperties-swagger-dev.yaml,xuecheng-plus-common'}]
2024-02-04 12:09:51,722 INFO [com.alibaba.nacos.client.Worker.longPolling.fixed-localhost_8848-dev][PropertySourceBootstrapConfiguration.java:112] - Located property source: [BootstrapPropertySource {name='bootstrapProperties-content-api-dev.yaml,xuecheng-plus-project'}, BootstrapPropertySource {name='bootstrapProperties-content-api.yaml,xuecheng-plus-project'}, BootstrapPropertySource {name='bootstrapProperties-content-api,xuecheng-plus-project'}, BootstrapPropertySource {name='bootstrapProperties-content-service-dev.yaml,xuecheng-plus-project'}, BootstrapPropertySource {name='bootstrapProperties-logging-dev.yaml,xuecheng-plus-common'}, BootstrapPropertySource {name='bootstrapProperties-swagger-dev.yaml,xuecheng-plus-common'}]
2024-02-04 12:09:51,724 INFO [com.alibaba.nacos.client.Worker.longPolling.fixed-localhost_8848-dev][PropertySourceBootstrapConfiguration.java:112] - Located property source: [BootstrapPropertySource {name='bootstrapProperties-media-api-dev.yaml,xuecheng-plus-project'}, BootstrapPropertySource {name='bootstrapProperties-media-api.yaml,xuecheng-plus-project'}, BootstrapPropertySource {name='bootstrapProperties-media-api,xuecheng-plus-project'}, BootstrapPropertySource {name='bootstrapProperties-media-service-dev.yaml,xuecheng-plus-project'}, BootstrapPropertySource {name='bootstrapProperties-logging-dev.yaml,xuecheng-plus-common'}, BootstrapPropertySource {name='bootstrapProperties-swagger-dev.yaml,xuecheng-plus-common'}]
2024-02-04 12:09:51,724 INFO [com.alibaba.nacos.client.Worker.longPolling.fixed-localhost_8848-dev][PropertySourceBootstrapConfiguration.java:112] - Located property source: [BootstrapPropertySource {name='bootstrapProperties-media-api-dev.yaml,xuecheng-plus-project'}, BootstrapPropertySource {name='bootstrapProperties-media-api.yaml,xuecheng-plus-project'}, BootstrapPropertySource {name='bootstrapProperties-media-api,xuecheng-plus-project'}, BootstrapPropertySource {name='bootstrapProperties-media-service-dev.yaml,xuecheng-plus-project'}, BootstrapPropertySource {name='bootstrapProperties-logging-dev.yaml,xuecheng-plus-common'}, BootstrapPropertySource {name='bootstrapProperties-swagger-dev.yaml,xuecheng-plus-common'}]
2024-02-04 12:09:51,750 INFO [com.alibaba.nacos.client.Worker.longPolling.fixed-localhost_8848-dev][SpringApplication.java:655] - The following profiles are active: dev
2024-02-04 12:09:51,750 INFO [com.alibaba.nacos.client.Worker.longPolling.fixed-localhost_8848-dev][SpringApplication.java:655] - The following profiles are active: dev
2024-02-04 12:09:51,756 INFO [com.alibaba.nacos.client.Worker.longPolling.fixed-localhost_8848-dev][SpringApplication.java:655] - The following profiles are active: dev
2024-02-04 12:09:51,756 INFO [com.alibaba.nacos.client.Worker.longPolling.fixed-localhost_8848-dev][SpringApplication.java:655] - The following profiles are active: dev
2024-02-04 12:09:51,758 INFO [com.alibaba.nacos.client.Worker.longPolling.fixed-localhost_8848-dev][SpringApplication.java:655] - The following profiles are active: dev
2024-02-04 12:09:51,758 INFO [com.alibaba.nacos.client.Worker.longPolling.fixed-localhost_8848-dev][SpringApplication.java:655] - The following profiles are active: dev
2024-02-04 12:09:51,760 INFO [com.alibaba.nacos.client.Worker.longPolling.fixed-localhost_8848-dev][StartupInfoLogger.java:61] - Started application in 2.88 seconds (JVM running for 2651.266)
2024-02-04 12:09:51,760 INFO [com.alibaba.nacos.client.Worker.longPolling.fixed-localhost_8848-dev][StartupInfoLogger.java:61] - Started application in 2.88 seconds (JVM running for 2651.266)
2024-02-04 12:09:51,764 INFO [com.alibaba.nacos.client.Worker.longPolling.fixed-localhost_8848-dev][StartupInfoLogger.java:61] - Started application in 2.886 seconds (JVM running for 2689.247)
2024-02-04 12:09:51,764 INFO [com.alibaba.nacos.client.Worker.longPolling.fixed-localhost_8848-dev][StartupInfoLogger.java:61] - Started application in 2.886 seconds (JVM running for 2689.247)
2024-02-04 12:09:51,765 INFO [com.alibaba.nacos.client.Worker.longPolling.fixed-localhost_8848-dev][StartupInfoLogger.java:61] - Started application in 2.891 seconds (JVM running for 2645.808)
2024-02-04 12:09:51,765 INFO [com.alibaba.nacos.client.Worker.longPolling.fixed-localhost_8848-dev][StartupInfoLogger.java:61] - Started application in 2.891 seconds (JVM running for 2645.808)
2024-02-04 12:09:51,795 DEBUG [com.alibaba.nacos.client.Worker.longPolling.fixed-localhost_8848-dev][GatewayProperties.java:80] - Routes supplied from Gateway Properties: [RouteDefinition{id='content-api', predicates=[PredicateDefinition{name='Path', args={_genkey_0=/content/**}}], filters=[], uri=lb://content-api, order=0, metadata={}}, RouteDefinition{id='system-api', predicates=[PredicateDefinition{name='Path', args={_genkey_0=/system/**}}], filters=[], uri=lb://system-api, order=0, metadata={}}, RouteDefinition{id='media-api', predicates=[PredicateDefinition{name='Path', args={_genkey_0=/media/**}}], filters=[], uri=lb://media-api, order=0, metadata={}}, RouteDefinition{id='search-service', predicates=[PredicateDefinition{name='Path', args={_genkey_0=/search/**}}], filters=[], uri=lb://search, order=0, metadata={}}, RouteDefinition{id='auth-service', predicates=[PredicateDefinition{name='Path', args={_genkey_0=/auth/**}}], filters=[], uri=lb://auth-service, order=0, metadata={}}, RouteDefinition{id='checkcode', predicates=[PredicateDefinition{name='Path', args={_genkey_0=/checkcode/**}}], filters=[], uri=lb://checkcode, order=0, metadata={}}, RouteDefinition{id='learning-api', predicates=[PredicateDefinition{name='Path', args={_genkey_0=/learning/**}}], filters=[], uri=lb://learning-api, order=0, metadata={}}, RouteDefinition{id='orders-api', predicates=[PredicateDefinition{name='Path', args={_genkey_0=/orders/**}}], filters=[], uri=lb://orders-api, order=0, metadata={}}]
2024-02-04 12:09:51,795 DEBUG [com.alibaba.nacos.client.Worker.longPolling.fixed-localhost_8848-dev][GatewayProperties.java:80] - Routes supplied from Gateway Properties: [RouteDefinition{id='content-api', predicates=[PredicateDefinition{name='Path', args={_genkey_0=/content/**}}], filters=[], uri=lb://content-api, order=0, metadata={}}, RouteDefinition{id='system-api', predicates=[PredicateDefinition{name='Path', args={_genkey_0=/system/**}}], filters=[], uri=lb://system-api, order=0, metadata={}}, RouteDefinition{id='media-api', predicates=[PredicateDefinition{name='Path', args={_genkey_0=/media/**}}], filters=[], uri=lb://media-api, order=0, metadata={}}, RouteDefinition{id='search-service', predicates=[PredicateDefinition{name='Path', args={_genkey_0=/search/**}}], filters=[], uri=lb://search, order=0, metadata={}}, RouteDefinition{id='auth-service', predicates=[PredicateDefinition{name='Path', args={_genkey_0=/auth/**}}], filters=[], uri=lb://auth-service, order=0, metadata={}}, RouteDefinition{id='checkcode', predicates=[PredicateDefinition{name='Path', args={_genkey_0=/checkcode/**}}], filters=[], uri=lb://checkcode, order=0, metadata={}}, RouteDefinition{id='learning-api', predicates=[PredicateDefinition{name='Path', args={_genkey_0=/learning/**}}], filters=[], uri=lb://learning-api, order=0, metadata={}}, RouteDefinition{id='orders-api', predicates=[PredicateDefinition{name='Path', args={_genkey_0=/orders/**}}], filters=[], uri=lb://orders-api, order=0, metadata={}}]
2024-02-04 12:09:51,804 INFO [com.alibaba.nacos.client.Worker.longPolling.fixed-localhost_8848-dev][RefreshEventListener.java:73] - Refresh keys changed: [xxl.job.executor.ip, xxl.job.executor.appname, swagger.title, test_config.b, xxl.job.admin.addresses, xxl.job.executor.address, test_config.a, test_config.d, test_config.c, xxl.job.executor.logretentiondays, swagger.description, xxl.job.accessToken, spring.datasource.url, spring.cloud.config.override-none, xxl.job.executor.logpath, xxl.job.executor.port, logging.level.org.springframework.cloud.gateway]
2024-02-04 12:09:51,804 INFO [com.alibaba.nacos.client.Worker.longPolling.fixed-localhost_8848-dev][RefreshEventListener.java:73] - Refresh keys changed: [xxl.job.executor.ip, xxl.job.executor.appname, swagger.title, test_config.b, xxl.job.admin.addresses, xxl.job.executor.address, test_config.a, test_config.d, test_config.c, xxl.job.executor.logretentiondays, swagger.description, xxl.job.accessToken, spring.datasource.url, spring.cloud.config.override-none, xxl.job.executor.logpath, xxl.job.executor.port, logging.level.org.springframework.cloud.gateway]
2024-02-04 12:09:51,804 INFO [com.alibaba.nacos.client.Worker.longPolling.fixed-localhost_8848-dev][CacheData.java:222] - [fixed-localhost_8848-dev] [notify-ok] dataId=logging-dev.yaml, group=xuecheng-plus-common, md5=cf8b1af28beb25b242f97519c8f2c560, listener=com.alibaba.cloud.nacos.refresh.NacosContextRefresher$1@10ca2402 
2024-02-04 12:09:51,804 INFO [com.alibaba.nacos.client.Worker.longPolling.fixed-localhost_8848-dev][CacheData.java:222] - [fixed-localhost_8848-dev] [notify-ok] dataId=logging-dev.yaml, group=xuecheng-plus-common, md5=cf8b1af28beb25b242f97519c8f2c560, listener=com.alibaba.cloud.nacos.refresh.NacosContextRefresher$1@10ca2402 
2024-02-04 12:09:51,805 INFO [com.alibaba.nacos.client.Worker.longPolling.fixed-localhost_8848-dev][CacheData.java:248] - [fixed-localhost_8848-dev] [notify-listener] time cost=2939ms in ClientWorker, dataId=logging-dev.yaml, group=xuecheng-plus-common, md5=cf8b1af28beb25b242f97519c8f2c560, listener=com.alibaba.cloud.nacos.refresh.NacosContextRefresher$1@10ca2402 
2024-02-04 12:09:51,805 INFO [com.alibaba.nacos.client.Worker.longPolling.fixed-localhost_8848-dev][CacheData.java:248] - [fixed-localhost_8848-dev] [notify-listener] time cost=2939ms in ClientWorker, dataId=logging-dev.yaml, group=xuecheng-plus-common, md5=cf8b1af28beb25b242f97519c8f2c560, listener=com.alibaba.cloud.nacos.refresh.NacosContextRefresher$1@10ca2402 
2024-02-04 12:09:51,806 INFO [com.alibaba.nacos.client.Worker.longPolling.fixed-localhost_8848-dev][ClientWorker.java:430] - [fixed-localhost_8848-dev] [polling-resp] config changed. dataId=content-api-dev.yaml, group=xuecheng-plus-project, tenant=dev
2024-02-04 12:09:51,806 INFO [com.alibaba.nacos.client.Worker.longPolling.fixed-localhost_8848-dev][ClientWorker.java:430] - [fixed-localhost_8848-dev] [polling-resp] config changed. dataId=content-api-dev.yaml, group=xuecheng-plus-project, tenant=dev
2024-02-04 12:09:51,807 INFO [com.alibaba.nacos.client.Worker.longPolling.fixed-localhost_8848-dev][ClientWorker.java:430] - [fixed-localhost_8848-dev] [polling-resp] config changed. dataId=swagger-dev.yaml, group=xuecheng-plus-common, tenant=dev
2024-02-04 12:09:51,807 INFO [com.alibaba.nacos.client.Worker.longPolling.fixed-localhost_8848-dev][ClientWorker.java:430] - [fixed-localhost_8848-dev] [polling-resp] config changed. dataId=swagger-dev.yaml, group=xuecheng-plus-common, tenant=dev
2024-02-04 12:09:51,807 INFO [com.alibaba.nacos.client.Worker.longPolling.fixed-localhost_8848-dev][RefreshEventListener.java:73] - Refresh keys changed: [swagger.description, spring.datasource.url, spring.servlet.multipart.max-request-size, swagger.title, xxl.job.admin.addresses, test_config.b, spring.servlet.multipart.max-file-size, test_config.a, test_config.d, test_config.c, logging.level.org.springframework.cloud.gateway]
2024-02-04 12:09:51,807 INFO [com.alibaba.nacos.client.Worker.longPolling.fixed-localhost_8848-dev][RefreshEventListener.java:73] - Refresh keys changed: [swagger.description, spring.datasource.url, spring.servlet.multipart.max-request-size, swagger.title, xxl.job.admin.addresses, test_config.b, spring.servlet.multipart.max-file-size, test_config.a, test_config.d, test_config.c, logging.level.org.springframework.cloud.gateway]
2024-02-04 12:09:51,807 INFO [com.alibaba.nacos.client.Worker.longPolling.fixed-localhost_8848-dev][ClientWorker.java:430] - [fixed-localhost_8848-dev] [polling-resp] config changed. dataId=content-service-dev.yaml, group=xuecheng-plus-project, tenant=dev
2024-02-04 12:09:51,807 INFO [com.alibaba.nacos.client.Worker.longPolling.fixed-localhost_8848-dev][ClientWorker.java:430] - [fixed-localhost_8848-dev] [polling-resp] config changed. dataId=content-service-dev.yaml, group=xuecheng-plus-project, tenant=dev
2024-02-04 12:09:51,807 INFO [com.alibaba.nacos.client.Worker.longPolling.fixed-localhost_8848-dev][ClientWorker.java:537] - get changedGroupKeys:[content-api-dev.yaml+xuecheng-plus-project+dev, swagger-dev.yaml+xuecheng-plus-common+dev, content-service-dev.yaml+xuecheng-plus-project+dev]
2024-02-04 12:09:51,807 INFO [com.alibaba.nacos.client.Worker.longPolling.fixed-localhost_8848-dev][ClientWorker.java:537] - get changedGroupKeys:[content-api-dev.yaml+xuecheng-plus-project+dev, swagger-dev.yaml+xuecheng-plus-common+dev, content-service-dev.yaml+xuecheng-plus-project+dev]
2024-02-04 12:09:51,807 INFO [com.alibaba.nacos.client.Worker.longPolling.fixed-localhost_8848-dev][CacheData.java:222] - [fixed-localhost_8848-dev] [notify-ok] dataId=media-service-dev.yaml, group=xuecheng-plus-project, md5=55fc790d79b9b5ef4baa5b4b9705570c, listener=com.alibaba.cloud.nacos.refresh.NacosContextRefresher$1@435ab711 
2024-02-04 12:09:51,807 INFO [com.alibaba.nacos.client.Worker.longPolling.fixed-localhost_8848-dev][CacheData.java:222] - [fixed-localhost_8848-dev] [notify-ok] dataId=media-service-dev.yaml, group=xuecheng-plus-project, md5=55fc790d79b9b5ef4baa5b4b9705570c, listener=com.alibaba.cloud.nacos.refresh.NacosContextRefresher$1@435ab711 
2024-02-04 12:09:51,807 INFO [com.alibaba.nacos.client.Worker.longPolling.fixed-localhost_8848-dev][CacheData.java:248] - [fixed-localhost_8848-dev] [notify-listener] time cost=2944ms in ClientWorker, dataId=media-service-dev.yaml, group=xuecheng-plus-project, md5=55fc790d79b9b5ef4baa5b4b9705570c, listener=com.alibaba.cloud.nacos.refresh.NacosContextRefresher$1@435ab711 
2024-02-04 12:09:51,807 INFO [com.alibaba.nacos.client.Worker.longPolling.fixed-localhost_8848-dev][CacheData.java:248] - [fixed-localhost_8848-dev] [notify-listener] time cost=2944ms in ClientWorker, dataId=media-service-dev.yaml, group=xuecheng-plus-project, md5=55fc790d79b9b5ef4baa5b4b9705570c, listener=com.alibaba.cloud.nacos.refresh.NacosContextRefresher$1@435ab711 
2024-02-04 12:09:51,808 INFO [com.alibaba.nacos.client.Worker.longPolling.fixed-localhost_8848-dev][ClientWorker.java:430] - [fixed-localhost_8848-dev] [polling-resp] config changed. dataId=swagger-dev.yaml, group=xuecheng-plus-common, tenant=dev
2024-02-04 12:09:51,808 INFO [com.alibaba.nacos.client.Worker.longPolling.fixed-localhost_8848-dev][ClientWorker.java:430] - [fixed-localhost_8848-dev] [polling-resp] config changed. dataId=swagger-dev.yaml, group=xuecheng-plus-common, tenant=dev
2024-02-04 12:09:51,808 INFO [com.alibaba.nacos.client.Worker.longPolling.fixed-localhost_8848-dev][ClientWorker.java:430] - [fixed-localhost_8848-dev] [polling-resp] config changed. dataId=logging-dev.yaml, group=xuecheng-plus-common, tenant=dev
2024-02-04 12:09:51,808 INFO [com.alibaba.nacos.client.Worker.longPolling.fixed-localhost_8848-dev][ClientWorker.java:430] - [fixed-localhost_8848-dev] [polling-resp] config changed. dataId=logging-dev.yaml, group=xuecheng-plus-common, tenant=dev
2024-02-04 12:09:51,809 INFO [com.alibaba.nacos.client.Worker.longPolling.fixed-localhost_8848-dev][ClientWorker.java:537] - get changedGroupKeys:[swagger-dev.yaml+xuecheng-plus-common+dev, logging-dev.yaml+xuecheng-plus-common+dev]
2024-02-04 12:09:51,809 INFO [com.alibaba.nacos.client.Worker.longPolling.fixed-localhost_8848-dev][ClientWorker.java:537] - get changedGroupKeys:[swagger-dev.yaml+xuecheng-plus-common+dev, logging-dev.yaml+xuecheng-plus-common+dev]
2024-02-04 12:09:51,809 DEBUG [com.alibaba.nacos.client.Worker.longPolling.fixed-localhost_8848-dev][RouteDefinitionRouteLocator.java:271] - RouteDefinition content-api applying {_genkey_0=/content/**} to Path
2024-02-04 12:09:51,809 DEBUG [com.alibaba.nacos.client.Worker.longPolling.fixed-localhost_8848-dev][RouteDefinitionRouteLocator.java:271] - RouteDefinition content-api applying {_genkey_0=/content/**} to Path
2024-02-04 12:09:51,809 DEBUG [com.alibaba.nacos.client.Worker.longPolling.fixed-localhost_8848-dev][RouteDefinitionRouteLocator.java:162] - RouteDefinition matched: content-api
2024-02-04 12:09:51,809 DEBUG [com.alibaba.nacos.client.Worker.longPolling.fixed-localhost_8848-dev][RouteDefinitionRouteLocator.java:162] - RouteDefinition matched: content-api
2024-02-04 12:09:51,810 DEBUG [com.alibaba.nacos.client.Worker.longPolling.fixed-localhost_8848-dev][RouteDefinitionRouteLocator.java:271] - RouteDefinition system-api applying {_genkey_0=/system/**} to Path
2024-02-04 12:09:51,810 DEBUG [com.alibaba.nacos.client.Worker.longPolling.fixed-localhost_8848-dev][RouteDefinitionRouteLocator.java:271] - RouteDefinition system-api applying {_genkey_0=/system/**} to Path
2024-02-04 12:09:51,810 DEBUG [com.alibaba.nacos.client.Worker.longPolling.fixed-localhost_8848-dev][RouteDefinitionRouteLocator.java:162] - RouteDefinition matched: system-api
2024-02-04 12:09:51,810 DEBUG [com.alibaba.nacos.client.Worker.longPolling.fixed-localhost_8848-dev][RouteDefinitionRouteLocator.java:162] - RouteDefinition matched: system-api
2024-02-04 12:09:51,810 DEBUG [com.alibaba.nacos.client.Worker.longPolling.fixed-localhost_8848-dev][RouteDefinitionRouteLocator.java:271] - RouteDefinition media-api applying {_genkey_0=/media/**} to Path
2024-02-04 12:09:51,810 DEBUG [com.alibaba.nacos.client.Worker.longPolling.fixed-localhost_8848-dev][RouteDefinitionRouteLocator.java:271] - RouteDefinition media-api applying {_genkey_0=/media/**} to Path
2024-02-04 12:09:51,810 DEBUG [com.alibaba.nacos.client.Worker.longPolling.fixed-localhost_8848-dev][RouteDefinitionRouteLocator.java:162] - RouteDefinition matched: media-api
2024-02-04 12:09:51,810 DEBUG [com.alibaba.nacos.client.Worker.longPolling.fixed-localhost_8848-dev][RouteDefinitionRouteLocator.java:162] - RouteDefinition matched: media-api
2024-02-04 12:09:51,811 DEBUG [com.alibaba.nacos.client.Worker.longPolling.fixed-localhost_8848-dev][RouteDefinitionRouteLocator.java:271] - RouteDefinition search-service applying {_genkey_0=/search/**} to Path
2024-02-04 12:09:51,811 DEBUG [com.alibaba.nacos.client.Worker.longPolling.fixed-localhost_8848-dev][RouteDefinitionRouteLocator.java:271] - RouteDefinition search-service applying {_genkey_0=/search/**} to Path
2024-02-04 12:09:51,811 DEBUG [com.alibaba.nacos.client.Worker.longPolling.fixed-localhost_8848-dev][RouteDefinitionRouteLocator.java:162] - RouteDefinition matched: search-service
2024-02-04 12:09:51,811 DEBUG [com.alibaba.nacos.client.Worker.longPolling.fixed-localhost_8848-dev][RouteDefinitionRouteLocator.java:162] - RouteDefinition matched: search-service
2024-02-04 12:09:51,811 DEBUG [com.alibaba.nacos.client.Worker.longPolling.fixed-localhost_8848-dev][RouteDefinitionRouteLocator.java:271] - RouteDefinition auth-service applying {_genkey_0=/auth/**} to Path
2024-02-04 12:09:51,811 DEBUG [com.alibaba.nacos.client.Worker.longPolling.fixed-localhost_8848-dev][RouteDefinitionRouteLocator.java:271] - RouteDefinition auth-service applying {_genkey_0=/auth/**} to Path
2024-02-04 12:09:51,811 DEBUG [com.alibaba.nacos.client.Worker.longPolling.fixed-localhost_8848-dev][RouteDefinitionRouteLocator.java:162] - RouteDefinition matched: auth-service
2024-02-04 12:09:51,811 DEBUG [com.alibaba.nacos.client.Worker.longPolling.fixed-localhost_8848-dev][RouteDefinitionRouteLocator.java:162] - RouteDefinition matched: auth-service
2024-02-04 12:09:51,812 DEBUG [com.alibaba.nacos.client.Worker.longPolling.fixed-localhost_8848-dev][RouteDefinitionRouteLocator.java:271] - RouteDefinition checkcode applying {_genkey_0=/checkcode/**} to Path
2024-02-04 12:09:51,812 DEBUG [com.alibaba.nacos.client.Worker.longPolling.fixed-localhost_8848-dev][RouteDefinitionRouteLocator.java:271] - RouteDefinition checkcode applying {_genkey_0=/checkcode/**} to Path
2024-02-04 12:09:51,812 DEBUG [com.alibaba.nacos.client.Worker.longPolling.fixed-localhost_8848-dev][RouteDefinitionRouteLocator.java:162] - RouteDefinition matched: checkcode
2024-02-04 12:09:51,812 DEBUG [com.alibaba.nacos.client.Worker.longPolling.fixed-localhost_8848-dev][RouteDefinitionRouteLocator.java:162] - RouteDefinition matched: checkcode
2024-02-04 12:09:51,812 DEBUG [com.alibaba.nacos.client.Worker.longPolling.fixed-localhost_8848-dev][RouteDefinitionRouteLocator.java:271] - RouteDefinition learning-api applying {_genkey_0=/learning/**} to Path
2024-02-04 12:09:51,812 DEBUG [com.alibaba.nacos.client.Worker.longPolling.fixed-localhost_8848-dev][RouteDefinitionRouteLocator.java:271] - RouteDefinition learning-api applying {_genkey_0=/learning/**} to Path
2024-02-04 12:09:51,812 DEBUG [com.alibaba.nacos.client.Worker.longPolling.fixed-localhost_8848-dev][RouteDefinitionRouteLocator.java:162] - RouteDefinition matched: learning-api
2024-02-04 12:09:51,812 DEBUG [com.alibaba.nacos.client.Worker.longPolling.fixed-localhost_8848-dev][RouteDefinitionRouteLocator.java:162] - RouteDefinition matched: learning-api
2024-02-04 12:09:51,813 DEBUG [com.alibaba.nacos.client.Worker.longPolling.fixed-localhost_8848-dev][RouteDefinitionRouteLocator.java:271] - RouteDefinition orders-api applying {_genkey_0=/orders/**} to Path
2024-02-04 12:09:51,813 DEBUG [com.alibaba.nacos.client.Worker.longPolling.fixed-localhost_8848-dev][RouteDefinitionRouteLocator.java:271] - RouteDefinition orders-api applying {_genkey_0=/orders/**} to Path
2024-02-04 12:09:51,813 DEBUG [com.alibaba.nacos.client.Worker.longPolling.fixed-localhost_8848-dev][RouteDefinitionRouteLocator.java:162] - RouteDefinition matched: orders-api
2024-02-04 12:09:51,813 DEBUG [com.alibaba.nacos.client.Worker.longPolling.fixed-localhost_8848-dev][RouteDefinitionRouteLocator.java:162] - RouteDefinition matched: orders-api
2024-02-04 12:09:51,813 INFO [com.alibaba.nacos.client.Worker.longPolling.fixed-localhost_8848-dev][RefreshEventListener.java:73] - Refresh keys changed: [logging.level.org.springframework.cloud.gateway]
2024-02-04 12:09:51,813 INFO [com.alibaba.nacos.client.Worker.longPolling.fixed-localhost_8848-dev][RefreshEventListener.java:73] - Refresh keys changed: [logging.level.org.springframework.cloud.gateway]
2024-02-04 12:09:51,813 INFO [com.alibaba.nacos.client.Worker.longPolling.fixed-localhost_8848-dev][CacheData.java:222] - [fixed-localhost_8848-dev] [notify-ok] dataId=logging-dev.yaml, group=xuecheng-plus-common, md5=cf8b1af28beb25b242f97519c8f2c560, listener=com.alibaba.cloud.nacos.refresh.NacosContextRefresher$1@df518b2 
2024-02-04 12:09:51,813 INFO [com.alibaba.nacos.client.Worker.longPolling.fixed-localhost_8848-dev][CacheData.java:222] - [fixed-localhost_8848-dev] [notify-ok] dataId=logging-dev.yaml, group=xuecheng-plus-common, md5=cf8b1af28beb25b242f97519c8f2c560, listener=com.alibaba.cloud.nacos.refresh.NacosContextRefresher$1@df518b2 
2024-02-04 12:09:51,814 INFO [com.alibaba.nacos.client.Worker.longPolling.fixed-localhost_8848-dev][CacheData.java:248] - [fixed-localhost_8848-dev] [notify-listener] time cost=2944ms in ClientWorker, dataId=logging-dev.yaml, group=xuecheng-plus-common, md5=cf8b1af28beb25b242f97519c8f2c560, listener=com.alibaba.cloud.nacos.refresh.NacosContextRefresher$1@df518b2 
2024-02-04 12:09:51,814 INFO [com.alibaba.nacos.client.Worker.longPolling.fixed-localhost_8848-dev][CacheData.java:248] - [fixed-localhost_8848-dev] [notify-listener] time cost=2944ms in ClientWorker, dataId=logging-dev.yaml, group=xuecheng-plus-common, md5=cf8b1af28beb25b242f97519c8f2c560, listener=com.alibaba.cloud.nacos.refresh.NacosContextRefresher$1@df518b2 
2024-02-04 12:09:51,913 INFO [com.alibaba.nacos.client.Worker.longPolling.fixed-localhost_8848-dev][ClientWorker.java:556] - [fixed-localhost_8848-dev] [data-received] dataId=swagger-dev.yaml, group=xuecheng-plus-common, tenant=dev, md5=93b574b1079011b05667c29b9b66838e, content=# swagger 文档配置
swagger:
  title: "学成在线内容管理系统"
  description: "内容系统管理系统对课程相关信息进行业务管理数据"
  base-packag..., type=yaml
2024-02-04 12:09:51,913 INFO [com.alibaba.nacos.client.Worker.longPolling.fixed-localhost_8848-dev][ClientWorker.java:556] - [fixed-localhost_8848-dev] [data-received] dataId=swagger-dev.yaml, group=xuecheng-plus-common, tenant=dev, md5=93b574b1079011b05667c29b9b66838e, content=# swagger 文档配置
swagger:
  title: "学成在线内容管理系统"
  description: "内容系统管理系统对课程相关信息进行业务管理数据"
  base-packag..., type=yaml
2024-02-04 12:09:51,914 INFO [com.alibaba.nacos.client.Worker.longPolling.fixed-localhost_8848-dev][ClientWorker.java:556] - [fixed-localhost_8848-dev] [data-received] dataId=logging-dev.yaml, group=xuecheng-plus-common, tenant=dev, md5=cf8b1af28beb25b242f97519c8f2c560, content=# 日志文件配置路径
logging:
  config: classpath:log4j2-dev.xml
  level:
    org.springframework.cloud.gatewa..., type=yaml
2024-02-04 12:09:51,914 INFO [com.alibaba.nacos.client.Worker.longPolling.fixed-localhost_8848-dev][ClientWorker.java:556] - [fixed-localhost_8848-dev] [data-received] dataId=logging-dev.yaml, group=xuecheng-plus-common, tenant=dev, md5=cf8b1af28beb25b242f97519c8f2c560, content=# 日志文件配置路径
logging:
  config: classpath:log4j2-dev.xml
  level:
    org.springframework.cloud.gatewa..., type=yaml
2024-02-04 12:09:51,914 INFO [com.alibaba.nacos.client.Worker.longPolling.fixed-localhost_8848-dev][CacheData.java:198] - [fixed-localhost_8848-dev] [notify-context] dataId=swagger-dev.yaml, group=xuecheng-plus-common, md5=93b574b1079011b05667c29b9b66838e
2024-02-04 12:09:51,914 INFO [com.alibaba.nacos.client.Worker.longPolling.fixed-localhost_8848-dev][CacheData.java:198] - [fixed-localhost_8848-dev] [notify-context] dataId=swagger-dev.yaml, group=xuecheng-plus-common, md5=93b574b1079011b05667c29b9b66838e
2024-02-04 12:09:51,928 INFO [com.alibaba.nacos.client.Worker.longPolling.fixed-localhost_8848-dev][ClientWorker.java:556] - [fixed-localhost_8848-dev] [data-received] dataId=content-api-dev.yaml, group=xuecheng-plus-project, tenant=dev, md5=b253988f9f30d549192402cbab566a0e, content=server:
  servlet:
    context-path: /content
  port: 63040

test_config:
 a: 3a
 b: 3b

#配置本地优先
spr..., type=yaml
2024-02-04 12:09:51,928 INFO [com.alibaba.nacos.client.Worker.longPolling.fixed-localhost_8848-dev][ClientWorker.java:556] - [fixed-localhost_8848-dev] [data-received] dataId=content-api-dev.yaml, group=xuecheng-plus-project, tenant=dev, md5=b253988f9f30d549192402cbab566a0e, content=server:
  servlet:
    context-path: /content
  port: 63040

test_config:
 a: 3a
 b: 3b

#配置本地优先
spr..., type=yaml
2024-02-04 12:09:51,930 INFO [com.alibaba.nacos.client.Worker.longPolling.fixed-localhost_8848-dev][ClientWorker.java:556] - [fixed-localhost_8848-dev] [data-received] dataId=swagger-dev.yaml, group=xuecheng-plus-common, tenant=dev, md5=93b574b1079011b05667c29b9b66838e, content=# swagger 文档配置
swagger:
  title: "学成在线内容管理系统"
  description: "内容系统管理系统对课程相关信息进行业务管理数据"
  base-packag..., type=yaml
2024-02-04 12:09:51,930 INFO [com.alibaba.nacos.client.Worker.longPolling.fixed-localhost_8848-dev][ClientWorker.java:556] - [fixed-localhost_8848-dev] [data-received] dataId=swagger-dev.yaml, group=xuecheng-plus-common, tenant=dev, md5=93b574b1079011b05667c29b9b66838e, content=# swagger 文档配置
swagger:
  title: "学成在线内容管理系统"
  description: "内容系统管理系统对课程相关信息进行业务管理数据"
  base-packag..., type=yaml
2024-02-04 12:09:51,931 INFO [com.alibaba.nacos.client.Worker.longPolling.fixed-localhost_8848-dev][ClientWorker.java:556] - [fixed-localhost_8848-dev] [data-received] dataId=content-service-dev.yaml, group=xuecheng-plus-project, tenant=dev, md5=5941dba8e620b1a264dac7e50ab13952, content=spring:
  datasource:
    driver-class-name: com.mysql.cj.jdbc.Driver
    url: jdbc:mysql://172.18.2..., type=yaml
2024-02-04 12:09:51,931 INFO [com.alibaba.nacos.client.Worker.longPolling.fixed-localhost_8848-dev][ClientWorker.java:556] - [fixed-localhost_8848-dev] [data-received] dataId=content-service-dev.yaml, group=xuecheng-plus-project, tenant=dev, md5=5941dba8e620b1a264dac7e50ab13952, content=spring:
  datasource:
    driver-class-name: com.mysql.cj.jdbc.Driver
    url: jdbc:mysql://172.18.2..., type=yaml
2024-02-04 12:09:51,931 INFO [com.alibaba.nacos.client.Worker.longPolling.fixed-localhost_8848-dev][CacheData.java:198] - [fixed-localhost_8848-dev] [notify-context] dataId=content-api-dev.yaml, group=xuecheng-plus-project, md5=b253988f9f30d549192402cbab566a0e
2024-02-04 12:09:51,931 INFO [com.alibaba.nacos.client.Worker.longPolling.fixed-localhost_8848-dev][CacheData.java:198] - [fixed-localhost_8848-dev] [notify-context] dataId=content-api-dev.yaml, group=xuecheng-plus-project, md5=b253988f9f30d549192402cbab566a0e
2024-02-04 12:09:52,622 DEBUG [Nacos-Watch-Task-Scheduler-1][RouteDefinitionRouteLocator.java:271] - RouteDefinition content-api applying {_genkey_0=/content/**} to Path
2024-02-04 12:09:52,622 DEBUG [Nacos-Watch-Task-Scheduler-1][RouteDefinitionRouteLocator.java:271] - RouteDefinition content-api applying {_genkey_0=/content/**} to Path
2024-02-04 12:09:52,623 DEBUG [Nacos-Watch-Task-Scheduler-1][RouteDefinitionRouteLocator.java:162] - RouteDefinition matched: content-api
2024-02-04 12:09:52,623 DEBUG [Nacos-Watch-Task-Scheduler-1][RouteDefinitionRouteLocator.java:162] - RouteDefinition matched: content-api
2024-02-04 12:09:52,623 DEBUG [Nacos-Watch-Task-Scheduler-1][RouteDefinitionRouteLocator.java:271] - RouteDefinition system-api applying {_genkey_0=/system/**} to Path
2024-02-04 12:09:52,623 DEBUG [Nacos-Watch-Task-Scheduler-1][RouteDefinitionRouteLocator.java:271] - RouteDefinition system-api applying {_genkey_0=/system/**} to Path
2024-02-04 12:09:52,624 DEBUG [Nacos-Watch-Task-Scheduler-1][RouteDefinitionRouteLocator.java:162] - RouteDefinition matched: system-api
2024-02-04 12:09:52,624 DEBUG [Nacos-Watch-Task-Scheduler-1][RouteDefinitionRouteLocator.java:162] - RouteDefinition matched: system-api
2024-02-04 12:09:52,626 DEBUG [Nacos-Watch-Task-Scheduler-1][RouteDefinitionRouteLocator.java:271] - RouteDefinition media-api applying {_genkey_0=/media/**} to Path
2024-02-04 12:09:52,626 DEBUG [Nacos-Watch-Task-Scheduler-1][RouteDefinitionRouteLocator.java:271] - RouteDefinition media-api applying {_genkey_0=/media/**} to Path
2024-02-04 12:09:52,628 DEBUG [Nacos-Watch-Task-Scheduler-1][RouteDefinitionRouteLocator.java:162] - RouteDefinition matched: media-api
2024-02-04 12:09:52,628 DEBUG [Nacos-Watch-Task-Scheduler-1][RouteDefinitionRouteLocator.java:162] - RouteDefinition matched: media-api
2024-02-04 12:09:52,628 DEBUG [Nacos-Watch-Task-Scheduler-1][RouteDefinitionRouteLocator.java:271] - RouteDefinition search-service applying {_genkey_0=/search/**} to Path
2024-02-04 12:09:52,628 DEBUG [Nacos-Watch-Task-Scheduler-1][RouteDefinitionRouteLocator.java:271] - RouteDefinition search-service applying {_genkey_0=/search/**} to Path
2024-02-04 12:09:52,629 DEBUG [Nacos-Watch-Task-Scheduler-1][RouteDefinitionRouteLocator.java:162] - RouteDefinition matched: search-service
2024-02-04 12:09:52,629 DEBUG [Nacos-Watch-Task-Scheduler-1][RouteDefinitionRouteLocator.java:162] - RouteDefinition matched: search-service
2024-02-04 12:09:52,630 DEBUG [Nacos-Watch-Task-Scheduler-1][RouteDefinitionRouteLocator.java:271] - RouteDefinition auth-service applying {_genkey_0=/auth/**} to Path
2024-02-04 12:09:52,630 DEBUG [Nacos-Watch-Task-Scheduler-1][RouteDefinitionRouteLocator.java:271] - RouteDefinition auth-service applying {_genkey_0=/auth/**} to Path
2024-02-04 12:09:52,631 DEBUG [Nacos-Watch-Task-Scheduler-1][RouteDefinitionRouteLocator.java:162] - RouteDefinition matched: auth-service
2024-02-04 12:09:52,631 DEBUG [Nacos-Watch-Task-Scheduler-1][RouteDefinitionRouteLocator.java:162] - RouteDefinition matched: auth-service
2024-02-04 12:09:52,631 DEBUG [Nacos-Watch-Task-Scheduler-1][RouteDefinitionRouteLocator.java:271] - RouteDefinition checkcode applying {_genkey_0=/checkcode/**} to Path
2024-02-04 12:09:52,631 DEBUG [Nacos-Watch-Task-Scheduler-1][RouteDefinitionRouteLocator.java:271] - RouteDefinition checkcode applying {_genkey_0=/checkcode/**} to Path
2024-02-04 12:09:52,632 DEBUG [Nacos-Watch-Task-Scheduler-1][RouteDefinitionRouteLocator.java:162] - RouteDefinition matched: checkcode
2024-02-04 12:09:52,632 DEBUG [Nacos-Watch-Task-Scheduler-1][RouteDefinitionRouteLocator.java:162] - RouteDefinition matched: checkcode
2024-02-04 12:09:52,632 DEBUG [Nacos-Watch-Task-Scheduler-1][RouteDefinitionRouteLocator.java:271] - RouteDefinition learning-api applying {_genkey_0=/learning/**} to Path
2024-02-04 12:09:52,632 DEBUG [Nacos-Watch-Task-Scheduler-1][RouteDefinitionRouteLocator.java:271] - RouteDefinition learning-api applying {_genkey_0=/learning/**} to Path
2024-02-04 12:09:52,633 DEBUG [Nacos-Watch-Task-Scheduler-1][RouteDefinitionRouteLocator.java:162] - RouteDefinition matched: learning-api
2024-02-04 12:09:52,633 DEBUG [Nacos-Watch-Task-Scheduler-1][RouteDefinitionRouteLocator.java:162] - RouteDefinition matched: learning-api
2024-02-04 12:09:52,633 DEBUG [Nacos-Watch-Task-Scheduler-1][RouteDefinitionRouteLocator.java:271] - RouteDefinition orders-api applying {_genkey_0=/orders/**} to Path
2024-02-04 12:09:52,633 DEBUG [Nacos-Watch-Task-Scheduler-1][RouteDefinitionRouteLocator.java:271] - RouteDefinition orders-api applying {_genkey_0=/orders/**} to Path
2024-02-04 12:09:52,633 DEBUG [Nacos-Watch-Task-Scheduler-1][RouteDefinitionRouteLocator.java:162] - RouteDefinition matched: orders-api
2024-02-04 12:09:52,633 DEBUG [Nacos-Watch-Task-Scheduler-1][RouteDefinitionRouteLocator.java:162] - RouteDefinition matched: orders-api
2024-02-04 12:09:53,220 INFO [com.alibaba.nacos.client.Worker.longPolling.fixed-localhost_8848-dev][InetUtils.java:170] - Cannot determine local hostname
2024-02-04 12:09:53,220 INFO [com.alibaba.nacos.client.Worker.longPolling.fixed-localhost_8848-dev][InetUtils.java:170] - Cannot determine local hostname
2024-02-04 12:09:53,236 INFO [com.alibaba.nacos.client.Worker.longPolling.fixed-localhost_8848-dev][InetUtils.java:170] - Cannot determine local hostname
2024-02-04 12:09:53,236 INFO [com.alibaba.nacos.client.Worker.longPolling.fixed-localhost_8848-dev][InetUtils.java:170] - Cannot determine local hostname
2024-02-04 12:09:54,546 INFO [com.alibaba.nacos.client.Worker.longPolling.fixed-localhost_8848-dev][InetUtils.java:170] - Cannot determine local hostname
2024-02-04 12:09:54,546 INFO [com.alibaba.nacos.client.Worker.longPolling.fixed-localhost_8848-dev][InetUtils.java:170] - Cannot determine local hostname
2024-02-04 12:09:54,562 INFO [com.alibaba.nacos.client.Worker.longPolling.fixed-localhost_8848-dev][InetUtils.java:170] - Cannot determine local hostname
2024-02-04 12:09:54,562 INFO [com.alibaba.nacos.client.Worker.longPolling.fixed-localhost_8848-dev][InetUtils.java:170] - Cannot determine local hostname
2024-02-04 12:09:54,585 WARN [com.alibaba.nacos.client.Worker.longPolling.fixed-localhost_8848-dev][NacosPropertySourceBuilder.java:87] - Ignore the empty nacos configuration and get it based on dataId[media-api] & group[xuecheng-plus-project]
2024-02-04 12:09:54,585 WARN [com.alibaba.nacos.client.Worker.longPolling.fixed-localhost_8848-dev][NacosPropertySourceBuilder.java:87] - Ignore the empty nacos configuration and get it based on dataId[media-api] & group[xuecheng-plus-project]
2024-02-04 12:09:54,587 WARN [com.alibaba.nacos.client.Worker.longPolling.fixed-localhost_8848-dev][NacosPropertySourceBuilder.java:87] - Ignore the empty nacos configuration and get it based on dataId[media-api.yaml] & group[xuecheng-plus-project]
2024-02-04 12:09:54,587 WARN [com.alibaba.nacos.client.Worker.longPolling.fixed-localhost_8848-dev][NacosPropertySourceBuilder.java:87] - Ignore the empty nacos configuration and get it based on dataId[media-api.yaml] & group[xuecheng-plus-project]
2024-02-04 12:09:54,590 INFO [com.alibaba.nacos.client.Worker.longPolling.fixed-localhost_8848-dev][PropertySourceBootstrapConfiguration.java:112] - Located property source: [BootstrapPropertySource {name='bootstrapProperties-media-api-dev.yaml,xuecheng-plus-project'}, BootstrapPropertySource {name='bootstrapProperties-media-api.yaml,xuecheng-plus-project'}, BootstrapPropertySource {name='bootstrapProperties-media-api,xuecheng-plus-project'}, BootstrapPropertySource {name='bootstrapProperties-media-service-dev.yaml,xuecheng-plus-project'}, BootstrapPropertySource {name='bootstrapProperties-logging-dev.yaml,xuecheng-plus-common'}, BootstrapPropertySource {name='bootstrapProperties-swagger-dev.yaml,xuecheng-plus-common'}]
2024-02-04 12:09:54,590 INFO [com.alibaba.nacos.client.Worker.longPolling.fixed-localhost_8848-dev][PropertySourceBootstrapConfiguration.java:112] - Located property source: [BootstrapPropertySource {name='bootstrapProperties-media-api-dev.yaml,xuecheng-plus-project'}, BootstrapPropertySource {name='bootstrapProperties-media-api.yaml,xuecheng-plus-project'}, BootstrapPropertySource {name='bootstrapProperties-media-api,xuecheng-plus-project'}, BootstrapPropertySource {name='bootstrapProperties-media-service-dev.yaml,xuecheng-plus-project'}, BootstrapPropertySource {name='bootstrapProperties-logging-dev.yaml,xuecheng-plus-common'}, BootstrapPropertySource {name='bootstrapProperties-swagger-dev.yaml,xuecheng-plus-common'}]
2024-02-04 12:09:54,600 WARN [com.alibaba.nacos.client.Worker.longPolling.fixed-localhost_8848-dev][NacosPropertySourceBuilder.java:87] - Ignore the empty nacos configuration and get it based on dataId[content-api] & group[xuecheng-plus-project]
2024-02-04 12:09:54,600 WARN [com.alibaba.nacos.client.Worker.longPolling.fixed-localhost_8848-dev][NacosPropertySourceBuilder.java:87] - Ignore the empty nacos configuration and get it based on dataId[content-api] & group[xuecheng-plus-project]
2024-02-04 12:09:54,602 WARN [com.alibaba.nacos.client.Worker.longPolling.fixed-localhost_8848-dev][NacosPropertySourceBuilder.java:87] - Ignore the empty nacos configuration and get it based on dataId[content-api.yaml] & group[xuecheng-plus-project]
2024-02-04 12:09:54,602 WARN [com.alibaba.nacos.client.Worker.longPolling.fixed-localhost_8848-dev][NacosPropertySourceBuilder.java:87] - Ignore the empty nacos configuration and get it based on dataId[content-api.yaml] & group[xuecheng-plus-project]
2024-02-04 12:09:54,604 INFO [com.alibaba.nacos.client.Worker.longPolling.fixed-localhost_8848-dev][PropertySourceBootstrapConfiguration.java:112] - Located property source: [BootstrapPropertySource {name='bootstrapProperties-content-api-dev.yaml,xuecheng-plus-project'}, BootstrapPropertySource {name='bootstrapProperties-content-api.yaml,xuecheng-plus-project'}, BootstrapPropertySource {name='bootstrapProperties-content-api,xuecheng-plus-project'}, BootstrapPropertySource {name='bootstrapProperties-content-service-dev.yaml,xuecheng-plus-project'}, BootstrapPropertySource {name='bootstrapProperties-logging-dev.yaml,xuecheng-plus-common'}, BootstrapPropertySource {name='bootstrapProperties-swagger-dev.yaml,xuecheng-plus-common'}]
2024-02-04 12:09:54,604 INFO [com.alibaba.nacos.client.Worker.longPolling.fixed-localhost_8848-dev][PropertySourceBootstrapConfiguration.java:112] - Located property source: [BootstrapPropertySource {name='bootstrapProperties-content-api-dev.yaml,xuecheng-plus-project'}, BootstrapPropertySource {name='bootstrapProperties-content-api.yaml,xuecheng-plus-project'}, BootstrapPropertySource {name='bootstrapProperties-content-api,xuecheng-plus-project'}, BootstrapPropertySource {name='bootstrapProperties-content-service-dev.yaml,xuecheng-plus-project'}, BootstrapPropertySource {name='bootstrapProperties-logging-dev.yaml,xuecheng-plus-common'}, BootstrapPropertySource {name='bootstrapProperties-swagger-dev.yaml,xuecheng-plus-common'}]
2024-02-04 12:09:54,610 INFO [com.alibaba.nacos.client.Worker.longPolling.fixed-localhost_8848-dev][SpringApplication.java:655] - The following profiles are active: dev
2024-02-04 12:09:54,610 INFO [com.alibaba.nacos.client.Worker.longPolling.fixed-localhost_8848-dev][SpringApplication.java:655] - The following profiles are active: dev
2024-02-04 12:09:54,617 INFO [com.alibaba.nacos.client.Worker.longPolling.fixed-localhost_8848-dev][StartupInfoLogger.java:61] - Started application in 2.702 seconds (JVM running for 2648.661)
2024-02-04 12:09:54,617 INFO [com.alibaba.nacos.client.Worker.longPolling.fixed-localhost_8848-dev][StartupInfoLogger.java:61] - Started application in 2.702 seconds (JVM running for 2648.661)
2024-02-04 12:09:54,622 INFO [com.alibaba.nacos.client.Worker.longPolling.fixed-localhost_8848-dev][SpringApplication.java:655] - The following profiles are active: dev
2024-02-04 12:09:54,622 INFO [com.alibaba.nacos.client.Worker.longPolling.fixed-localhost_8848-dev][SpringApplication.java:655] - The following profiles are active: dev
2024-02-04 12:09:54,629 INFO [com.alibaba.nacos.client.Worker.longPolling.fixed-localhost_8848-dev][StartupInfoLogger.java:61] - Started application in 2.697 seconds (JVM running for 2692.113)
2024-02-04 12:09:54,629 INFO [com.alibaba.nacos.client.Worker.longPolling.fixed-localhost_8848-dev][StartupInfoLogger.java:61] - Started application in 2.697 seconds (JVM running for 2692.113)
2024-02-04 12:09:54,652 INFO [com.alibaba.nacos.client.Worker.longPolling.fixed-localhost_8848-dev][RefreshEventListener.java:73] - Refresh keys changed: []
2024-02-04 12:09:54,652 INFO [com.alibaba.nacos.client.Worker.longPolling.fixed-localhost_8848-dev][RefreshEventListener.java:73] - Refresh keys changed: []
2024-02-04 12:09:54,652 INFO [com.alibaba.nacos.client.Worker.longPolling.fixed-localhost_8848-dev][CacheData.java:222] - [fixed-localhost_8848-dev] [notify-ok] dataId=swagger-dev.yaml, group=xuecheng-plus-common, md5=93b574b1079011b05667c29b9b66838e, listener=com.alibaba.cloud.nacos.refresh.NacosContextRefresher$1@63f2e7a8 
2024-02-04 12:09:54,652 INFO [com.alibaba.nacos.client.Worker.longPolling.fixed-localhost_8848-dev][CacheData.java:222] - [fixed-localhost_8848-dev] [notify-ok] dataId=swagger-dev.yaml, group=xuecheng-plus-common, md5=93b574b1079011b05667c29b9b66838e, listener=com.alibaba.cloud.nacos.refresh.NacosContextRefresher$1@63f2e7a8 
2024-02-04 12:09:54,652 INFO [com.alibaba.nacos.client.Worker.longPolling.fixed-localhost_8848-dev][CacheData.java:248] - [fixed-localhost_8848-dev] [notify-listener] time cost=2738ms in ClientWorker, dataId=swagger-dev.yaml, group=xuecheng-plus-common, md5=93b574b1079011b05667c29b9b66838e, listener=com.alibaba.cloud.nacos.refresh.NacosContextRefresher$1@63f2e7a8 
2024-02-04 12:09:54,652 INFO [com.alibaba.nacos.client.Worker.longPolling.fixed-localhost_8848-dev][CacheData.java:248] - [fixed-localhost_8848-dev] [notify-listener] time cost=2738ms in ClientWorker, dataId=swagger-dev.yaml, group=xuecheng-plus-common, md5=93b574b1079011b05667c29b9b66838e, listener=com.alibaba.cloud.nacos.refresh.NacosContextRefresher$1@63f2e7a8 
2024-02-04 12:09:54,652 INFO [com.alibaba.nacos.client.Worker.longPolling.fixed-localhost_8848-dev][CacheData.java:198] - [fixed-localhost_8848-dev] [notify-context] dataId=logging-dev.yaml, group=xuecheng-plus-common, md5=cf8b1af28beb25b242f97519c8f2c560
2024-02-04 12:09:54,652 INFO [com.alibaba.nacos.client.Worker.longPolling.fixed-localhost_8848-dev][CacheData.java:198] - [fixed-localhost_8848-dev] [notify-context] dataId=logging-dev.yaml, group=xuecheng-plus-common, md5=cf8b1af28beb25b242f97519c8f2c560
2024-02-04 12:09:54,664 INFO [com.alibaba.nacos.client.Worker.longPolling.fixed-localhost_8848-dev][RefreshEventListener.java:73] - Refresh keys changed: []
2024-02-04 12:09:54,664 INFO [com.alibaba.nacos.client.Worker.longPolling.fixed-localhost_8848-dev][RefreshEventListener.java:73] - Refresh keys changed: []
2024-02-04 12:09:54,664 INFO [com.alibaba.nacos.client.Worker.longPolling.fixed-localhost_8848-dev][CacheData.java:222] - [fixed-localhost_8848-dev] [notify-ok] dataId=content-api-dev.yaml, group=xuecheng-plus-project, md5=b253988f9f30d549192402cbab566a0e, listener=com.alibaba.cloud.nacos.refresh.NacosContextRefresher$1@4f8b9df0 
2024-02-04 12:09:54,664 INFO [com.alibaba.nacos.client.Worker.longPolling.fixed-localhost_8848-dev][CacheData.java:222] - [fixed-localhost_8848-dev] [notify-ok] dataId=content-api-dev.yaml, group=xuecheng-plus-project, md5=b253988f9f30d549192402cbab566a0e, listener=com.alibaba.cloud.nacos.refresh.NacosContextRefresher$1@4f8b9df0 
2024-02-04 12:09:54,664 INFO [com.alibaba.nacos.client.Worker.longPolling.fixed-localhost_8848-dev][CacheData.java:248] - [fixed-localhost_8848-dev] [notify-listener] time cost=2733ms in ClientWorker, dataId=content-api-dev.yaml, group=xuecheng-plus-project, md5=b253988f9f30d549192402cbab566a0e, listener=com.alibaba.cloud.nacos.refresh.NacosContextRefresher$1@4f8b9df0 
2024-02-04 12:09:54,664 INFO [com.alibaba.nacos.client.Worker.longPolling.fixed-localhost_8848-dev][CacheData.java:248] - [fixed-localhost_8848-dev] [notify-listener] time cost=2733ms in ClientWorker, dataId=content-api-dev.yaml, group=xuecheng-plus-project, md5=b253988f9f30d549192402cbab566a0e, listener=com.alibaba.cloud.nacos.refresh.NacosContextRefresher$1@4f8b9df0 
2024-02-04 12:09:54,664 INFO [com.alibaba.nacos.client.Worker.longPolling.fixed-localhost_8848-dev][CacheData.java:198] - [fixed-localhost_8848-dev] [notify-context] dataId=swagger-dev.yaml, group=xuecheng-plus-common, md5=93b574b1079011b05667c29b9b66838e
2024-02-04 12:09:54,664 INFO [com.alibaba.nacos.client.Worker.longPolling.fixed-localhost_8848-dev][CacheData.java:198] - [fixed-localhost_8848-dev] [notify-context] dataId=swagger-dev.yaml, group=xuecheng-plus-common, md5=93b574b1079011b05667c29b9b66838e
2024-02-04 12:09:55,933 INFO [com.alibaba.nacos.client.Worker.longPolling.fixed-localhost_8848-dev][InetUtils.java:170] - Cannot determine local hostname
2024-02-04 12:09:55,933 INFO [com.alibaba.nacos.client.Worker.longPolling.fixed-localhost_8848-dev][InetUtils.java:170] - Cannot determine local hostname
2024-02-04 12:09:55,949 INFO [com.alibaba.nacos.client.Worker.longPolling.fixed-localhost_8848-dev][InetUtils.java:170] - Cannot determine local hostname
2024-02-04 12:09:55,949 INFO [com.alibaba.nacos.client.Worker.longPolling.fixed-localhost_8848-dev][InetUtils.java:170] - Cannot determine local hostname
2024-02-04 12:09:57,288 INFO [com.alibaba.nacos.client.Worker.longPolling.fixed-localhost_8848-dev][InetUtils.java:170] - Cannot determine local hostname
2024-02-04 12:09:57,288 INFO [com.alibaba.nacos.client.Worker.longPolling.fixed-localhost_8848-dev][InetUtils.java:170] - Cannot determine local hostname
2024-02-04 12:09:57,288 INFO [com.alibaba.nacos.client.Worker.longPolling.fixed-localhost_8848-dev][InetUtils.java:170] - Cannot determine local hostname
2024-02-04 12:09:57,288 INFO [com.alibaba.nacos.client.Worker.longPolling.fixed-localhost_8848-dev][InetUtils.java:170] - Cannot determine local hostname
2024-02-04 12:09:57,330 WARN [com.alibaba.nacos.client.Worker.longPolling.fixed-localhost_8848-dev][NacosPropertySourceBuilder.java:87] - Ignore the empty nacos configuration and get it based on dataId[content-api] & group[xuecheng-plus-project]
2024-02-04 12:09:57,330 WARN [com.alibaba.nacos.client.Worker.longPolling.fixed-localhost_8848-dev][NacosPropertySourceBuilder.java:87] - Ignore the empty nacos configuration and get it based on dataId[content-api] & group[xuecheng-plus-project]
2024-02-04 12:09:57,332 WARN [com.alibaba.nacos.client.Worker.longPolling.fixed-localhost_8848-dev][NacosPropertySourceBuilder.java:87] - Ignore the empty nacos configuration and get it based on dataId[content-api.yaml] & group[xuecheng-plus-project]
2024-02-04 12:09:57,332 WARN [com.alibaba.nacos.client.Worker.longPolling.fixed-localhost_8848-dev][NacosPropertySourceBuilder.java:87] - Ignore the empty nacos configuration and get it based on dataId[content-api.yaml] & group[xuecheng-plus-project]
2024-02-04 12:09:57,337 INFO [com.alibaba.nacos.client.Worker.longPolling.fixed-localhost_8848-dev][PropertySourceBootstrapConfiguration.java:112] - Located property source: [BootstrapPropertySource {name='bootstrapProperties-content-api-dev.yaml,xuecheng-plus-project'}, BootstrapPropertySource {name='bootstrapProperties-content-api.yaml,xuecheng-plus-project'}, BootstrapPropertySource {name='bootstrapProperties-content-api,xuecheng-plus-project'}, BootstrapPropertySource {name='bootstrapProperties-content-service-dev.yaml,xuecheng-plus-project'}, BootstrapPropertySource {name='bootstrapProperties-logging-dev.yaml,xuecheng-plus-common'}, BootstrapPropertySource {name='bootstrapProperties-swagger-dev.yaml,xuecheng-plus-common'}]
2024-02-04 12:09:57,337 INFO [com.alibaba.nacos.client.Worker.longPolling.fixed-localhost_8848-dev][PropertySourceBootstrapConfiguration.java:112] - Located property source: [BootstrapPropertySource {name='bootstrapProperties-content-api-dev.yaml,xuecheng-plus-project'}, BootstrapPropertySource {name='bootstrapProperties-content-api.yaml,xuecheng-plus-project'}, BootstrapPropertySource {name='bootstrapProperties-content-api,xuecheng-plus-project'}, BootstrapPropertySource {name='bootstrapProperties-content-service-dev.yaml,xuecheng-plus-project'}, BootstrapPropertySource {name='bootstrapProperties-logging-dev.yaml,xuecheng-plus-common'}, BootstrapPropertySource {name='bootstrapProperties-swagger-dev.yaml,xuecheng-plus-common'}]
2024-02-04 12:09:57,339 WARN [com.alibaba.nacos.client.Worker.longPolling.fixed-localhost_8848-dev][NacosPropertySourceBuilder.java:87] - Ignore the empty nacos configuration and get it based on dataId[media-api] & group[xuecheng-plus-project]
2024-02-04 12:09:57,339 WARN [com.alibaba.nacos.client.Worker.longPolling.fixed-localhost_8848-dev][NacosPropertySourceBuilder.java:87] - Ignore the empty nacos configuration and get it based on dataId[media-api] & group[xuecheng-plus-project]
2024-02-04 12:09:57,343 WARN [com.alibaba.nacos.client.Worker.longPolling.fixed-localhost_8848-dev][NacosPropertySourceBuilder.java:87] - Ignore the empty nacos configuration and get it based on dataId[media-api.yaml] & group[xuecheng-plus-project]
2024-02-04 12:09:57,343 WARN [com.alibaba.nacos.client.Worker.longPolling.fixed-localhost_8848-dev][NacosPropertySourceBuilder.java:87] - Ignore the empty nacos configuration and get it based on dataId[media-api.yaml] & group[xuecheng-plus-project]
2024-02-04 12:09:57,346 INFO [com.alibaba.nacos.client.Worker.longPolling.fixed-localhost_8848-dev][PropertySourceBootstrapConfiguration.java:112] - Located property source: [BootstrapPropertySource {name='bootstrapProperties-media-api-dev.yaml,xuecheng-plus-project'}, BootstrapPropertySource {name='bootstrapProperties-media-api.yaml,xuecheng-plus-project'}, BootstrapPropertySource {name='bootstrapProperties-media-api,xuecheng-plus-project'}, BootstrapPropertySource {name='bootstrapProperties-media-service-dev.yaml,xuecheng-plus-project'}, BootstrapPropertySource {name='bootstrapProperties-logging-dev.yaml,xuecheng-plus-common'}, BootstrapPropertySource {name='bootstrapProperties-swagger-dev.yaml,xuecheng-plus-common'}]
2024-02-04 12:09:57,346 INFO [com.alibaba.nacos.client.Worker.longPolling.fixed-localhost_8848-dev][PropertySourceBootstrapConfiguration.java:112] - Located property source: [BootstrapPropertySource {name='bootstrapProperties-media-api-dev.yaml,xuecheng-plus-project'}, BootstrapPropertySource {name='bootstrapProperties-media-api.yaml,xuecheng-plus-project'}, BootstrapPropertySource {name='bootstrapProperties-media-api,xuecheng-plus-project'}, BootstrapPropertySource {name='bootstrapProperties-media-service-dev.yaml,xuecheng-plus-project'}, BootstrapPropertySource {name='bootstrapProperties-logging-dev.yaml,xuecheng-plus-common'}, BootstrapPropertySource {name='bootstrapProperties-swagger-dev.yaml,xuecheng-plus-common'}]
2024-02-04 12:09:57,362 INFO [com.alibaba.nacos.client.Worker.longPolling.fixed-localhost_8848-dev][SpringApplication.java:655] - The following profiles are active: dev
2024-02-04 12:09:57,362 INFO [com.alibaba.nacos.client.Worker.longPolling.fixed-localhost_8848-dev][SpringApplication.java:655] - The following profiles are active: dev
2024-02-04 12:09:57,369 INFO [com.alibaba.nacos.client.Worker.longPolling.fixed-localhost_8848-dev][SpringApplication.java:655] - The following profiles are active: dev
2024-02-04 12:09:57,369 INFO [com.alibaba.nacos.client.Worker.longPolling.fixed-localhost_8848-dev][SpringApplication.java:655] - The following profiles are active: dev
2024-02-04 12:09:57,371 INFO [com.alibaba.nacos.client.Worker.longPolling.fixed-localhost_8848-dev][StartupInfoLogger.java:61] - Started application in 2.705 seconds (JVM running for 2694.854)
2024-02-04 12:09:57,371 INFO [com.alibaba.nacos.client.Worker.longPolling.fixed-localhost_8848-dev][StartupInfoLogger.java:61] - Started application in 2.705 seconds (JVM running for 2694.854)
2024-02-04 12:09:57,377 INFO [com.alibaba.nacos.client.Worker.longPolling.fixed-localhost_8848-dev][StartupInfoLogger.java:61] - Started application in 2.723 seconds (JVM running for 2651.421)
2024-02-04 12:09:57,377 INFO [com.alibaba.nacos.client.Worker.longPolling.fixed-localhost_8848-dev][StartupInfoLogger.java:61] - Started application in 2.723 seconds (JVM running for 2651.421)
2024-02-04 12:09:57,418 INFO [com.alibaba.nacos.client.Worker.longPolling.fixed-localhost_8848-dev][RefreshEventListener.java:73] - Refresh keys changed: []
2024-02-04 12:09:57,418 INFO [com.alibaba.nacos.client.Worker.longPolling.fixed-localhost_8848-dev][RefreshEventListener.java:73] - Refresh keys changed: []
2024-02-04 12:09:57,418 INFO [com.alibaba.nacos.client.Worker.longPolling.fixed-localhost_8848-dev][CacheData.java:222] - [fixed-localhost_8848-dev] [notify-ok] dataId=swagger-dev.yaml, group=xuecheng-plus-common, md5=93b574b1079011b05667c29b9b66838e, listener=com.alibaba.cloud.nacos.refresh.NacosContextRefresher$1@4064d02e 
2024-02-04 12:09:57,418 INFO [com.alibaba.nacos.client.Worker.longPolling.fixed-localhost_8848-dev][CacheData.java:222] - [fixed-localhost_8848-dev] [notify-ok] dataId=swagger-dev.yaml, group=xuecheng-plus-common, md5=93b574b1079011b05667c29b9b66838e, listener=com.alibaba.cloud.nacos.refresh.NacosContextRefresher$1@4064d02e 
2024-02-04 12:09:57,418 INFO [com.alibaba.nacos.client.Worker.longPolling.fixed-localhost_8848-dev][CacheData.java:248] - [fixed-localhost_8848-dev] [notify-listener] time cost=2754ms in ClientWorker, dataId=swagger-dev.yaml, group=xuecheng-plus-common, md5=93b574b1079011b05667c29b9b66838e, listener=com.alibaba.cloud.nacos.refresh.NacosContextRefresher$1@4064d02e 
2024-02-04 12:09:57,418 INFO [com.alibaba.nacos.client.Worker.longPolling.fixed-localhost_8848-dev][CacheData.java:248] - [fixed-localhost_8848-dev] [notify-listener] time cost=2754ms in ClientWorker, dataId=swagger-dev.yaml, group=xuecheng-plus-common, md5=93b574b1079011b05667c29b9b66838e, listener=com.alibaba.cloud.nacos.refresh.NacosContextRefresher$1@4064d02e 
2024-02-04 12:09:57,418 INFO [com.alibaba.nacos.client.Worker.longPolling.fixed-localhost_8848-dev][CacheData.java:198] - [fixed-localhost_8848-dev] [notify-context] dataId=content-service-dev.yaml, group=xuecheng-plus-project, md5=5941dba8e620b1a264dac7e50ab13952
2024-02-04 12:09:57,418 INFO [com.alibaba.nacos.client.Worker.longPolling.fixed-localhost_8848-dev][CacheData.java:198] - [fixed-localhost_8848-dev] [notify-context] dataId=content-service-dev.yaml, group=xuecheng-plus-project, md5=5941dba8e620b1a264dac7e50ab13952
2024-02-04 12:09:57,422 INFO [com.alibaba.nacos.client.Worker.longPolling.fixed-localhost_8848-dev][RefreshEventListener.java:73] - Refresh keys changed: []
2024-02-04 12:09:57,422 INFO [com.alibaba.nacos.client.Worker.longPolling.fixed-localhost_8848-dev][RefreshEventListener.java:73] - Refresh keys changed: []
2024-02-04 12:09:57,422 INFO [com.alibaba.nacos.client.Worker.longPolling.fixed-localhost_8848-dev][CacheData.java:222] - [fixed-localhost_8848-dev] [notify-ok] dataId=logging-dev.yaml, group=xuecheng-plus-common, md5=cf8b1af28beb25b242f97519c8f2c560, listener=com.alibaba.cloud.nacos.refresh.NacosContextRefresher$1@c267879 
2024-02-04 12:09:57,422 INFO [com.alibaba.nacos.client.Worker.longPolling.fixed-localhost_8848-dev][CacheData.java:222] - [fixed-localhost_8848-dev] [notify-ok] dataId=logging-dev.yaml, group=xuecheng-plus-common, md5=cf8b1af28beb25b242f97519c8f2c560, listener=com.alibaba.cloud.nacos.refresh.NacosContextRefresher$1@c267879 
2024-02-04 12:09:57,422 INFO [com.alibaba.nacos.client.Worker.longPolling.fixed-localhost_8848-dev][CacheData.java:248] - [fixed-localhost_8848-dev] [notify-listener] time cost=2770ms in ClientWorker, dataId=logging-dev.yaml, group=xuecheng-plus-common, md5=cf8b1af28beb25b242f97519c8f2c560, listener=com.alibaba.cloud.nacos.refresh.NacosContextRefresher$1@c267879 
2024-02-04 12:09:57,422 INFO [com.alibaba.nacos.client.Worker.longPolling.fixed-localhost_8848-dev][CacheData.java:248] - [fixed-localhost_8848-dev] [notify-listener] time cost=2770ms in ClientWorker, dataId=logging-dev.yaml, group=xuecheng-plus-common, md5=cf8b1af28beb25b242f97519c8f2c560, listener=com.alibaba.cloud.nacos.refresh.NacosContextRefresher$1@c267879 
2024-02-04 12:09:58,663 INFO [com.alibaba.nacos.client.Worker.longPolling.fixed-localhost_8848-dev][InetUtils.java:170] - Cannot determine local hostname
2024-02-04 12:09:58,663 INFO [com.alibaba.nacos.client.Worker.longPolling.fixed-localhost_8848-dev][InetUtils.java:170] - Cannot determine local hostname
2024-02-04 12:09:59,971 INFO [com.alibaba.nacos.client.Worker.longPolling.fixed-localhost_8848-dev][InetUtils.java:170] - Cannot determine local hostname
2024-02-04 12:09:59,971 INFO [com.alibaba.nacos.client.Worker.longPolling.fixed-localhost_8848-dev][InetUtils.java:170] - Cannot determine local hostname
2024-02-04 12:09:59,997 WARN [com.alibaba.nacos.client.Worker.longPolling.fixed-localhost_8848-dev][NacosPropertySourceBuilder.java:87] - Ignore the empty nacos configuration and get it based on dataId[content-api] & group[xuecheng-plus-project]
2024-02-04 12:09:59,997 WARN [com.alibaba.nacos.client.Worker.longPolling.fixed-localhost_8848-dev][NacosPropertySourceBuilder.java:87] - Ignore the empty nacos configuration and get it based on dataId[content-api] & group[xuecheng-plus-project]
2024-02-04 12:09:59,998 WARN [com.alibaba.nacos.client.Worker.longPolling.fixed-localhost_8848-dev][NacosPropertySourceBuilder.java:87] - Ignore the empty nacos configuration and get it based on dataId[content-api.yaml] & group[xuecheng-plus-project]
2024-02-04 12:09:59,998 WARN [com.alibaba.nacos.client.Worker.longPolling.fixed-localhost_8848-dev][NacosPropertySourceBuilder.java:87] - Ignore the empty nacos configuration and get it based on dataId[content-api.yaml] & group[xuecheng-plus-project]
2024-02-04 12:10:00,000 INFO [com.alibaba.nacos.client.Worker.longPolling.fixed-localhost_8848-dev][PropertySourceBootstrapConfiguration.java:112] - Located property source: [BootstrapPropertySource {name='bootstrapProperties-content-api-dev.yaml,xuecheng-plus-project'}, BootstrapPropertySource {name='bootstrapProperties-content-api.yaml,xuecheng-plus-project'}, BootstrapPropertySource {name='bootstrapProperties-content-api,xuecheng-plus-project'}, BootstrapPropertySource {name='bootstrapProperties-content-service-dev.yaml,xuecheng-plus-project'}, BootstrapPropertySource {name='bootstrapProperties-logging-dev.yaml,xuecheng-plus-common'}, BootstrapPropertySource {name='bootstrapProperties-swagger-dev.yaml,xuecheng-plus-common'}]
2024-02-04 12:10:00,000 INFO [com.alibaba.nacos.client.Worker.longPolling.fixed-localhost_8848-dev][PropertySourceBootstrapConfiguration.java:112] - Located property source: [BootstrapPropertySource {name='bootstrapProperties-content-api-dev.yaml,xuecheng-plus-project'}, BootstrapPropertySource {name='bootstrapProperties-content-api.yaml,xuecheng-plus-project'}, BootstrapPropertySource {name='bootstrapProperties-content-api,xuecheng-plus-project'}, BootstrapPropertySource {name='bootstrapProperties-content-service-dev.yaml,xuecheng-plus-project'}, BootstrapPropertySource {name='bootstrapProperties-logging-dev.yaml,xuecheng-plus-common'}, BootstrapPropertySource {name='bootstrapProperties-swagger-dev.yaml,xuecheng-plus-common'}]
2024-02-04 12:10:00,020 INFO [com.alibaba.nacos.client.Worker.longPolling.fixed-localhost_8848-dev][SpringApplication.java:655] - The following profiles are active: dev
2024-02-04 12:10:00,020 INFO [com.alibaba.nacos.client.Worker.longPolling.fixed-localhost_8848-dev][SpringApplication.java:655] - The following profiles are active: dev
2024-02-04 12:10:00,031 INFO [com.alibaba.nacos.client.Worker.longPolling.fixed-localhost_8848-dev][StartupInfoLogger.java:61] - Started application in 2.612 seconds (JVM running for 2697.515)
2024-02-04 12:10:00,031 INFO [com.alibaba.nacos.client.Worker.longPolling.fixed-localhost_8848-dev][StartupInfoLogger.java:61] - Started application in 2.612 seconds (JVM running for 2697.515)
2024-02-04 12:10:00,060 INFO [com.alibaba.nacos.client.Worker.longPolling.fixed-localhost_8848-dev][RefreshEventListener.java:73] - Refresh keys changed: []
2024-02-04 12:10:00,060 INFO [com.alibaba.nacos.client.Worker.longPolling.fixed-localhost_8848-dev][RefreshEventListener.java:73] - Refresh keys changed: []
2024-02-04 12:10:00,061 INFO [com.alibaba.nacos.client.Worker.longPolling.fixed-localhost_8848-dev][CacheData.java:222] - [fixed-localhost_8848-dev] [notify-ok] dataId=content-service-dev.yaml, group=xuecheng-plus-project, md5=5941dba8e620b1a264dac7e50ab13952, listener=com.alibaba.cloud.nacos.refresh.NacosContextRefresher$1@2c1c74ac 
2024-02-04 12:10:00,061 INFO [com.alibaba.nacos.client.Worker.longPolling.fixed-localhost_8848-dev][CacheData.java:222] - [fixed-localhost_8848-dev] [notify-ok] dataId=content-service-dev.yaml, group=xuecheng-plus-project, md5=5941dba8e620b1a264dac7e50ab13952, listener=com.alibaba.cloud.nacos.refresh.NacosContextRefresher$1@2c1c74ac 
2024-02-04 12:10:00,061 INFO [com.alibaba.nacos.client.Worker.longPolling.fixed-localhost_8848-dev][CacheData.java:248] - [fixed-localhost_8848-dev] [notify-listener] time cost=2643ms in ClientWorker, dataId=content-service-dev.yaml, group=xuecheng-plus-project, md5=5941dba8e620b1a264dac7e50ab13952, listener=com.alibaba.cloud.nacos.refresh.NacosContextRefresher$1@2c1c74ac 
2024-02-04 12:10:00,061 INFO [com.alibaba.nacos.client.Worker.longPolling.fixed-localhost_8848-dev][CacheData.java:248] - [fixed-localhost_8848-dev] [notify-listener] time cost=2643ms in ClientWorker, dataId=content-service-dev.yaml, group=xuecheng-plus-project, md5=5941dba8e620b1a264dac7e50ab13952, listener=com.alibaba.cloud.nacos.refresh.NacosContextRefresher$1@2c1c74ac 
2024-02-04 12:10:22,637 DEBUG [Nacos-Watch-Task-Scheduler-1][RouteDefinitionRouteLocator.java:271] - RouteDefinition content-api applying {_genkey_0=/content/**} to Path
2024-02-04 12:10:22,637 DEBUG [Nacos-Watch-Task-Scheduler-1][RouteDefinitionRouteLocator.java:271] - RouteDefinition content-api applying {_genkey_0=/content/**} to Path
2024-02-04 12:10:22,638 DEBUG [Nacos-Watch-Task-Scheduler-1][RouteDefinitionRouteLocator.java:162] - RouteDefinition matched: content-api
2024-02-04 12:10:22,638 DEBUG [Nacos-Watch-Task-Scheduler-1][RouteDefinitionRouteLocator.java:162] - RouteDefinition matched: content-api
2024-02-04 12:10:22,638 DEBUG [Nacos-Watch-Task-Scheduler-1][RouteDefinitionRouteLocator.java:271] - RouteDefinition system-api applying {_genkey_0=/system/**} to Path
2024-02-04 12:10:22,638 DEBUG [Nacos-Watch-Task-Scheduler-1][RouteDefinitionRouteLocator.java:271] - RouteDefinition system-api applying {_genkey_0=/system/**} to Path
2024-02-04 12:10:22,638 DEBUG [Nacos-Watch-Task-Scheduler-1][RouteDefinitionRouteLocator.java:162] - RouteDefinition matched: system-api
2024-02-04 12:10:22,638 DEBUG [Nacos-Watch-Task-Scheduler-1][RouteDefinitionRouteLocator.java:162] - RouteDefinition matched: system-api
2024-02-04 12:10:22,638 DEBUG [Nacos-Watch-Task-Scheduler-1][RouteDefinitionRouteLocator.java:271] - RouteDefinition media-api applying {_genkey_0=/media/**} to Path
2024-02-04 12:10:22,638 DEBUG [Nacos-Watch-Task-Scheduler-1][RouteDefinitionRouteLocator.java:271] - RouteDefinition media-api applying {_genkey_0=/media/**} to Path
2024-02-04 12:10:22,639 DEBUG [Nacos-Watch-Task-Scheduler-1][RouteDefinitionRouteLocator.java:162] - RouteDefinition matched: media-api
2024-02-04 12:10:22,639 DEBUG [Nacos-Watch-Task-Scheduler-1][RouteDefinitionRouteLocator.java:162] - RouteDefinition matched: media-api
2024-02-04 12:10:22,639 DEBUG [Nacos-Watch-Task-Scheduler-1][RouteDefinitionRouteLocator.java:271] - RouteDefinition search-service applying {_genkey_0=/search/**} to Path
2024-02-04 12:10:22,639 DEBUG [Nacos-Watch-Task-Scheduler-1][RouteDefinitionRouteLocator.java:271] - RouteDefinition search-service applying {_genkey_0=/search/**} to Path
2024-02-04 12:10:22,639 DEBUG [Nacos-Watch-Task-Scheduler-1][RouteDefinitionRouteLocator.java:162] - RouteDefinition matched: search-service
2024-02-04 12:10:22,639 DEBUG [Nacos-Watch-Task-Scheduler-1][RouteDefinitionRouteLocator.java:162] - RouteDefinition matched: search-service
2024-02-04 12:10:22,640 DEBUG [Nacos-Watch-Task-Scheduler-1][RouteDefinitionRouteLocator.java:271] - RouteDefinition auth-service applying {_genkey_0=/auth/**} to Path
2024-02-04 12:10:22,640 DEBUG [Nacos-Watch-Task-Scheduler-1][RouteDefinitionRouteLocator.java:271] - RouteDefinition auth-service applying {_genkey_0=/auth/**} to Path
2024-02-04 12:10:22,640 DEBUG [Nacos-Watch-Task-Scheduler-1][RouteDefinitionRouteLocator.java:162] - RouteDefinition matched: auth-service
2024-02-04 12:10:22,640 DEBUG [Nacos-Watch-Task-Scheduler-1][RouteDefinitionRouteLocator.java:162] - RouteDefinition matched: auth-service
2024-02-04 12:10:22,640 DEBUG [Nacos-Watch-Task-Scheduler-1][RouteDefinitionRouteLocator.java:271] - RouteDefinition checkcode applying {_genkey_0=/checkcode/**} to Path
2024-02-04 12:10:22,640 DEBUG [Nacos-Watch-Task-Scheduler-1][RouteDefinitionRouteLocator.java:271] - RouteDefinition checkcode applying {_genkey_0=/checkcode/**} to Path
2024-02-04 12:10:22,641 DEBUG [Nacos-Watch-Task-Scheduler-1][RouteDefinitionRouteLocator.java:162] - RouteDefinition matched: checkcode
2024-02-04 12:10:22,641 DEBUG [Nacos-Watch-Task-Scheduler-1][RouteDefinitionRouteLocator.java:162] - RouteDefinition matched: checkcode
2024-02-04 12:10:22,641 DEBUG [Nacos-Watch-Task-Scheduler-1][RouteDefinitionRouteLocator.java:271] - RouteDefinition learning-api applying {_genkey_0=/learning/**} to Path
2024-02-04 12:10:22,641 DEBUG [Nacos-Watch-Task-Scheduler-1][RouteDefinitionRouteLocator.java:271] - RouteDefinition learning-api applying {_genkey_0=/learning/**} to Path
2024-02-04 12:10:22,641 DEBUG [Nacos-Watch-Task-Scheduler-1][RouteDefinitionRouteLocator.java:162] - RouteDefinition matched: learning-api
2024-02-04 12:10:22,641 DEBUG [Nacos-Watch-Task-Scheduler-1][RouteDefinitionRouteLocator.java:162] - RouteDefinition matched: learning-api
2024-02-04 12:10:22,641 DEBUG [Nacos-Watch-Task-Scheduler-1][RouteDefinitionRouteLocator.java:271] - RouteDefinition orders-api applying {_genkey_0=/orders/**} to Path
2024-02-04 12:10:22,641 DEBUG [Nacos-Watch-Task-Scheduler-1][RouteDefinitionRouteLocator.java:271] - RouteDefinition orders-api applying {_genkey_0=/orders/**} to Path
2024-02-04 12:10:22,642 DEBUG [Nacos-Watch-Task-Scheduler-1][RouteDefinitionRouteLocator.java:162] - RouteDefinition matched: orders-api
2024-02-04 12:10:22,642 DEBUG [Nacos-Watch-Task-Scheduler-1][RouteDefinitionRouteLocator.java:162] - RouteDefinition matched: orders-api
