2024-01-29 18:05:11,309 WARN [Thread-32][NotifyCenter.java:145] - [NotifyCenter] Start destroying Publisher
2024-01-29 18:05:11,309 WARN [Thread-32][NotifyCenter.java:145] - [NotifyCenter] Start destroying Publisher
2024-01-29 18:05:11,309 WARN [Thread-5][HttpClientBeanHolder.java:108] - [HttpClientBeanHolder] Start destroying common HttpClient
2024-01-29 18:05:11,309 WARN [Thread-5][HttpClientBeanHolder.java:108] - [HttpClientBeanHolder] Start destroying common HttpClient
2024-01-29 18:05:11,356 WARN [Thread-32][NotifyCenter.java:162] - [NotifyCenter] Destruction of the end
2024-01-29 18:05:11,356 WARN [Thread-32][NotifyCenter.java:162] - [NotifyCenter] Destruction of the end
2024-01-29 18:05:11,357 WARN [Thread-5][HttpClientBeanHolder.java:114] - [HttpClientBeanHolder] Destruction of the end
2024-01-29 18:05:11,357 WARN [Thread-5][HttpClientBeanHolder.java:114] - [HttpClientBeanHolder] Destruction of the end
2024-01-29 18:05:11,359 INFO [SpringContextShutdownHook][ExecutorConfigurationSupport.java:218] - Shutting down ExecutorService 'Nacos-Watch-Task-Scheduler'
2024-01-29 18:05:11,359 INFO [SpringContextShutdownHook][ExecutorConfigurationSupport.java:218] - Shutting down ExecutorService 'Nacos-Watch-Task-Scheduler'
2024-01-29 18:05:11,365 INFO [SpringContextShutdownHook][NacosServiceRegistry.java:94] - De-registering from Nacos Server now...
2024-01-29 18:05:11,365 INFO [SpringContextShutdownHook][NacosServiceRegistry.java:94] - De-registering from Nacos Server now...
2024-01-29 18:05:11,365 INFO [SpringContextShutdownHook][BeatReactor.java:101] - [BEAT] removing beat: xuecheng-plus-project@@gateway:192.168.23.1:63010 from beat map.
2024-01-29 18:05:11,365 INFO [SpringContextShutdownHook][BeatReactor.java:101] - [BEAT] removing beat: xuecheng-plus-project@@gateway:192.168.23.1:63010 from beat map.
2024-01-29 18:05:11,366 INFO [SpringContextShutdownHook][NamingProxy.java:260] - [DEREGISTER-SERVICE] dev deregistering service xuecheng-plus-project@@gateway with instance: Instance{instanceId='null', ip='192.168.23.1', port=63010, weight=1.0, healthy=true, enabled=true, ephemeral=true, clusterName='DEFAULT', serviceName='null', metadata={}}
2024-01-29 18:05:11,366 INFO [SpringContextShutdownHook][NamingProxy.java:260] - [DEREGISTER-SERVICE] dev deregistering service xuecheng-plus-project@@gateway with instance: Instance{instanceId='null', ip='192.168.23.1', port=63010, weight=1.0, healthy=true, enabled=true, ephemeral=true, clusterName='DEFAULT', serviceName='null', metadata={}}
2024-01-29 18:05:11,368 INFO [SpringContextShutdownHook][NacosServiceRegistry.java:114] - De-registration finished.
2024-01-29 18:05:11,368 INFO [SpringContextShutdownHook][NacosServiceRegistry.java:114] - De-registration finished.
2024-01-29 18:05:11,369 INFO [SpringContextShutdownHook][BeatReactor.java:147] - com.alibaba.nacos.client.naming.beat.BeatReactor do shutdown begin
2024-01-29 18:05:11,369 INFO [SpringContextShutdownHook][BeatReactor.java:147] - com.alibaba.nacos.client.naming.beat.BeatReactor do shutdown begin
2024-01-29 18:05:11,485 INFO [SpringContextShutdownHook][ExecutorConfigurationSupport.java:218] - Shutting down ExecutorService 'Nacos-Watch-Task-Scheduler'
2024-01-29 18:05:11,485 INFO [SpringContextShutdownHook][ExecutorConfigurationSupport.java:218] - Shutting down ExecutorService 'Nacos-Watch-Task-Scheduler'
2024-01-29 18:05:11,489 INFO [SpringContextShutdownHook][ExecutorConfigurationSupport.java:218] - Shutting down ExecutorService 'taskScheduler'
2024-01-29 18:05:11,489 INFO [SpringContextShutdownHook][ExecutorConfigurationSupport.java:218] - Shutting down ExecutorService 'taskScheduler'
2024-01-29 18:05:11,490 INFO [SpringContextShutdownHook][NacosServiceRegistry.java:94] - De-registering from Nacos Server now...
2024-01-29 18:05:11,490 INFO [SpringContextShutdownHook][NacosServiceRegistry.java:94] - De-registering from Nacos Server now...
2024-01-29 18:05:11,497 INFO [SpringContextShutdownHook][NacosServiceRegistry.java:114] - De-registration finished.
2024-01-29 18:05:11,497 INFO [SpringContextShutdownHook][NacosServiceRegistry.java:114] - De-registration finished.
2024-01-29 18:05:11,518 INFO [SpringContextShutdownHook][ExecutorConfigurationSupport.java:218] - Shutting down ExecutorService 'Nacos-Watch-Task-Scheduler'
2024-01-29 18:05:11,518 INFO [SpringContextShutdownHook][ExecutorConfigurationSupport.java:218] - Shutting down ExecutorService 'Nacos-Watch-Task-Scheduler'
2024-01-29 18:05:11,524 INFO [SpringContextShutdownHook][NacosServiceRegistry.java:94] - De-registering from Nacos Server now...
2024-01-29 18:05:11,524 INFO [SpringContextShutdownHook][NacosServiceRegistry.java:94] - De-registering from Nacos Server now...
2024-01-29 18:05:11,525 INFO [SpringContextShutdownHook][BeatReactor.java:101] - [BEAT] removing beat: xuecheng-plus-project@@content-api:192.168.23.1:63040 from beat map.
2024-01-29 18:05:11,525 INFO [SpringContextShutdownHook][BeatReactor.java:101] - [BEAT] removing beat: xuecheng-plus-project@@content-api:192.168.23.1:63040 from beat map.
2024-01-29 18:05:11,525 INFO [SpringContextShutdownHook][NamingProxy.java:260] - [DEREGISTER-SERVICE] dev deregistering service xuecheng-plus-project@@content-api with instance: Instance{instanceId='null', ip='192.168.23.1', port=63040, weight=1.0, healthy=true, enabled=true, ephemeral=true, clusterName='DEFAULT', serviceName='null', metadata={}}
2024-01-29 18:05:11,525 INFO [SpringContextShutdownHook][NamingProxy.java:260] - [DEREGISTER-SERVICE] dev deregistering service xuecheng-plus-project@@content-api with instance: Instance{instanceId='null', ip='192.168.23.1', port=63040, weight=1.0, healthy=true, enabled=true, ephemeral=true, clusterName='DEFAULT', serviceName='null', metadata={}}
2024-01-29 18:05:11,527 INFO [SpringContextShutdownHook][NacosServiceRegistry.java:114] - De-registration finished.
2024-01-29 18:05:11,527 INFO [SpringContextShutdownHook][NacosServiceRegistry.java:114] - De-registration finished.
2024-01-29 18:05:11,528 INFO [SpringContextShutdownHook][BeatReactor.java:147] - com.alibaba.nacos.client.naming.beat.BeatReactor do shutdown begin
2024-01-29 18:05:11,528 INFO [SpringContextShutdownHook][BeatReactor.java:147] - com.alibaba.nacos.client.naming.beat.BeatReactor do shutdown begin
2024-01-29 18:05:11,570 INFO [SpringContextShutdownHook][BeatReactor.java:149] - com.alibaba.nacos.client.naming.beat.BeatReactor do shutdown stop
2024-01-29 18:05:11,570 INFO [SpringContextShutdownHook][BeatReactor.java:149] - com.alibaba.nacos.client.naming.beat.BeatReactor do shutdown stop
2024-01-29 18:05:11,571 INFO [SpringContextShutdownHook][HostReactor.java:413] - com.alibaba.nacos.client.naming.core.HostReactor do shutdown begin
2024-01-29 18:05:11,571 INFO [SpringContextShutdownHook][HostReactor.java:413] - com.alibaba.nacos.client.naming.core.HostReactor do shutdown begin
2024-01-29 18:05:12,397 INFO [com.alibaba.nacos.naming.push.receiver][PushReceiver.java:97] - received push data: {"type":"dom","data":"{\"dom\":\"xuecheng-plus-project@@gateway\",\"name\":\"xuecheng-plus-project@@gateway\",\"cacheMillis\":10000,\"lastRefTime\":1706522712383,\"checksum\":\"7ff3f9858a48e543e88caf5d4022ddd5\",\"useSpecifiedURL\":false,\"clusters\":\"DEFAULT\",\"env\":\"\",\"hosts\":[],\"metadata\":{}}","lastRefTime":1304817460601400} from /172.18.21.57
2024-01-29 18:05:12,397 INFO [com.alibaba.nacos.naming.push.receiver][PushReceiver.java:97] - received push data: {"type":"dom","data":"{\"dom\":\"xuecheng-plus-project@@gateway\",\"name\":\"xuecheng-plus-project@@gateway\",\"cacheMillis\":10000,\"lastRefTime\":1706522712383,\"checksum\":\"7ff3f9858a48e543e88caf5d4022ddd5\",\"useSpecifiedURL\":false,\"clusters\":\"DEFAULT\",\"env\":\"\",\"hosts\":[],\"metadata\":{}}","lastRefTime":1304817460601400} from /172.18.21.57
2024-01-29 18:05:12,401 INFO [com.alibaba.nacos.naming.push.receiver][HostReactor.java:238] - removed ips(1) service: xuecheng-plus-project@@gateway@@DEFAULT -> [{"instanceId":"192.168.23.1#63010#DEFAULT#xuecheng-plus-project@@gateway","ip":"192.168.23.1","port":63010,"weight":1.0,"healthy":true,"enabled":true,"ephemeral":true,"clusterName":"DEFAULT","serviceName":"xuecheng-plus-project@@gateway","metadata":{"preserved.register.source":"SPRING_CLOUD"},"ipDeleteTimeout":30000,"instanceHeartBeatTimeOut":15000,"instanceHeartBeatInterval":5000}]
2024-01-29 18:05:12,401 INFO [com.alibaba.nacos.naming.push.receiver][HostReactor.java:238] - removed ips(1) service: xuecheng-plus-project@@gateway@@DEFAULT -> [{"instanceId":"192.168.23.1#63010#DEFAULT#xuecheng-plus-project@@gateway","ip":"192.168.23.1","port":63010,"weight":1.0,"healthy":true,"enabled":true,"ephemeral":true,"clusterName":"DEFAULT","serviceName":"xuecheng-plus-project@@gateway","metadata":{"preserved.register.source":"SPRING_CLOUD"},"ipDeleteTimeout":30000,"instanceHeartBeatTimeOut":15000,"instanceHeartBeatInterval":5000}]
2024-01-29 18:05:12,403 INFO [com.alibaba.nacos.naming.push.receiver][HostReactor.java:271] - current ips:(0) service: xuecheng-plus-project@@gateway@@DEFAULT -> []
2024-01-29 18:05:12,403 INFO [com.alibaba.nacos.naming.push.receiver][HostReactor.java:271] - current ips:(0) service: xuecheng-plus-project@@gateway@@DEFAULT -> []
2024-01-29 18:05:12,540 INFO [com.alibaba.nacos.naming.push.receiver][PushReceiver.java:97] - received push data: {"type":"dom","data":"{\"dom\":\"xuecheng-plus-project@@content-api\",\"name\":\"xuecheng-plus-project@@content-api\",\"cacheMillis\":10000,\"lastRefTime\":1706522712539,\"checksum\":\"b9882353305a55afb8e2c53bb9424188\",\"useSpecifiedURL\":false,\"clusters\":\"DEFAULT\",\"env\":\"\",\"hosts\":[],\"metadata\":{}}","lastRefTime":1304817616336500} from /172.18.21.57
2024-01-29 18:05:12,540 INFO [com.alibaba.nacos.naming.push.receiver][PushReceiver.java:97] - received push data: {"type":"dom","data":"{\"dom\":\"xuecheng-plus-project@@content-api\",\"name\":\"xuecheng-plus-project@@content-api\",\"cacheMillis\":10000,\"lastRefTime\":1706522712539,\"checksum\":\"b9882353305a55afb8e2c53bb9424188\",\"useSpecifiedURL\":false,\"clusters\":\"DEFAULT\",\"env\":\"\",\"hosts\":[],\"metadata\":{}}","lastRefTime":1304817616336500} from /172.18.21.57
2024-01-29 18:05:12,542 INFO [com.alibaba.nacos.naming.push.receiver][HostReactor.java:238] - removed ips(1) service: xuecheng-plus-project@@content-api@@DEFAULT -> [{"instanceId":"192.168.23.1#63040#DEFAULT#xuecheng-plus-project@@content-api","ip":"192.168.23.1","port":63040,"weight":1.0,"healthy":true,"enabled":true,"ephemeral":true,"clusterName":"DEFAULT","serviceName":"xuecheng-plus-project@@content-api","metadata":{"preserved.register.source":"SPRING_CLOUD"},"ipDeleteTimeout":30000,"instanceHeartBeatInterval":5000,"instanceHeartBeatTimeOut":15000}]
2024-01-29 18:05:12,542 INFO [com.alibaba.nacos.naming.push.receiver][HostReactor.java:238] - removed ips(1) service: xuecheng-plus-project@@content-api@@DEFAULT -> [{"instanceId":"192.168.23.1#63040#DEFAULT#xuecheng-plus-project@@content-api","ip":"192.168.23.1","port":63040,"weight":1.0,"healthy":true,"enabled":true,"ephemeral":true,"clusterName":"DEFAULT","serviceName":"xuecheng-plus-project@@content-api","metadata":{"preserved.register.source":"SPRING_CLOUD"},"ipDeleteTimeout":30000,"instanceHeartBeatInterval":5000,"instanceHeartBeatTimeOut":15000}]
2024-01-29 18:05:12,544 INFO [com.alibaba.nacos.naming.push.receiver][HostReactor.java:271] - current ips:(0) service: xuecheng-plus-project@@content-api@@DEFAULT -> []
2024-01-29 18:05:12,544 INFO [com.alibaba.nacos.naming.push.receiver][HostReactor.java:271] - current ips:(0) service: xuecheng-plus-project@@content-api@@DEFAULT -> []
2024-01-29 18:05:13,115 INFO [SpringContextShutdownHook][BeatReactor.java:149] - com.alibaba.nacos.client.naming.beat.BeatReactor do shutdown stop
2024-01-29 18:05:13,115 INFO [SpringContextShutdownHook][BeatReactor.java:149] - com.alibaba.nacos.client.naming.beat.BeatReactor do shutdown stop
2024-01-29 18:05:13,116 INFO [SpringContextShutdownHook][HostReactor.java:413] - com.alibaba.nacos.client.naming.core.HostReactor do shutdown begin
2024-01-29 18:05:13,116 INFO [SpringContextShutdownHook][HostReactor.java:413] - com.alibaba.nacos.client.naming.core.HostReactor do shutdown begin
2024-01-29 18:05:14,330 INFO [SpringContextShutdownHook][PushReceiver.java:132] - com.alibaba.nacos.client.naming.core.PushReceiver do shutdown begin
2024-01-29 18:05:14,330 INFO [SpringContextShutdownHook][PushReceiver.java:132] - com.alibaba.nacos.client.naming.core.PushReceiver do shutdown begin
2024-01-29 18:05:14,983 INFO [SpringContextShutdownHook][PushReceiver.java:132] - com.alibaba.nacos.client.naming.core.PushReceiver do shutdown begin
2024-01-29 18:05:14,983 INFO [SpringContextShutdownHook][PushReceiver.java:132] - com.alibaba.nacos.client.naming.core.PushReceiver do shutdown begin
2024-01-29 18:05:17,358 INFO [SpringContextShutdownHook][PushReceiver.java:136] - com.alibaba.nacos.client.naming.core.PushReceiver do shutdown stop
2024-01-29 18:05:17,358 INFO [SpringContextShutdownHook][PushReceiver.java:136] - com.alibaba.nacos.client.naming.core.PushReceiver do shutdown stop
2024-01-29 18:05:17,359 INFO [SpringContextShutdownHook][FailoverReactor.java:132] - com.alibaba.nacos.client.naming.backups.FailoverReactor do shutdown begin
2024-01-29 18:05:17,359 INFO [SpringContextShutdownHook][FailoverReactor.java:132] - com.alibaba.nacos.client.naming.backups.FailoverReactor do shutdown begin
2024-01-29 18:05:17,359 INFO [SpringContextShutdownHook][FailoverReactor.java:134] - com.alibaba.nacos.client.naming.backups.FailoverReactor do shutdown stop
2024-01-29 18:05:17,359 INFO [SpringContextShutdownHook][FailoverReactor.java:134] - com.alibaba.nacos.client.naming.backups.FailoverReactor do shutdown stop
2024-01-29 18:05:17,360 INFO [SpringContextShutdownHook][HostReactor.java:418] - com.alibaba.nacos.client.naming.core.HostReactor do shutdown stop
2024-01-29 18:05:17,360 INFO [SpringContextShutdownHook][HostReactor.java:418] - com.alibaba.nacos.client.naming.core.HostReactor do shutdown stop
2024-01-29 18:05:17,360 INFO [SpringContextShutdownHook][NamingProxy.java:719] - com.alibaba.nacos.client.naming.net.NamingProxy do shutdown begin
2024-01-29 18:05:17,360 INFO [SpringContextShutdownHook][NamingProxy.java:719] - com.alibaba.nacos.client.naming.net.NamingProxy do shutdown begin
2024-01-29 18:05:17,361 WARN [SpringContextShutdownHook][NamingHttpClientManager.java:72] - [NamingHttpClientManager] Start destroying NacosRestTemplate
2024-01-29 18:05:17,361 WARN [SpringContextShutdownHook][NamingHttpClientManager.java:72] - [NamingHttpClientManager] Start destroying NacosRestTemplate
2024-01-29 18:05:17,362 WARN [SpringContextShutdownHook][NamingHttpClientManager.java:79] - [NamingHttpClientManager] Destruction of the end
2024-01-29 18:05:17,362 WARN [SpringContextShutdownHook][NamingHttpClientManager.java:79] - [NamingHttpClientManager] Destruction of the end
2024-01-29 18:05:17,363 INFO [SpringContextShutdownHook][CredentialWatcher.java:105] - [null] CredentialWatcher is stopped
2024-01-29 18:05:17,363 INFO [SpringContextShutdownHook][CredentialWatcher.java:105] - [null] CredentialWatcher is stopped
2024-01-29 18:05:17,363 INFO [SpringContextShutdownHook][CredentialService.java:98] - [null] CredentialService is freed
2024-01-29 18:05:17,363 INFO [SpringContextShutdownHook][CredentialService.java:98] - [null] CredentialService is freed
2024-01-29 18:05:17,364 INFO [SpringContextShutdownHook][NamingProxy.java:723] - com.alibaba.nacos.client.naming.net.NamingProxy do shutdown stop
2024-01-29 18:05:17,364 INFO [SpringContextShutdownHook][NamingProxy.java:723] - com.alibaba.nacos.client.naming.net.NamingProxy do shutdown stop
2024-01-29 18:05:17,365 WARN [SpringContextShutdownHook][DisposableBeanAdapter.java:349] - Destroy method 'close' on bean with name 'nacosServiceRegistry' threw an exception: java.lang.NullPointerException
2024-01-29 18:05:17,365 WARN [SpringContextShutdownHook][DisposableBeanAdapter.java:349] - Destroy method 'close' on bean with name 'nacosServiceRegistry' threw an exception: java.lang.NullPointerException
2024-01-29 18:05:17,370 INFO [SpringContextShutdownHook][ExecutorConfigurationSupport.java:218] - Shutting down ExecutorService 'applicationTaskExecutor'
2024-01-29 18:05:17,370 INFO [SpringContextShutdownHook][ExecutorConfigurationSupport.java:218] - Shutting down ExecutorService 'applicationTaskExecutor'
2024-01-29 18:05:18,010 INFO [SpringContextShutdownHook][PushReceiver.java:136] - com.alibaba.nacos.client.naming.core.PushReceiver do shutdown stop
2024-01-29 18:05:18,010 INFO [SpringContextShutdownHook][PushReceiver.java:136] - com.alibaba.nacos.client.naming.core.PushReceiver do shutdown stop
2024-01-29 18:05:18,010 INFO [SpringContextShutdownHook][FailoverReactor.java:132] - com.alibaba.nacos.client.naming.backups.FailoverReactor do shutdown begin
2024-01-29 18:05:18,010 INFO [SpringContextShutdownHook][FailoverReactor.java:132] - com.alibaba.nacos.client.naming.backups.FailoverReactor do shutdown begin
2024-01-29 18:05:18,011 INFO [SpringContextShutdownHook][FailoverReactor.java:134] - com.alibaba.nacos.client.naming.backups.FailoverReactor do shutdown stop
2024-01-29 18:05:18,011 INFO [SpringContextShutdownHook][FailoverReactor.java:134] - com.alibaba.nacos.client.naming.backups.FailoverReactor do shutdown stop
2024-01-29 18:05:18,011 INFO [SpringContextShutdownHook][HostReactor.java:418] - com.alibaba.nacos.client.naming.core.HostReactor do shutdown stop
2024-01-29 18:05:18,011 INFO [SpringContextShutdownHook][HostReactor.java:418] - com.alibaba.nacos.client.naming.core.HostReactor do shutdown stop
2024-01-29 18:05:18,011 INFO [SpringContextShutdownHook][NamingProxy.java:719] - com.alibaba.nacos.client.naming.net.NamingProxy do shutdown begin
2024-01-29 18:05:18,011 INFO [SpringContextShutdownHook][NamingProxy.java:719] - com.alibaba.nacos.client.naming.net.NamingProxy do shutdown begin
2024-01-29 18:05:18,012 WARN [SpringContextShutdownHook][NamingHttpClientManager.java:72] - [NamingHttpClientManager] Start destroying NacosRestTemplate
2024-01-29 18:05:18,012 WARN [SpringContextShutdownHook][NamingHttpClientManager.java:72] - [NamingHttpClientManager] Start destroying NacosRestTemplate
2024-01-29 18:05:18,012 WARN [SpringContextShutdownHook][NamingHttpClientManager.java:79] - [NamingHttpClientManager] Destruction of the end
2024-01-29 18:05:18,012 WARN [SpringContextShutdownHook][NamingHttpClientManager.java:79] - [NamingHttpClientManager] Destruction of the end
2024-01-29 18:05:18,012 INFO [SpringContextShutdownHook][CredentialWatcher.java:105] - [null] CredentialWatcher is stopped
2024-01-29 18:05:18,012 INFO [SpringContextShutdownHook][CredentialWatcher.java:105] - [null] CredentialWatcher is stopped
2024-01-29 18:05:18,013 INFO [SpringContextShutdownHook][CredentialService.java:98] - [null] CredentialService is freed
2024-01-29 18:05:18,013 INFO [SpringContextShutdownHook][CredentialService.java:98] - [null] CredentialService is freed
2024-01-29 18:05:18,013 INFO [SpringContextShutdownHook][NamingProxy.java:723] - com.alibaba.nacos.client.naming.net.NamingProxy do shutdown stop
2024-01-29 18:05:18,013 INFO [SpringContextShutdownHook][NamingProxy.java:723] - com.alibaba.nacos.client.naming.net.NamingProxy do shutdown stop
2024-01-29 18:05:18,013 WARN [SpringContextShutdownHook][DisposableBeanAdapter.java:349] - Destroy method 'close' on bean with name 'nacosServiceRegistry' threw an exception: java.lang.NullPointerException
2024-01-29 18:05:18,013 WARN [SpringContextShutdownHook][DisposableBeanAdapter.java:349] - Destroy method 'close' on bean with name 'nacosServiceRegistry' threw an exception: java.lang.NullPointerException
2024-01-29 18:05:18,229 WARN [SpringContextShutdownHook][DisposableBeanAdapter.java:349] - Destroy method 'close' on bean with name 'nacosServiceRegistry' threw an exception: java.lang.NullPointerException
2024-01-29 18:05:18,229 WARN [SpringContextShutdownHook][DisposableBeanAdapter.java:349] - Destroy method 'close' on bean with name 'nacosServiceRegistry' threw an exception: java.lang.NullPointerException
2024-01-29 18:05:18,232 INFO [SpringContextShutdownHook][ExecutorConfigurationSupport.java:218] - Shutting down ExecutorService 'applicationTaskExecutor'
2024-01-29 18:05:18,232 INFO [SpringContextShutdownHook][ExecutorConfigurationSupport.java:218] - Shutting down ExecutorService 'applicationTaskExecutor'
2024-01-29 18:05:30,011 INFO [main][SpringApplication.java:655] - The following profiles are active: dev
2024-01-29 18:05:30,011 INFO [main][SpringApplication.java:655] - The following profiles are active: dev
2024-01-29 18:05:30,762 INFO [main][GenericScope.java:295] - BeanFactory id=3779e3ff-a919-38b5-8b63-ea738e53b7ff
2024-01-29 18:05:30,762 INFO [main][GenericScope.java:295] - BeanFactory id=3779e3ff-a919-38b5-8b63-ea738e53b7ff
2024-01-29 18:05:31,069 INFO [main][TomcatWebServer.java:108] - Tomcat initialized with port(s): 63050 (http)
2024-01-29 18:05:31,069 INFO [main][TomcatWebServer.java:108] - Tomcat initialized with port(s): 63050 (http)
2024-01-29 18:05:31,077 INFO [main][DirectJDKLog.java:173] - Initializing ProtocolHandler ["http-nio-63050"]
2024-01-29 18:05:31,077 INFO [main][DirectJDKLog.java:173] - Initializing ProtocolHandler ["http-nio-63050"]
2024-01-29 18:05:31,078 INFO [main][DirectJDKLog.java:173] - Starting service [Tomcat]
2024-01-29 18:05:31,078 INFO [main][DirectJDKLog.java:173] - Starting service [Tomcat]
2024-01-29 18:05:31,078 INFO [main][DirectJDKLog.java:173] - Starting Servlet engine: [Apache Tomcat/9.0.41]
2024-01-29 18:05:31,078 INFO [main][DirectJDKLog.java:173] - Starting Servlet engine: [Apache Tomcat/9.0.41]
2024-01-29 18:05:31,080 INFO [main][DirectJDKLog.java:173] - Loaded Apache Tomcat Native library [2.0.6] using APR version [1.7.4].
2024-01-29 18:05:31,080 INFO [main][DirectJDKLog.java:173] - Loaded Apache Tomcat Native library [2.0.6] using APR version [1.7.4].
2024-01-29 18:05:31,080 INFO [main][DirectJDKLog.java:173] - APR capabilities: IPv6 [true], sendfile [true], accept filters [false], random [true].
2024-01-29 18:05:31,080 INFO [main][DirectJDKLog.java:173] - APR capabilities: IPv6 [true], sendfile [true], accept filters [false], random [true].
2024-01-29 18:05:31,080 INFO [main][DirectJDKLog.java:173] - APR/OpenSSL configuration: useAprConnector [false], useOpenSSL [true]
2024-01-29 18:05:31,080 INFO [main][DirectJDKLog.java:173] - APR/OpenSSL configuration: useAprConnector [false], useOpenSSL [true]
2024-01-29 18:05:31,084 INFO [main][DirectJDKLog.java:173] - OpenSSL successfully initialized [OpenSSL 3.0.11 19 Sep 2023]
2024-01-29 18:05:31,084 INFO [main][DirectJDKLog.java:173] - OpenSSL successfully initialized [OpenSSL 3.0.11 19 Sep 2023]
2024-01-29 18:05:31,195 INFO [main][DirectJDKLog.java:173] - Initializing Spring embedded WebApplicationContext
2024-01-29 18:05:31,195 INFO [main][DirectJDKLog.java:173] - Initializing Spring embedded WebApplicationContext
2024-01-29 18:05:31,195 INFO [main][ServletWebServerApplicationContext.java:285] - Root WebApplicationContext: initialization completed in 1171 ms
2024-01-29 18:05:31,195 INFO [main][ServletWebServerApplicationContext.java:285] - Root WebApplicationContext: initialization completed in 1171 ms
2024-01-29 18:05:31,768 WARN [main][AbstractApplicationContext.java:559] - Exception encountered during context initialization - cancelling refresh attempt: org.springframework.beans.factory.UnsatisfiedDependencyException: Error creating bean with name 'mediaFilesController': Unsatisfied dependency expressed through field 'mediaFileService'; nested exception is org.springframework.beans.factory.UnsatisfiedDependencyException: Error creating bean with name 'mediaFileServiceImpl': Unsatisfied dependency expressed through field 'minioClient'; nested exception is org.springframework.beans.factory.BeanCreationException: Error creating bean with name 'minioClient' defined in class path resource [com/yangcs/media/config/MinioConfig.class]: Bean instantiation via factory method failed; nested exception is org.springframework.beans.BeanInstantiationException: Failed to instantiate [io.minio.MinioClient]: Factory method 'minioClient' threw exception; nested exception is java.lang.ExceptionInInitializerError
2024-01-29 18:05:31,768 WARN [main][AbstractApplicationContext.java:559] - Exception encountered during context initialization - cancelling refresh attempt: org.springframework.beans.factory.UnsatisfiedDependencyException: Error creating bean with name 'mediaFilesController': Unsatisfied dependency expressed through field 'mediaFileService'; nested exception is org.springframework.beans.factory.UnsatisfiedDependencyException: Error creating bean with name 'mediaFileServiceImpl': Unsatisfied dependency expressed through field 'minioClient'; nested exception is org.springframework.beans.factory.BeanCreationException: Error creating bean with name 'minioClient' defined in class path resource [com/yangcs/media/config/MinioConfig.class]: Bean instantiation via factory method failed; nested exception is org.springframework.beans.BeanInstantiationException: Failed to instantiate [io.minio.MinioClient]: Factory method 'minioClient' threw exception; nested exception is java.lang.ExceptionInInitializerError
2024-01-29 18:05:31,770 INFO [main][DirectJDKLog.java:173] - Stopping service [Tomcat]
2024-01-29 18:05:31,770 INFO [main][DirectJDKLog.java:173] - Stopping service [Tomcat]
2024-01-29 18:05:31,778 INFO [main][ConditionEvaluationReportLoggingListener.java:136] - 

Error starting ApplicationContext. To display the conditions report re-run your application with 'debug' enabled.
2024-01-29 18:05:31,778 INFO [main][ConditionEvaluationReportLoggingListener.java:136] - 

Error starting ApplicationContext. To display the conditions report re-run your application with 'debug' enabled.
2024-01-29 18:05:31,785 ERROR [main][LoggingFailureAnalysisReporter.java:40] - 

***************************
APPLICATION FAILED TO START
***************************

Description:

An attempt was made to call a method that does not exist. The attempt was made from the following location:

    io.minio.S3Base.<clinit>(S3Base.java:104)

The following method did not exist:

    okhttp3.RequestBody.create([BLokhttp3/MediaType;)Lokhttp3/RequestBody;

The method's class, okhttp3.RequestBody, is available from the following locations:

    jar:file:/D:/Softwares/apache-maven-3.9.5/mvn_repo/com/squareup/okhttp3/okhttp/3.14.9/okhttp-3.14.9.jar!/okhttp3/RequestBody.class

The class hierarchy was loaded from the following locations:

    okhttp3.RequestBody: file:/D:/Softwares/apache-maven-3.9.5/mvn_repo/com/squareup/okhttp3/okhttp/3.14.9/okhttp-3.14.9.jar


Action:

Correct the classpath of your application so that it contains a single, compatible version of okhttp3.RequestBody

2024-01-29 18:05:31,785 ERROR [main][LoggingFailureAnalysisReporter.java:40] - 

***************************
APPLICATION FAILED TO START
***************************

Description:

An attempt was made to call a method that does not exist. The attempt was made from the following location:

    io.minio.S3Base.<clinit>(S3Base.java:104)

The following method did not exist:

    okhttp3.RequestBody.create([BLokhttp3/MediaType;)Lokhttp3/RequestBody;

The method's class, okhttp3.RequestBody, is available from the following locations:

    jar:file:/D:/Softwares/apache-maven-3.9.5/mvn_repo/com/squareup/okhttp3/okhttp/3.14.9/okhttp-3.14.9.jar!/okhttp3/RequestBody.class

The class hierarchy was loaded from the following locations:

    okhttp3.RequestBody: file:/D:/Softwares/apache-maven-3.9.5/mvn_repo/com/squareup/okhttp3/okhttp/3.14.9/okhttp-3.14.9.jar


Action:

Correct the classpath of your application so that it contains a single, compatible version of okhttp3.RequestBody

2024-01-29 18:05:31,787 WARN [Thread-5][HttpClientBeanHolder.java:108] - [HttpClientBeanHolder] Start destroying common HttpClient
2024-01-29 18:05:31,787 WARN [Thread-5][HttpClientBeanHolder.java:108] - [HttpClientBeanHolder] Start destroying common HttpClient
2024-01-29 18:05:31,787 WARN [Thread-5][HttpClientBeanHolder.java:114] - [HttpClientBeanHolder] Destruction of the end
2024-01-29 18:05:31,787 WARN [Thread-5][HttpClientBeanHolder.java:114] - [HttpClientBeanHolder] Destruction of the end
2024-01-29 18:06:26,470 INFO [main][SpringApplication.java:655] - The following profiles are active: dev
2024-01-29 18:06:26,470 INFO [main][SpringApplication.java:655] - The following profiles are active: dev
2024-01-29 18:06:27,219 INFO [main][GenericScope.java:295] - BeanFactory id=3779e3ff-a919-38b5-8b63-ea738e53b7ff
2024-01-29 18:06:27,219 INFO [main][GenericScope.java:295] - BeanFactory id=3779e3ff-a919-38b5-8b63-ea738e53b7ff
2024-01-29 18:06:27,524 INFO [main][TomcatWebServer.java:108] - Tomcat initialized with port(s): 63050 (http)
2024-01-29 18:06:27,524 INFO [main][TomcatWebServer.java:108] - Tomcat initialized with port(s): 63050 (http)
2024-01-29 18:06:27,532 INFO [main][DirectJDKLog.java:173] - Initializing ProtocolHandler ["http-nio-63050"]
2024-01-29 18:06:27,532 INFO [main][DirectJDKLog.java:173] - Initializing ProtocolHandler ["http-nio-63050"]
2024-01-29 18:06:27,533 INFO [main][DirectJDKLog.java:173] - Starting service [Tomcat]
2024-01-29 18:06:27,533 INFO [main][DirectJDKLog.java:173] - Starting service [Tomcat]
2024-01-29 18:06:27,533 INFO [main][DirectJDKLog.java:173] - Starting Servlet engine: [Apache Tomcat/9.0.41]
2024-01-29 18:06:27,533 INFO [main][DirectJDKLog.java:173] - Starting Servlet engine: [Apache Tomcat/9.0.41]
2024-01-29 18:06:27,535 INFO [main][DirectJDKLog.java:173] - Loaded Apache Tomcat Native library [2.0.6] using APR version [1.7.4].
2024-01-29 18:06:27,535 INFO [main][DirectJDKLog.java:173] - Loaded Apache Tomcat Native library [2.0.6] using APR version [1.7.4].
2024-01-29 18:06:27,535 INFO [main][DirectJDKLog.java:173] - APR capabilities: IPv6 [true], sendfile [true], accept filters [false], random [true].
2024-01-29 18:06:27,535 INFO [main][DirectJDKLog.java:173] - APR capabilities: IPv6 [true], sendfile [true], accept filters [false], random [true].
2024-01-29 18:06:27,535 INFO [main][DirectJDKLog.java:173] - APR/OpenSSL configuration: useAprConnector [false], useOpenSSL [true]
2024-01-29 18:06:27,535 INFO [main][DirectJDKLog.java:173] - APR/OpenSSL configuration: useAprConnector [false], useOpenSSL [true]
2024-01-29 18:06:27,539 INFO [main][DirectJDKLog.java:173] - OpenSSL successfully initialized [OpenSSL 3.0.11 19 Sep 2023]
2024-01-29 18:06:27,539 INFO [main][DirectJDKLog.java:173] - OpenSSL successfully initialized [OpenSSL 3.0.11 19 Sep 2023]
2024-01-29 18:06:27,638 INFO [main][DirectJDKLog.java:173] - Initializing Spring embedded WebApplicationContext
2024-01-29 18:06:27,638 INFO [main][DirectJDKLog.java:173] - Initializing Spring embedded WebApplicationContext
2024-01-29 18:06:27,638 INFO [main][ServletWebServerApplicationContext.java:285] - Root WebApplicationContext: initialization completed in 1156 ms
2024-01-29 18:06:27,638 INFO [main][ServletWebServerApplicationContext.java:285] - Root WebApplicationContext: initialization completed in 1156 ms
2024-01-29 18:06:28,214 WARN [main][AbstractApplicationContext.java:559] - Exception encountered during context initialization - cancelling refresh attempt: org.springframework.beans.factory.UnsatisfiedDependencyException: Error creating bean with name 'mediaFilesController': Unsatisfied dependency expressed through field 'mediaFileService'; nested exception is org.springframework.beans.factory.UnsatisfiedDependencyException: Error creating bean with name 'mediaFileServiceImpl': Unsatisfied dependency expressed through field 'minioClient'; nested exception is org.springframework.beans.factory.BeanCreationException: Error creating bean with name 'minioClient' defined in class path resource [com/yangcs/media/config/MinioConfig.class]: Bean instantiation via factory method failed; nested exception is org.springframework.beans.BeanInstantiationException: Failed to instantiate [io.minio.MinioClient]: Factory method 'minioClient' threw exception; nested exception is java.lang.ExceptionInInitializerError
2024-01-29 18:06:28,214 WARN [main][AbstractApplicationContext.java:559] - Exception encountered during context initialization - cancelling refresh attempt: org.springframework.beans.factory.UnsatisfiedDependencyException: Error creating bean with name 'mediaFilesController': Unsatisfied dependency expressed through field 'mediaFileService'; nested exception is org.springframework.beans.factory.UnsatisfiedDependencyException: Error creating bean with name 'mediaFileServiceImpl': Unsatisfied dependency expressed through field 'minioClient'; nested exception is org.springframework.beans.factory.BeanCreationException: Error creating bean with name 'minioClient' defined in class path resource [com/yangcs/media/config/MinioConfig.class]: Bean instantiation via factory method failed; nested exception is org.springframework.beans.BeanInstantiationException: Failed to instantiate [io.minio.MinioClient]: Factory method 'minioClient' threw exception; nested exception is java.lang.ExceptionInInitializerError
2024-01-29 18:06:28,216 INFO [main][DirectJDKLog.java:173] - Stopping service [Tomcat]
2024-01-29 18:06:28,216 INFO [main][DirectJDKLog.java:173] - Stopping service [Tomcat]
2024-01-29 18:06:28,224 INFO [main][ConditionEvaluationReportLoggingListener.java:136] - 

Error starting ApplicationContext. To display the conditions report re-run your application with 'debug' enabled.
2024-01-29 18:06:28,224 INFO [main][ConditionEvaluationReportLoggingListener.java:136] - 

Error starting ApplicationContext. To display the conditions report re-run your application with 'debug' enabled.
2024-01-29 18:06:28,231 ERROR [main][LoggingFailureAnalysisReporter.java:40] - 

***************************
APPLICATION FAILED TO START
***************************

Description:

An attempt was made to call a method that does not exist. The attempt was made from the following location:

    io.minio.S3Base.<clinit>(S3Base.java:104)

The following method did not exist:

    okhttp3.RequestBody.create([BLokhttp3/MediaType;)Lokhttp3/RequestBody;

The method's class, okhttp3.RequestBody, is available from the following locations:

    jar:file:/D:/Softwares/apache-maven-3.9.5/mvn_repo/com/squareup/okhttp3/okhttp/3.14.9/okhttp-3.14.9.jar!/okhttp3/RequestBody.class

The class hierarchy was loaded from the following locations:

    okhttp3.RequestBody: file:/D:/Softwares/apache-maven-3.9.5/mvn_repo/com/squareup/okhttp3/okhttp/3.14.9/okhttp-3.14.9.jar


Action:

Correct the classpath of your application so that it contains a single, compatible version of okhttp3.RequestBody

2024-01-29 18:06:28,231 ERROR [main][LoggingFailureAnalysisReporter.java:40] - 

***************************
APPLICATION FAILED TO START
***************************

Description:

An attempt was made to call a method that does not exist. The attempt was made from the following location:

    io.minio.S3Base.<clinit>(S3Base.java:104)

The following method did not exist:

    okhttp3.RequestBody.create([BLokhttp3/MediaType;)Lokhttp3/RequestBody;

The method's class, okhttp3.RequestBody, is available from the following locations:

    jar:file:/D:/Softwares/apache-maven-3.9.5/mvn_repo/com/squareup/okhttp3/okhttp/3.14.9/okhttp-3.14.9.jar!/okhttp3/RequestBody.class

The class hierarchy was loaded from the following locations:

    okhttp3.RequestBody: file:/D:/Softwares/apache-maven-3.9.5/mvn_repo/com/squareup/okhttp3/okhttp/3.14.9/okhttp-3.14.9.jar


Action:

Correct the classpath of your application so that it contains a single, compatible version of okhttp3.RequestBody

2024-01-29 18:06:28,232 WARN [Thread-6][HttpClientBeanHolder.java:108] - [HttpClientBeanHolder] Start destroying common HttpClient
2024-01-29 18:06:28,232 WARN [Thread-6][HttpClientBeanHolder.java:108] - [HttpClientBeanHolder] Start destroying common HttpClient
2024-01-29 18:06:28,233 WARN [Thread-6][HttpClientBeanHolder.java:114] - [HttpClientBeanHolder] Destruction of the end
2024-01-29 18:06:28,233 WARN [Thread-6][HttpClientBeanHolder.java:114] - [HttpClientBeanHolder] Destruction of the end
2024-01-29 18:11:39,007 INFO [main][SpringApplication.java:655] - The following profiles are active: dev
2024-01-29 18:11:39,007 INFO [main][SpringApplication.java:655] - The following profiles are active: dev
2024-01-29 18:11:39,781 INFO [main][GenericScope.java:295] - BeanFactory id=3779e3ff-a919-38b5-8b63-ea738e53b7ff
2024-01-29 18:11:39,781 INFO [main][GenericScope.java:295] - BeanFactory id=3779e3ff-a919-38b5-8b63-ea738e53b7ff
2024-01-29 18:11:40,075 INFO [main][TomcatWebServer.java:108] - Tomcat initialized with port(s): 63050 (http)
2024-01-29 18:11:40,075 INFO [main][TomcatWebServer.java:108] - Tomcat initialized with port(s): 63050 (http)
2024-01-29 18:11:40,083 INFO [main][DirectJDKLog.java:173] - Initializing ProtocolHandler ["http-nio-63050"]
2024-01-29 18:11:40,083 INFO [main][DirectJDKLog.java:173] - Initializing ProtocolHandler ["http-nio-63050"]
2024-01-29 18:11:40,084 INFO [main][DirectJDKLog.java:173] - Starting service [Tomcat]
2024-01-29 18:11:40,084 INFO [main][DirectJDKLog.java:173] - Starting service [Tomcat]
2024-01-29 18:11:40,084 INFO [main][DirectJDKLog.java:173] - Starting Servlet engine: [Apache Tomcat/9.0.41]
2024-01-29 18:11:40,084 INFO [main][DirectJDKLog.java:173] - Starting Servlet engine: [Apache Tomcat/9.0.41]
2024-01-29 18:11:40,086 INFO [main][DirectJDKLog.java:173] - Loaded Apache Tomcat Native library [2.0.6] using APR version [1.7.4].
2024-01-29 18:11:40,086 INFO [main][DirectJDKLog.java:173] - Loaded Apache Tomcat Native library [2.0.6] using APR version [1.7.4].
2024-01-29 18:11:40,086 INFO [main][DirectJDKLog.java:173] - APR capabilities: IPv6 [true], sendfile [true], accept filters [false], random [true].
2024-01-29 18:11:40,086 INFO [main][DirectJDKLog.java:173] - APR capabilities: IPv6 [true], sendfile [true], accept filters [false], random [true].
2024-01-29 18:11:40,086 INFO [main][DirectJDKLog.java:173] - APR/OpenSSL configuration: useAprConnector [false], useOpenSSL [true]
2024-01-29 18:11:40,086 INFO [main][DirectJDKLog.java:173] - APR/OpenSSL configuration: useAprConnector [false], useOpenSSL [true]
2024-01-29 18:11:40,090 INFO [main][DirectJDKLog.java:173] - OpenSSL successfully initialized [OpenSSL 3.0.11 19 Sep 2023]
2024-01-29 18:11:40,090 INFO [main][DirectJDKLog.java:173] - OpenSSL successfully initialized [OpenSSL 3.0.11 19 Sep 2023]
2024-01-29 18:11:40,198 INFO [main][DirectJDKLog.java:173] - Initializing Spring embedded WebApplicationContext
2024-01-29 18:11:40,198 INFO [main][DirectJDKLog.java:173] - Initializing Spring embedded WebApplicationContext
2024-01-29 18:11:40,198 INFO [main][ServletWebServerApplicationContext.java:285] - Root WebApplicationContext: initialization completed in 1178 ms
2024-01-29 18:11:40,198 INFO [main][ServletWebServerApplicationContext.java:285] - Root WebApplicationContext: initialization completed in 1178 ms
2024-01-29 18:11:40,822 WARN [main][AbstractApplicationContext.java:559] - Exception encountered during context initialization - cancelling refresh attempt: org.springframework.beans.factory.UnsatisfiedDependencyException: Error creating bean with name 'mediaFilesController': Unsatisfied dependency expressed through field 'mediaFileService'; nested exception is org.springframework.beans.factory.UnsatisfiedDependencyException: Error creating bean with name 'mediaFileServiceImpl': Unsatisfied dependency expressed through field 'minioClient'; nested exception is org.springframework.beans.factory.BeanCreationException: Error creating bean with name 'minioClient' defined in class path resource [com/yangcs/media/config/MinioConfig.class]: Bean instantiation via factory method failed; nested exception is org.springframework.beans.BeanInstantiationException: Failed to instantiate [io.minio.MinioClient]: Factory method 'minioClient' threw exception; nested exception is java.lang.ExceptionInInitializerError
2024-01-29 18:11:40,822 WARN [main][AbstractApplicationContext.java:559] - Exception encountered during context initialization - cancelling refresh attempt: org.springframework.beans.factory.UnsatisfiedDependencyException: Error creating bean with name 'mediaFilesController': Unsatisfied dependency expressed through field 'mediaFileService'; nested exception is org.springframework.beans.factory.UnsatisfiedDependencyException: Error creating bean with name 'mediaFileServiceImpl': Unsatisfied dependency expressed through field 'minioClient'; nested exception is org.springframework.beans.factory.BeanCreationException: Error creating bean with name 'minioClient' defined in class path resource [com/yangcs/media/config/MinioConfig.class]: Bean instantiation via factory method failed; nested exception is org.springframework.beans.BeanInstantiationException: Failed to instantiate [io.minio.MinioClient]: Factory method 'minioClient' threw exception; nested exception is java.lang.ExceptionInInitializerError
2024-01-29 18:11:40,823 INFO [main][DirectJDKLog.java:173] - Stopping service [Tomcat]
2024-01-29 18:11:40,823 INFO [main][DirectJDKLog.java:173] - Stopping service [Tomcat]
2024-01-29 18:11:40,832 INFO [main][ConditionEvaluationReportLoggingListener.java:136] - 

Error starting ApplicationContext. To display the conditions report re-run your application with 'debug' enabled.
2024-01-29 18:11:40,832 INFO [main][ConditionEvaluationReportLoggingListener.java:136] - 

Error starting ApplicationContext. To display the conditions report re-run your application with 'debug' enabled.
2024-01-29 18:11:40,839 ERROR [main][LoggingFailureAnalysisReporter.java:40] - 

***************************
APPLICATION FAILED TO START
***************************

Description:

An attempt was made to call a method that does not exist. The attempt was made from the following location:

    io.minio.S3Base.<clinit>(S3Base.java:104)

The following method did not exist:

    okhttp3.RequestBody.create([BLokhttp3/MediaType;)Lokhttp3/RequestBody;

The method's class, okhttp3.RequestBody, is available from the following locations:

    jar:file:/D:/Softwares/apache-maven-3.9.5/mvn_repo/com/squareup/okhttp3/okhttp/3.14.9/okhttp-3.14.9.jar!/okhttp3/RequestBody.class

The class hierarchy was loaded from the following locations:

    okhttp3.RequestBody: file:/D:/Softwares/apache-maven-3.9.5/mvn_repo/com/squareup/okhttp3/okhttp/3.14.9/okhttp-3.14.9.jar


Action:

Correct the classpath of your application so that it contains a single, compatible version of okhttp3.RequestBody

2024-01-29 18:11:40,839 ERROR [main][LoggingFailureAnalysisReporter.java:40] - 

***************************
APPLICATION FAILED TO START
***************************

Description:

An attempt was made to call a method that does not exist. The attempt was made from the following location:

    io.minio.S3Base.<clinit>(S3Base.java:104)

The following method did not exist:

    okhttp3.RequestBody.create([BLokhttp3/MediaType;)Lokhttp3/RequestBody;

The method's class, okhttp3.RequestBody, is available from the following locations:

    jar:file:/D:/Softwares/apache-maven-3.9.5/mvn_repo/com/squareup/okhttp3/okhttp/3.14.9/okhttp-3.14.9.jar!/okhttp3/RequestBody.class

The class hierarchy was loaded from the following locations:

    okhttp3.RequestBody: file:/D:/Softwares/apache-maven-3.9.5/mvn_repo/com/squareup/okhttp3/okhttp/3.14.9/okhttp-3.14.9.jar


Action:

Correct the classpath of your application so that it contains a single, compatible version of okhttp3.RequestBody

2024-01-29 18:11:40,841 WARN [Thread-6][HttpClientBeanHolder.java:108] - [HttpClientBeanHolder] Start destroying common HttpClient
2024-01-29 18:11:40,841 WARN [Thread-6][HttpClientBeanHolder.java:108] - [HttpClientBeanHolder] Start destroying common HttpClient
2024-01-29 18:11:40,841 WARN [Thread-6][HttpClientBeanHolder.java:114] - [HttpClientBeanHolder] Destruction of the end
2024-01-29 18:11:40,841 WARN [Thread-6][HttpClientBeanHolder.java:114] - [HttpClientBeanHolder] Destruction of the end
2024-01-29 18:16:49,935 INFO [main][SpringApplication.java:655] - The following profiles are active: dev
2024-01-29 18:16:49,935 INFO [main][SpringApplication.java:655] - The following profiles are active: dev
2024-01-29 18:16:50,676 INFO [main][GenericScope.java:295] - BeanFactory id=3779e3ff-a919-38b5-8b63-ea738e53b7ff
2024-01-29 18:16:50,676 INFO [main][GenericScope.java:295] - BeanFactory id=3779e3ff-a919-38b5-8b63-ea738e53b7ff
2024-01-29 18:16:50,955 INFO [main][TomcatWebServer.java:108] - Tomcat initialized with port(s): 63050 (http)
2024-01-29 18:16:50,955 INFO [main][TomcatWebServer.java:108] - Tomcat initialized with port(s): 63050 (http)
2024-01-29 18:16:50,964 INFO [main][DirectJDKLog.java:173] - Initializing ProtocolHandler ["http-nio-63050"]
2024-01-29 18:16:50,964 INFO [main][DirectJDKLog.java:173] - Initializing ProtocolHandler ["http-nio-63050"]
2024-01-29 18:16:50,964 INFO [main][DirectJDKLog.java:173] - Starting service [Tomcat]
2024-01-29 18:16:50,964 INFO [main][DirectJDKLog.java:173] - Starting service [Tomcat]
2024-01-29 18:16:50,964 INFO [main][DirectJDKLog.java:173] - Starting Servlet engine: [Apache Tomcat/9.0.41]
2024-01-29 18:16:50,964 INFO [main][DirectJDKLog.java:173] - Starting Servlet engine: [Apache Tomcat/9.0.41]
2024-01-29 18:16:50,966 INFO [main][DirectJDKLog.java:173] - Loaded Apache Tomcat Native library [2.0.6] using APR version [1.7.4].
2024-01-29 18:16:50,966 INFO [main][DirectJDKLog.java:173] - Loaded Apache Tomcat Native library [2.0.6] using APR version [1.7.4].
2024-01-29 18:16:50,966 INFO [main][DirectJDKLog.java:173] - APR capabilities: IPv6 [true], sendfile [true], accept filters [false], random [true].
2024-01-29 18:16:50,966 INFO [main][DirectJDKLog.java:173] - APR capabilities: IPv6 [true], sendfile [true], accept filters [false], random [true].
2024-01-29 18:16:50,966 INFO [main][DirectJDKLog.java:173] - APR/OpenSSL configuration: useAprConnector [false], useOpenSSL [true]
2024-01-29 18:16:50,966 INFO [main][DirectJDKLog.java:173] - APR/OpenSSL configuration: useAprConnector [false], useOpenSSL [true]
2024-01-29 18:16:50,970 INFO [main][DirectJDKLog.java:173] - OpenSSL successfully initialized [OpenSSL 3.0.11 19 Sep 2023]
2024-01-29 18:16:50,970 INFO [main][DirectJDKLog.java:173] - OpenSSL successfully initialized [OpenSSL 3.0.11 19 Sep 2023]
2024-01-29 18:16:51,070 INFO [main][DirectJDKLog.java:173] - Initializing Spring embedded WebApplicationContext
2024-01-29 18:16:51,070 INFO [main][DirectJDKLog.java:173] - Initializing Spring embedded WebApplicationContext
2024-01-29 18:16:51,071 INFO [main][ServletWebServerApplicationContext.java:285] - Root WebApplicationContext: initialization completed in 1123 ms
2024-01-29 18:16:51,071 INFO [main][ServletWebServerApplicationContext.java:285] - Root WebApplicationContext: initialization completed in 1123 ms
2024-01-29 18:16:51,640 WARN [main][AbstractApplicationContext.java:559] - Exception encountered during context initialization - cancelling refresh attempt: org.springframework.beans.factory.UnsatisfiedDependencyException: Error creating bean with name 'mediaFilesController': Unsatisfied dependency expressed through field 'mediaFileService'; nested exception is org.springframework.beans.factory.UnsatisfiedDependencyException: Error creating bean with name 'mediaFileServiceImpl': Unsatisfied dependency expressed through field 'minioClient'; nested exception is org.springframework.beans.factory.BeanCreationException: Error creating bean with name 'minioClient' defined in class path resource [com/yangcs/media/config/MinioConfig.class]: Bean instantiation via factory method failed; nested exception is org.springframework.beans.BeanInstantiationException: Failed to instantiate [io.minio.MinioClient]: Factory method 'minioClient' threw exception; nested exception is java.lang.ExceptionInInitializerError
2024-01-29 18:16:51,640 WARN [main][AbstractApplicationContext.java:559] - Exception encountered during context initialization - cancelling refresh attempt: org.springframework.beans.factory.UnsatisfiedDependencyException: Error creating bean with name 'mediaFilesController': Unsatisfied dependency expressed through field 'mediaFileService'; nested exception is org.springframework.beans.factory.UnsatisfiedDependencyException: Error creating bean with name 'mediaFileServiceImpl': Unsatisfied dependency expressed through field 'minioClient'; nested exception is org.springframework.beans.factory.BeanCreationException: Error creating bean with name 'minioClient' defined in class path resource [com/yangcs/media/config/MinioConfig.class]: Bean instantiation via factory method failed; nested exception is org.springframework.beans.BeanInstantiationException: Failed to instantiate [io.minio.MinioClient]: Factory method 'minioClient' threw exception; nested exception is java.lang.ExceptionInInitializerError
2024-01-29 18:16:51,642 INFO [main][DirectJDKLog.java:173] - Stopping service [Tomcat]
2024-01-29 18:16:51,642 INFO [main][DirectJDKLog.java:173] - Stopping service [Tomcat]
2024-01-29 18:16:51,651 INFO [main][ConditionEvaluationReportLoggingListener.java:136] - 

Error starting ApplicationContext. To display the conditions report re-run your application with 'debug' enabled.
2024-01-29 18:16:51,651 INFO [main][ConditionEvaluationReportLoggingListener.java:136] - 

Error starting ApplicationContext. To display the conditions report re-run your application with 'debug' enabled.
2024-01-29 18:16:51,658 ERROR [main][LoggingFailureAnalysisReporter.java:40] - 

***************************
APPLICATION FAILED TO START
***************************

Description:

An attempt was made to call a method that does not exist. The attempt was made from the following location:

    io.minio.S3Base.<clinit>(S3Base.java:104)

The following method did not exist:

    okhttp3.RequestBody.create([BLokhttp3/MediaType;)Lokhttp3/RequestBody;

The method's class, okhttp3.RequestBody, is available from the following locations:

    jar:file:/D:/Softwares/apache-maven-3.9.5/mvn_repo/com/squareup/okhttp3/okhttp/3.14.9/okhttp-3.14.9.jar!/okhttp3/RequestBody.class

The class hierarchy was loaded from the following locations:

    okhttp3.RequestBody: file:/D:/Softwares/apache-maven-3.9.5/mvn_repo/com/squareup/okhttp3/okhttp/3.14.9/okhttp-3.14.9.jar


Action:

Correct the classpath of your application so that it contains a single, compatible version of okhttp3.RequestBody

2024-01-29 18:16:51,658 ERROR [main][LoggingFailureAnalysisReporter.java:40] - 

***************************
APPLICATION FAILED TO START
***************************

Description:

An attempt was made to call a method that does not exist. The attempt was made from the following location:

    io.minio.S3Base.<clinit>(S3Base.java:104)

The following method did not exist:

    okhttp3.RequestBody.create([BLokhttp3/MediaType;)Lokhttp3/RequestBody;

The method's class, okhttp3.RequestBody, is available from the following locations:

    jar:file:/D:/Softwares/apache-maven-3.9.5/mvn_repo/com/squareup/okhttp3/okhttp/3.14.9/okhttp-3.14.9.jar!/okhttp3/RequestBody.class

The class hierarchy was loaded from the following locations:

    okhttp3.RequestBody: file:/D:/Softwares/apache-maven-3.9.5/mvn_repo/com/squareup/okhttp3/okhttp/3.14.9/okhttp-3.14.9.jar


Action:

Correct the classpath of your application so that it contains a single, compatible version of okhttp3.RequestBody

2024-01-29 18:16:51,660 WARN [Thread-6][HttpClientBeanHolder.java:108] - [HttpClientBeanHolder] Start destroying common HttpClient
2024-01-29 18:16:51,660 WARN [Thread-6][HttpClientBeanHolder.java:108] - [HttpClientBeanHolder] Start destroying common HttpClient
2024-01-29 18:16:51,660 WARN [Thread-6][HttpClientBeanHolder.java:114] - [HttpClientBeanHolder] Destruction of the end
2024-01-29 18:16:51,660 WARN [Thread-6][HttpClientBeanHolder.java:114] - [HttpClientBeanHolder] Destruction of the end
2024-01-29 18:17:45,456 INFO [main][SpringApplication.java:655] - The following profiles are active: dev
2024-01-29 18:17:45,456 INFO [main][SpringApplication.java:655] - The following profiles are active: dev
2024-01-29 18:17:46,199 INFO [main][GenericScope.java:295] - BeanFactory id=3779e3ff-a919-38b5-8b63-ea738e53b7ff
2024-01-29 18:17:46,199 INFO [main][GenericScope.java:295] - BeanFactory id=3779e3ff-a919-38b5-8b63-ea738e53b7ff
2024-01-29 18:17:46,482 INFO [main][TomcatWebServer.java:108] - Tomcat initialized with port(s): 63050 (http)
2024-01-29 18:17:46,482 INFO [main][TomcatWebServer.java:108] - Tomcat initialized with port(s): 63050 (http)
2024-01-29 18:17:46,490 INFO [main][DirectJDKLog.java:173] - Initializing ProtocolHandler ["http-nio-63050"]
2024-01-29 18:17:46,490 INFO [main][DirectJDKLog.java:173] - Initializing ProtocolHandler ["http-nio-63050"]
2024-01-29 18:17:46,490 INFO [main][DirectJDKLog.java:173] - Starting service [Tomcat]
2024-01-29 18:17:46,490 INFO [main][DirectJDKLog.java:173] - Starting service [Tomcat]
2024-01-29 18:17:46,491 INFO [main][DirectJDKLog.java:173] - Starting Servlet engine: [Apache Tomcat/9.0.41]
2024-01-29 18:17:46,491 INFO [main][DirectJDKLog.java:173] - Starting Servlet engine: [Apache Tomcat/9.0.41]
2024-01-29 18:17:46,492 INFO [main][DirectJDKLog.java:173] - Loaded Apache Tomcat Native library [2.0.6] using APR version [1.7.4].
2024-01-29 18:17:46,492 INFO [main][DirectJDKLog.java:173] - Loaded Apache Tomcat Native library [2.0.6] using APR version [1.7.4].
2024-01-29 18:17:46,493 INFO [main][DirectJDKLog.java:173] - APR capabilities: IPv6 [true], sendfile [true], accept filters [false], random [true].
2024-01-29 18:17:46,493 INFO [main][DirectJDKLog.java:173] - APR capabilities: IPv6 [true], sendfile [true], accept filters [false], random [true].
2024-01-29 18:17:46,493 INFO [main][DirectJDKLog.java:173] - APR/OpenSSL configuration: useAprConnector [false], useOpenSSL [true]
2024-01-29 18:17:46,493 INFO [main][DirectJDKLog.java:173] - APR/OpenSSL configuration: useAprConnector [false], useOpenSSL [true]
2024-01-29 18:17:46,497 INFO [main][DirectJDKLog.java:173] - OpenSSL successfully initialized [OpenSSL 3.0.11 19 Sep 2023]
2024-01-29 18:17:46,497 INFO [main][DirectJDKLog.java:173] - OpenSSL successfully initialized [OpenSSL 3.0.11 19 Sep 2023]
2024-01-29 18:17:46,614 INFO [main][DirectJDKLog.java:173] - Initializing Spring embedded WebApplicationContext
2024-01-29 18:17:46,614 INFO [main][DirectJDKLog.java:173] - Initializing Spring embedded WebApplicationContext
2024-01-29 18:17:46,615 INFO [main][ServletWebServerApplicationContext.java:285] - Root WebApplicationContext: initialization completed in 1145 ms
2024-01-29 18:17:46,615 INFO [main][ServletWebServerApplicationContext.java:285] - Root WebApplicationContext: initialization completed in 1145 ms
2024-01-29 18:17:47,260 WARN [main][AbstractApplicationContext.java:559] - Exception encountered during context initialization - cancelling refresh attempt: org.springframework.beans.factory.UnsatisfiedDependencyException: Error creating bean with name 'mediaFilesController': Unsatisfied dependency expressed through field 'mediaFileService'; nested exception is org.springframework.beans.factory.UnsatisfiedDependencyException: Error creating bean with name 'mediaFileServiceImpl': Unsatisfied dependency expressed through field 'minioClient'; nested exception is org.springframework.beans.factory.BeanCreationException: Error creating bean with name 'minioClient' defined in class path resource [com/yangcs/media/config/MinioConfig.class]: Bean instantiation via factory method failed; nested exception is org.springframework.beans.BeanInstantiationException: Failed to instantiate [io.minio.MinioClient]: Factory method 'minioClient' threw exception; nested exception is java.lang.ExceptionInInitializerError
2024-01-29 18:17:47,260 WARN [main][AbstractApplicationContext.java:559] - Exception encountered during context initialization - cancelling refresh attempt: org.springframework.beans.factory.UnsatisfiedDependencyException: Error creating bean with name 'mediaFilesController': Unsatisfied dependency expressed through field 'mediaFileService'; nested exception is org.springframework.beans.factory.UnsatisfiedDependencyException: Error creating bean with name 'mediaFileServiceImpl': Unsatisfied dependency expressed through field 'minioClient'; nested exception is org.springframework.beans.factory.BeanCreationException: Error creating bean with name 'minioClient' defined in class path resource [com/yangcs/media/config/MinioConfig.class]: Bean instantiation via factory method failed; nested exception is org.springframework.beans.BeanInstantiationException: Failed to instantiate [io.minio.MinioClient]: Factory method 'minioClient' threw exception; nested exception is java.lang.ExceptionInInitializerError
2024-01-29 18:17:47,262 INFO [main][DirectJDKLog.java:173] - Stopping service [Tomcat]
2024-01-29 18:17:47,262 INFO [main][DirectJDKLog.java:173] - Stopping service [Tomcat]
2024-01-29 18:17:47,275 INFO [main][ConditionEvaluationReportLoggingListener.java:136] - 

Error starting ApplicationContext. To display the conditions report re-run your application with 'debug' enabled.
2024-01-29 18:17:47,275 INFO [main][ConditionEvaluationReportLoggingListener.java:136] - 

Error starting ApplicationContext. To display the conditions report re-run your application with 'debug' enabled.
2024-01-29 18:17:47,281 ERROR [main][LoggingFailureAnalysisReporter.java:40] - 

***************************
APPLICATION FAILED TO START
***************************

Description:

An attempt was made to call a method that does not exist. The attempt was made from the following location:

    io.minio.S3Base.<clinit>(S3Base.java:104)

The following method did not exist:

    okhttp3.RequestBody.create([BLokhttp3/MediaType;)Lokhttp3/RequestBody;

The method's class, okhttp3.RequestBody, is available from the following locations:

    jar:file:/D:/Softwares/apache-maven-3.9.5/mvn_repo/com/squareup/okhttp3/okhttp/3.14.9/okhttp-3.14.9.jar!/okhttp3/RequestBody.class

The class hierarchy was loaded from the following locations:

    okhttp3.RequestBody: file:/D:/Softwares/apache-maven-3.9.5/mvn_repo/com/squareup/okhttp3/okhttp/3.14.9/okhttp-3.14.9.jar


Action:

Correct the classpath of your application so that it contains a single, compatible version of okhttp3.RequestBody

2024-01-29 18:17:47,281 ERROR [main][LoggingFailureAnalysisReporter.java:40] - 

***************************
APPLICATION FAILED TO START
***************************

Description:

An attempt was made to call a method that does not exist. The attempt was made from the following location:

    io.minio.S3Base.<clinit>(S3Base.java:104)

The following method did not exist:

    okhttp3.RequestBody.create([BLokhttp3/MediaType;)Lokhttp3/RequestBody;

The method's class, okhttp3.RequestBody, is available from the following locations:

    jar:file:/D:/Softwares/apache-maven-3.9.5/mvn_repo/com/squareup/okhttp3/okhttp/3.14.9/okhttp-3.14.9.jar!/okhttp3/RequestBody.class

The class hierarchy was loaded from the following locations:

    okhttp3.RequestBody: file:/D:/Softwares/apache-maven-3.9.5/mvn_repo/com/squareup/okhttp3/okhttp/3.14.9/okhttp-3.14.9.jar


Action:

Correct the classpath of your application so that it contains a single, compatible version of okhttp3.RequestBody

2024-01-29 18:17:47,282 WARN [Thread-5][HttpClientBeanHolder.java:108] - [HttpClientBeanHolder] Start destroying common HttpClient
2024-01-29 18:17:47,282 WARN [Thread-5][HttpClientBeanHolder.java:108] - [HttpClientBeanHolder] Start destroying common HttpClient
2024-01-29 18:17:47,283 WARN [Thread-5][HttpClientBeanHolder.java:114] - [HttpClientBeanHolder] Destruction of the end
2024-01-29 18:17:47,283 WARN [Thread-5][HttpClientBeanHolder.java:114] - [HttpClientBeanHolder] Destruction of the end
2024-01-29 18:19:59,873 INFO [main][SpringApplication.java:655] - The following profiles are active: dev
2024-01-29 18:19:59,873 INFO [main][SpringApplication.java:655] - The following profiles are active: dev
2024-01-29 18:20:00,670 INFO [main][GenericScope.java:295] - BeanFactory id=3779e3ff-a919-38b5-8b63-ea738e53b7ff
2024-01-29 18:20:00,670 INFO [main][GenericScope.java:295] - BeanFactory id=3779e3ff-a919-38b5-8b63-ea738e53b7ff
2024-01-29 18:20:00,981 INFO [main][TomcatWebServer.java:108] - Tomcat initialized with port(s): 63050 (http)
2024-01-29 18:20:00,981 INFO [main][TomcatWebServer.java:108] - Tomcat initialized with port(s): 63050 (http)
2024-01-29 18:20:00,989 INFO [main][DirectJDKLog.java:173] - Initializing ProtocolHandler ["http-nio-63050"]
2024-01-29 18:20:00,989 INFO [main][DirectJDKLog.java:173] - Initializing ProtocolHandler ["http-nio-63050"]
2024-01-29 18:20:00,990 INFO [main][DirectJDKLog.java:173] - Starting service [Tomcat]
2024-01-29 18:20:00,990 INFO [main][DirectJDKLog.java:173] - Starting service [Tomcat]
2024-01-29 18:20:00,990 INFO [main][DirectJDKLog.java:173] - Starting Servlet engine: [Apache Tomcat/9.0.41]
2024-01-29 18:20:00,990 INFO [main][DirectJDKLog.java:173] - Starting Servlet engine: [Apache Tomcat/9.0.41]
2024-01-29 18:20:00,992 INFO [main][DirectJDKLog.java:173] - Loaded Apache Tomcat Native library [2.0.6] using APR version [1.7.4].
2024-01-29 18:20:00,992 INFO [main][DirectJDKLog.java:173] - Loaded Apache Tomcat Native library [2.0.6] using APR version [1.7.4].
2024-01-29 18:20:00,992 INFO [main][DirectJDKLog.java:173] - APR capabilities: IPv6 [true], sendfile [true], accept filters [false], random [true].
2024-01-29 18:20:00,992 INFO [main][DirectJDKLog.java:173] - APR capabilities: IPv6 [true], sendfile [true], accept filters [false], random [true].
2024-01-29 18:20:00,992 INFO [main][DirectJDKLog.java:173] - APR/OpenSSL configuration: useAprConnector [false], useOpenSSL [true]
2024-01-29 18:20:00,992 INFO [main][DirectJDKLog.java:173] - APR/OpenSSL configuration: useAprConnector [false], useOpenSSL [true]
2024-01-29 18:20:00,996 INFO [main][DirectJDKLog.java:173] - OpenSSL successfully initialized [OpenSSL 3.0.11 19 Sep 2023]
2024-01-29 18:20:00,996 INFO [main][DirectJDKLog.java:173] - OpenSSL successfully initialized [OpenSSL 3.0.11 19 Sep 2023]
2024-01-29 18:20:01,095 INFO [main][DirectJDKLog.java:173] - Initializing Spring embedded WebApplicationContext
2024-01-29 18:20:01,095 INFO [main][DirectJDKLog.java:173] - Initializing Spring embedded WebApplicationContext
2024-01-29 18:20:01,096 INFO [main][ServletWebServerApplicationContext.java:285] - Root WebApplicationContext: initialization completed in 1210 ms
2024-01-29 18:20:01,096 INFO [main][ServletWebServerApplicationContext.java:285] - Root WebApplicationContext: initialization completed in 1210 ms
2024-01-29 18:20:01,701 WARN [main][AbstractApplicationContext.java:559] - Exception encountered during context initialization - cancelling refresh attempt: org.springframework.beans.factory.UnsatisfiedDependencyException: Error creating bean with name 'mediaFilesController': Unsatisfied dependency expressed through field 'mediaFileService'; nested exception is org.springframework.beans.factory.UnsatisfiedDependencyException: Error creating bean with name 'mediaFileServiceImpl': Unsatisfied dependency expressed through field 'minioClient'; nested exception is org.springframework.beans.factory.BeanCreationException: Error creating bean with name 'minioClient' defined in class path resource [com/yangcs/media/config/MinioConfig.class]: Bean instantiation via factory method failed; nested exception is org.springframework.beans.BeanInstantiationException: Failed to instantiate [io.minio.MinioClient]: Factory method 'minioClient' threw exception; nested exception is java.lang.ExceptionInInitializerError
2024-01-29 18:20:01,701 WARN [main][AbstractApplicationContext.java:559] - Exception encountered during context initialization - cancelling refresh attempt: org.springframework.beans.factory.UnsatisfiedDependencyException: Error creating bean with name 'mediaFilesController': Unsatisfied dependency expressed through field 'mediaFileService'; nested exception is org.springframework.beans.factory.UnsatisfiedDependencyException: Error creating bean with name 'mediaFileServiceImpl': Unsatisfied dependency expressed through field 'minioClient'; nested exception is org.springframework.beans.factory.BeanCreationException: Error creating bean with name 'minioClient' defined in class path resource [com/yangcs/media/config/MinioConfig.class]: Bean instantiation via factory method failed; nested exception is org.springframework.beans.BeanInstantiationException: Failed to instantiate [io.minio.MinioClient]: Factory method 'minioClient' threw exception; nested exception is java.lang.ExceptionInInitializerError
2024-01-29 18:20:01,703 INFO [main][DirectJDKLog.java:173] - Stopping service [Tomcat]
2024-01-29 18:20:01,703 INFO [main][DirectJDKLog.java:173] - Stopping service [Tomcat]
2024-01-29 18:20:01,711 INFO [main][ConditionEvaluationReportLoggingListener.java:136] - 

Error starting ApplicationContext. To display the conditions report re-run your application with 'debug' enabled.
2024-01-29 18:20:01,711 INFO [main][ConditionEvaluationReportLoggingListener.java:136] - 

Error starting ApplicationContext. To display the conditions report re-run your application with 'debug' enabled.
2024-01-29 18:20:01,719 ERROR [main][LoggingFailureAnalysisReporter.java:40] - 

***************************
APPLICATION FAILED TO START
***************************

Description:

An attempt was made to call a method that does not exist. The attempt was made from the following location:

    io.minio.S3Base.<clinit>(S3Base.java:105)

The following method did not exist:

    okhttp3.RequestBody.create([BLokhttp3/MediaType;)Lokhttp3/RequestBody;

The method's class, okhttp3.RequestBody, is available from the following locations:

    jar:file:/D:/Softwares/apache-maven-3.9.5/mvn_repo/com/squareup/okhttp3/okhttp/3.14.9/okhttp-3.14.9.jar!/okhttp3/RequestBody.class

The class hierarchy was loaded from the following locations:

    okhttp3.RequestBody: file:/D:/Softwares/apache-maven-3.9.5/mvn_repo/com/squareup/okhttp3/okhttp/3.14.9/okhttp-3.14.9.jar


Action:

Correct the classpath of your application so that it contains a single, compatible version of okhttp3.RequestBody

2024-01-29 18:20:01,719 ERROR [main][LoggingFailureAnalysisReporter.java:40] - 

***************************
APPLICATION FAILED TO START
***************************

Description:

An attempt was made to call a method that does not exist. The attempt was made from the following location:

    io.minio.S3Base.<clinit>(S3Base.java:105)

The following method did not exist:

    okhttp3.RequestBody.create([BLokhttp3/MediaType;)Lokhttp3/RequestBody;

The method's class, okhttp3.RequestBody, is available from the following locations:

    jar:file:/D:/Softwares/apache-maven-3.9.5/mvn_repo/com/squareup/okhttp3/okhttp/3.14.9/okhttp-3.14.9.jar!/okhttp3/RequestBody.class

The class hierarchy was loaded from the following locations:

    okhttp3.RequestBody: file:/D:/Softwares/apache-maven-3.9.5/mvn_repo/com/squareup/okhttp3/okhttp/3.14.9/okhttp-3.14.9.jar


Action:

Correct the classpath of your application so that it contains a single, compatible version of okhttp3.RequestBody

2024-01-29 18:20:01,721 WARN [Thread-6][HttpClientBeanHolder.java:108] - [HttpClientBeanHolder] Start destroying common HttpClient
2024-01-29 18:20:01,721 WARN [Thread-6][HttpClientBeanHolder.java:108] - [HttpClientBeanHolder] Start destroying common HttpClient
2024-01-29 18:20:01,721 WARN [Thread-6][HttpClientBeanHolder.java:114] - [HttpClientBeanHolder] Destruction of the end
2024-01-29 18:20:01,721 WARN [Thread-6][HttpClientBeanHolder.java:114] - [HttpClientBeanHolder] Destruction of the end
2024-01-29 18:20:36,201 INFO [main][SpringApplication.java:655] - The following profiles are active: dev
2024-01-29 18:20:36,201 INFO [main][SpringApplication.java:655] - The following profiles are active: dev
2024-01-29 18:20:36,971 INFO [main][GenericScope.java:295] - BeanFactory id=3779e3ff-a919-38b5-8b63-ea738e53b7ff
2024-01-29 18:20:36,971 INFO [main][GenericScope.java:295] - BeanFactory id=3779e3ff-a919-38b5-8b63-ea738e53b7ff
2024-01-29 18:20:37,267 INFO [main][TomcatWebServer.java:108] - Tomcat initialized with port(s): 63050 (http)
2024-01-29 18:20:37,267 INFO [main][TomcatWebServer.java:108] - Tomcat initialized with port(s): 63050 (http)
2024-01-29 18:20:37,274 INFO [main][DirectJDKLog.java:173] - Initializing ProtocolHandler ["http-nio-63050"]
2024-01-29 18:20:37,274 INFO [main][DirectJDKLog.java:173] - Initializing ProtocolHandler ["http-nio-63050"]
2024-01-29 18:20:37,275 INFO [main][DirectJDKLog.java:173] - Starting service [Tomcat]
2024-01-29 18:20:37,275 INFO [main][DirectJDKLog.java:173] - Starting service [Tomcat]
2024-01-29 18:20:37,275 INFO [main][DirectJDKLog.java:173] - Starting Servlet engine: [Apache Tomcat/9.0.41]
2024-01-29 18:20:37,275 INFO [main][DirectJDKLog.java:173] - Starting Servlet engine: [Apache Tomcat/9.0.41]
2024-01-29 18:20:37,277 INFO [main][DirectJDKLog.java:173] - Loaded Apache Tomcat Native library [2.0.6] using APR version [1.7.4].
2024-01-29 18:20:37,277 INFO [main][DirectJDKLog.java:173] - Loaded Apache Tomcat Native library [2.0.6] using APR version [1.7.4].
2024-01-29 18:20:37,277 INFO [main][DirectJDKLog.java:173] - APR capabilities: IPv6 [true], sendfile [true], accept filters [false], random [true].
2024-01-29 18:20:37,277 INFO [main][DirectJDKLog.java:173] - APR capabilities: IPv6 [true], sendfile [true], accept filters [false], random [true].
2024-01-29 18:20:37,277 INFO [main][DirectJDKLog.java:173] - APR/OpenSSL configuration: useAprConnector [false], useOpenSSL [true]
2024-01-29 18:20:37,277 INFO [main][DirectJDKLog.java:173] - APR/OpenSSL configuration: useAprConnector [false], useOpenSSL [true]
2024-01-29 18:20:37,281 INFO [main][DirectJDKLog.java:173] - OpenSSL successfully initialized [OpenSSL 3.0.11 19 Sep 2023]
2024-01-29 18:20:37,281 INFO [main][DirectJDKLog.java:173] - OpenSSL successfully initialized [OpenSSL 3.0.11 19 Sep 2023]
2024-01-29 18:20:37,379 INFO [main][DirectJDKLog.java:173] - Initializing Spring embedded WebApplicationContext
2024-01-29 18:20:37,379 INFO [main][DirectJDKLog.java:173] - Initializing Spring embedded WebApplicationContext
2024-01-29 18:20:37,379 INFO [main][ServletWebServerApplicationContext.java:285] - Root WebApplicationContext: initialization completed in 1165 ms
2024-01-29 18:20:37,379 INFO [main][ServletWebServerApplicationContext.java:285] - Root WebApplicationContext: initialization completed in 1165 ms
2024-01-29 18:20:38,112 WARN [main][AbstractApplicationContext.java:559] - Exception encountered during context initialization - cancelling refresh attempt: org.springframework.beans.factory.UnsatisfiedDependencyException: Error creating bean with name 'mediaFilesController': Unsatisfied dependency expressed through field 'mediaFileService'; nested exception is org.springframework.beans.factory.UnsatisfiedDependencyException: Error creating bean with name 'mediaFileServiceImpl': Unsatisfied dependency expressed through field 'minioClient'; nested exception is org.springframework.beans.factory.BeanCreationException: Error creating bean with name 'minioClient' defined in class path resource [com/yangcs/media/config/MinioConfig.class]: Bean instantiation via factory method failed; nested exception is org.springframework.beans.BeanInstantiationException: Failed to instantiate [io.minio.MinioClient]: Factory method 'minioClient' threw exception; nested exception is java.lang.IllegalArgumentException: invalid hostname
2024-01-29 18:20:38,112 WARN [main][AbstractApplicationContext.java:559] - Exception encountered during context initialization - cancelling refresh attempt: org.springframework.beans.factory.UnsatisfiedDependencyException: Error creating bean with name 'mediaFilesController': Unsatisfied dependency expressed through field 'mediaFileService'; nested exception is org.springframework.beans.factory.UnsatisfiedDependencyException: Error creating bean with name 'mediaFileServiceImpl': Unsatisfied dependency expressed through field 'minioClient'; nested exception is org.springframework.beans.factory.BeanCreationException: Error creating bean with name 'minioClient' defined in class path resource [com/yangcs/media/config/MinioConfig.class]: Bean instantiation via factory method failed; nested exception is org.springframework.beans.BeanInstantiationException: Failed to instantiate [io.minio.MinioClient]: Factory method 'minioClient' threw exception; nested exception is java.lang.IllegalArgumentException: invalid hostname
2024-01-29 18:20:38,113 INFO [main][DirectJDKLog.java:173] - Stopping service [Tomcat]
2024-01-29 18:20:38,113 INFO [main][DirectJDKLog.java:173] - Stopping service [Tomcat]
2024-01-29 18:20:38,122 INFO [main][ConditionEvaluationReportLoggingListener.java:136] - 

Error starting ApplicationContext. To display the conditions report re-run your application with 'debug' enabled.
2024-01-29 18:20:38,122 INFO [main][ConditionEvaluationReportLoggingListener.java:136] - 

Error starting ApplicationContext. To display the conditions report re-run your application with 'debug' enabled.
2024-01-29 18:20:38,130 ERROR [main][SpringApplication.java:837] - Application run failed
org.springframework.beans.factory.UnsatisfiedDependencyException: Error creating bean with name 'mediaFilesController': Unsatisfied dependency expressed through field 'mediaFileService'; nested exception is org.springframework.beans.factory.UnsatisfiedDependencyException: Error creating bean with name 'mediaFileServiceImpl': Unsatisfied dependency expressed through field 'minioClient'; nested exception is org.springframework.beans.factory.BeanCreationException: Error creating bean with name 'minioClient' defined in class path resource [com/yangcs/media/config/MinioConfig.class]: Bean instantiation via factory method failed; nested exception is org.springframework.beans.BeanInstantiationException: Failed to instantiate [io.minio.MinioClient]: Factory method 'minioClient' threw exception; nested exception is java.lang.IllegalArgumentException: invalid hostname
	at org.springframework.beans.factory.annotation.AutowiredAnnotationBeanPostProcessor$AutowiredFieldElement.inject(AutowiredAnnotationBeanPostProcessor.java:643)
	at org.springframework.beans.factory.annotation.InjectionMetadata.inject(InjectionMetadata.java:119)
	at org.springframework.beans.factory.annotation.AutowiredAnnotationBeanPostProcessor.postProcessProperties(AutowiredAnnotationBeanPostProcessor.java:399)
	at org.springframework.beans.factory.support.AbstractAutowireCapableBeanFactory.populateBean(AbstractAutowireCapableBeanFactory.java:1420)
	at org.springframework.beans.factory.support.AbstractAutowireCapableBeanFactory.doCreateBean(AbstractAutowireCapableBeanFactory.java:593)
	at org.springframework.beans.factory.support.AbstractAutowireCapableBeanFactory.createBean(AbstractAutowireCapableBeanFactory.java:516)
	at org.springframework.beans.factory.support.AbstractBeanFactory.lambda$doGetBean$0(AbstractBeanFactory.java:324)
	at org.springframework.beans.factory.support.DefaultSingletonBeanRegistry.getSingleton(DefaultSingletonBeanRegistry.java:234)
	at org.springframework.beans.factory.support.AbstractBeanFactory.doGetBean(AbstractBeanFactory.java:322)
	at org.springframework.beans.factory.support.AbstractBeanFactory.getBean(AbstractBeanFactory.java:202)
	at org.springframework.beans.factory.support.DefaultListableBeanFactory.preInstantiateSingletons(DefaultListableBeanFactory.java:897)
	at org.springframework.context.support.AbstractApplicationContext.finishBeanFactoryInitialization(AbstractApplicationContext.java:879)
	at org.springframework.context.support.AbstractApplicationContext.refresh(AbstractApplicationContext.java:551)
	at org.springframework.boot.web.servlet.context.ServletWebServerApplicationContext.refresh(ServletWebServerApplicationContext.java:143)
	at org.springframework.boot.SpringApplication.refresh(SpringApplication.java:758)
	at org.springframework.boot.SpringApplication.refresh(SpringApplication.java:750)
	at org.springframework.boot.SpringApplication.refreshContext(SpringApplication.java:405)
	at org.springframework.boot.SpringApplication.run(SpringApplication.java:315)
	at org.springframework.boot.SpringApplication.run(SpringApplication.java:1237)
	at org.springframework.boot.SpringApplication.run(SpringApplication.java:1226)
	at com.yangcs.MediaApplication.main(MediaApplication.java:12)
Caused by: org.springframework.beans.factory.UnsatisfiedDependencyException: Error creating bean with name 'mediaFileServiceImpl': Unsatisfied dependency expressed through field 'minioClient'; nested exception is org.springframework.beans.factory.BeanCreationException: Error creating bean with name 'minioClient' defined in class path resource [com/yangcs/media/config/MinioConfig.class]: Bean instantiation via factory method failed; nested exception is org.springframework.beans.BeanInstantiationException: Failed to instantiate [io.minio.MinioClient]: Factory method 'minioClient' threw exception; nested exception is java.lang.IllegalArgumentException: invalid hostname
	at org.springframework.beans.factory.annotation.AutowiredAnnotationBeanPostProcessor$AutowiredFieldElement.inject(AutowiredAnnotationBeanPostProcessor.java:643)
	at org.springframework.beans.factory.annotation.InjectionMetadata.inject(InjectionMetadata.java:119)
	at org.springframework.beans.factory.annotation.AutowiredAnnotationBeanPostProcessor.postProcessProperties(AutowiredAnnotationBeanPostProcessor.java:399)
	at org.springframework.beans.factory.support.AbstractAutowireCapableBeanFactory.populateBean(AbstractAutowireCapableBeanFactory.java:1420)
	at org.springframework.beans.factory.support.AbstractAutowireCapableBeanFactory.doCreateBean(AbstractAutowireCapableBeanFactory.java:593)
	at org.springframework.beans.factory.support.AbstractAutowireCapableBeanFactory.createBean(AbstractAutowireCapableBeanFactory.java:516)
	at org.springframework.beans.factory.support.AbstractBeanFactory.lambda$doGetBean$0(AbstractBeanFactory.java:324)
	at org.springframework.beans.factory.support.DefaultSingletonBeanRegistry.getSingleton(DefaultSingletonBeanRegistry.java:234)
	at org.springframework.beans.factory.support.AbstractBeanFactory.doGetBean(AbstractBeanFactory.java:322)
	at org.springframework.beans.factory.support.AbstractBeanFactory.getBean(AbstractBeanFactory.java:202)
	at org.springframework.beans.factory.config.DependencyDescriptor.resolveCandidate(DependencyDescriptor.java:276)
	at org.springframework.beans.factory.support.DefaultListableBeanFactory.doResolveDependency(DefaultListableBeanFactory.java:1307)
	at org.springframework.beans.factory.support.DefaultListableBeanFactory.resolveDependency(DefaultListableBeanFactory.java:1227)
	at org.springframework.beans.factory.annotation.AutowiredAnnotationBeanPostProcessor$AutowiredFieldElement.inject(AutowiredAnnotationBeanPostProcessor.java:640)
	... 20 more
Caused by: org.springframework.beans.factory.BeanCreationException: Error creating bean with name 'minioClient' defined in class path resource [com/yangcs/media/config/MinioConfig.class]: Bean instantiation via factory method failed; nested exception is org.springframework.beans.BeanInstantiationException: Failed to instantiate [io.minio.MinioClient]: Factory method 'minioClient' threw exception; nested exception is java.lang.IllegalArgumentException: invalid hostname
	at org.springframework.beans.factory.support.ConstructorResolver.instantiate(ConstructorResolver.java:657)
	at org.springframework.beans.factory.support.ConstructorResolver.instantiateUsingFactoryMethod(ConstructorResolver.java:485)
	at org.springframework.beans.factory.support.AbstractAutowireCapableBeanFactory.instantiateUsingFactoryMethod(AbstractAutowireCapableBeanFactory.java:1336)
	at org.springframework.beans.factory.support.AbstractAutowireCapableBeanFactory.createBeanInstance(AbstractAutowireCapableBeanFactory.java:1176)
	at org.springframework.beans.factory.support.AbstractAutowireCapableBeanFactory.doCreateBean(AbstractAutowireCapableBeanFactory.java:556)
	at org.springframework.beans.factory.support.AbstractAutowireCapableBeanFactory.createBean(AbstractAutowireCapableBeanFactory.java:516)
	at org.springframework.beans.factory.support.AbstractBeanFactory.lambda$doGetBean$0(AbstractBeanFactory.java:324)
	at org.springframework.beans.factory.support.DefaultSingletonBeanRegistry.getSingleton(DefaultSingletonBeanRegistry.java:234)
	at org.springframework.beans.factory.support.AbstractBeanFactory.doGetBean(AbstractBeanFactory.java:322)
	at org.springframework.beans.factory.support.AbstractBeanFactory.getBean(AbstractBeanFactory.java:202)
	at org.springframework.beans.factory.config.DependencyDescriptor.resolveCandidate(DependencyDescriptor.java:276)
	at org.springframework.beans.factory.support.DefaultListableBeanFactory.doResolveDependency(DefaultListableBeanFactory.java:1307)
	at org.springframework.beans.factory.support.DefaultListableBeanFactory.resolveDependency(DefaultListableBeanFactory.java:1227)
	at org.springframework.beans.factory.annotation.AutowiredAnnotationBeanPostProcessor$AutowiredFieldElement.inject(AutowiredAnnotationBeanPostProcessor.java:640)
	... 33 more
Caused by: org.springframework.beans.BeanInstantiationException: Failed to instantiate [io.minio.MinioClient]: Factory method 'minioClient' threw exception; nested exception is java.lang.IllegalArgumentException: invalid hostname
	at org.springframework.beans.factory.support.SimpleInstantiationStrategy.instantiate(SimpleInstantiationStrategy.java:185)
	at org.springframework.beans.factory.support.ConstructorResolver.instantiate(ConstructorResolver.java:652)
	... 46 more
Caused by: java.lang.IllegalArgumentException: invalid hostname
	at io.minio.MinioClient$Builder.validateHostnameOrIPAddress(MinioClient.java:2784)
	at io.minio.MinioClient$Builder.getBaseUrl(MinioClient.java:2793)
	at io.minio.MinioClient$Builder.endpoint(MinioClient.java:2803)
	at com.yangcs.media.config.MinioConfig.minioClient(MinioConfig.java:22)
	at com.yangcs.media.config.MinioConfig$$EnhancerBySpringCGLIB$$d72f36fe.CGLIB$minioClient$0(<generated>)
	at com.yangcs.media.config.MinioConfig$$EnhancerBySpringCGLIB$$d72f36fe$$FastClassBySpringCGLIB$$397db05a.invoke(<generated>)
	at org.springframework.cglib.proxy.MethodProxy.invokeSuper(MethodProxy.java:244)
	at org.springframework.context.annotation.ConfigurationClassEnhancer$BeanMethodInterceptor.intercept(ConfigurationClassEnhancer.java:331)
	at com.yangcs.media.config.MinioConfig$$EnhancerBySpringCGLIB$$d72f36fe.minioClient(<generated>)
	at sun.reflect.NativeMethodAccessorImpl.invoke0(Native Method)
	at sun.reflect.NativeMethodAccessorImpl.invoke(NativeMethodAccessorImpl.java:62)
	at sun.reflect.DelegatingMethodAccessorImpl.invoke(DelegatingMethodAccessorImpl.java:43)
	at java.lang.reflect.Method.invoke(Method.java:498)
	at org.springframework.beans.factory.support.SimpleInstantiationStrategy.instantiate(SimpleInstantiationStrategy.java:154)
	... 47 more
2024-01-29 18:20:38,130 ERROR [main][SpringApplication.java:837] - Application run failed
org.springframework.beans.factory.UnsatisfiedDependencyException: Error creating bean with name 'mediaFilesController': Unsatisfied dependency expressed through field 'mediaFileService'; nested exception is org.springframework.beans.factory.UnsatisfiedDependencyException: Error creating bean with name 'mediaFileServiceImpl': Unsatisfied dependency expressed through field 'minioClient'; nested exception is org.springframework.beans.factory.BeanCreationException: Error creating bean with name 'minioClient' defined in class path resource [com/yangcs/media/config/MinioConfig.class]: Bean instantiation via factory method failed; nested exception is org.springframework.beans.BeanInstantiationException: Failed to instantiate [io.minio.MinioClient]: Factory method 'minioClient' threw exception; nested exception is java.lang.IllegalArgumentException: invalid hostname
	at org.springframework.beans.factory.annotation.AutowiredAnnotationBeanPostProcessor$AutowiredFieldElement.inject(AutowiredAnnotationBeanPostProcessor.java:643)
	at org.springframework.beans.factory.annotation.InjectionMetadata.inject(InjectionMetadata.java:119)
	at org.springframework.beans.factory.annotation.AutowiredAnnotationBeanPostProcessor.postProcessProperties(AutowiredAnnotationBeanPostProcessor.java:399)
	at org.springframework.beans.factory.support.AbstractAutowireCapableBeanFactory.populateBean(AbstractAutowireCapableBeanFactory.java:1420)
	at org.springframework.beans.factory.support.AbstractAutowireCapableBeanFactory.doCreateBean(AbstractAutowireCapableBeanFactory.java:593)
	at org.springframework.beans.factory.support.AbstractAutowireCapableBeanFactory.createBean(AbstractAutowireCapableBeanFactory.java:516)
	at org.springframework.beans.factory.support.AbstractBeanFactory.lambda$doGetBean$0(AbstractBeanFactory.java:324)
	at org.springframework.beans.factory.support.DefaultSingletonBeanRegistry.getSingleton(DefaultSingletonBeanRegistry.java:234)
	at org.springframework.beans.factory.support.AbstractBeanFactory.doGetBean(AbstractBeanFactory.java:322)
	at org.springframework.beans.factory.support.AbstractBeanFactory.getBean(AbstractBeanFactory.java:202)
	at org.springframework.beans.factory.support.DefaultListableBeanFactory.preInstantiateSingletons(DefaultListableBeanFactory.java:897)
	at org.springframework.context.support.AbstractApplicationContext.finishBeanFactoryInitialization(AbstractApplicationContext.java:879)
	at org.springframework.context.support.AbstractApplicationContext.refresh(AbstractApplicationContext.java:551)
	at org.springframework.boot.web.servlet.context.ServletWebServerApplicationContext.refresh(ServletWebServerApplicationContext.java:143)
	at org.springframework.boot.SpringApplication.refresh(SpringApplication.java:758)
	at org.springframework.boot.SpringApplication.refresh(SpringApplication.java:750)
	at org.springframework.boot.SpringApplication.refreshContext(SpringApplication.java:405)
	at org.springframework.boot.SpringApplication.run(SpringApplication.java:315)
	at org.springframework.boot.SpringApplication.run(SpringApplication.java:1237)
	at org.springframework.boot.SpringApplication.run(SpringApplication.java:1226)
	at com.yangcs.MediaApplication.main(MediaApplication.java:12)
Caused by: org.springframework.beans.factory.UnsatisfiedDependencyException: Error creating bean with name 'mediaFileServiceImpl': Unsatisfied dependency expressed through field 'minioClient'; nested exception is org.springframework.beans.factory.BeanCreationException: Error creating bean with name 'minioClient' defined in class path resource [com/yangcs/media/config/MinioConfig.class]: Bean instantiation via factory method failed; nested exception is org.springframework.beans.BeanInstantiationException: Failed to instantiate [io.minio.MinioClient]: Factory method 'minioClient' threw exception; nested exception is java.lang.IllegalArgumentException: invalid hostname
	at org.springframework.beans.factory.annotation.AutowiredAnnotationBeanPostProcessor$AutowiredFieldElement.inject(AutowiredAnnotationBeanPostProcessor.java:643)
	at org.springframework.beans.factory.annotation.InjectionMetadata.inject(InjectionMetadata.java:119)
	at org.springframework.beans.factory.annotation.AutowiredAnnotationBeanPostProcessor.postProcessProperties(AutowiredAnnotationBeanPostProcessor.java:399)
	at org.springframework.beans.factory.support.AbstractAutowireCapableBeanFactory.populateBean(AbstractAutowireCapableBeanFactory.java:1420)
	at org.springframework.beans.factory.support.AbstractAutowireCapableBeanFactory.doCreateBean(AbstractAutowireCapableBeanFactory.java:593)
	at org.springframework.beans.factory.support.AbstractAutowireCapableBeanFactory.createBean(AbstractAutowireCapableBeanFactory.java:516)
	at org.springframework.beans.factory.support.AbstractBeanFactory.lambda$doGetBean$0(AbstractBeanFactory.java:324)
	at org.springframework.beans.factory.support.DefaultSingletonBeanRegistry.getSingleton(DefaultSingletonBeanRegistry.java:234)
	at org.springframework.beans.factory.support.AbstractBeanFactory.doGetBean(AbstractBeanFactory.java:322)
	at org.springframework.beans.factory.support.AbstractBeanFactory.getBean(AbstractBeanFactory.java:202)
	at org.springframework.beans.factory.config.DependencyDescriptor.resolveCandidate(DependencyDescriptor.java:276)
	at org.springframework.beans.factory.support.DefaultListableBeanFactory.doResolveDependency(DefaultListableBeanFactory.java:1307)
	at org.springframework.beans.factory.support.DefaultListableBeanFactory.resolveDependency(DefaultListableBeanFactory.java:1227)
	at org.springframework.beans.factory.annotation.AutowiredAnnotationBeanPostProcessor$AutowiredFieldElement.inject(AutowiredAnnotationBeanPostProcessor.java:640)
	... 20 more
Caused by: org.springframework.beans.factory.BeanCreationException: Error creating bean with name 'minioClient' defined in class path resource [com/yangcs/media/config/MinioConfig.class]: Bean instantiation via factory method failed; nested exception is org.springframework.beans.BeanInstantiationException: Failed to instantiate [io.minio.MinioClient]: Factory method 'minioClient' threw exception; nested exception is java.lang.IllegalArgumentException: invalid hostname
	at org.springframework.beans.factory.support.ConstructorResolver.instantiate(ConstructorResolver.java:657)
	at org.springframework.beans.factory.support.ConstructorResolver.instantiateUsingFactoryMethod(ConstructorResolver.java:485)
	at org.springframework.beans.factory.support.AbstractAutowireCapableBeanFactory.instantiateUsingFactoryMethod(AbstractAutowireCapableBeanFactory.java:1336)
	at org.springframework.beans.factory.support.AbstractAutowireCapableBeanFactory.createBeanInstance(AbstractAutowireCapableBeanFactory.java:1176)
	at org.springframework.beans.factory.support.AbstractAutowireCapableBeanFactory.doCreateBean(AbstractAutowireCapableBeanFactory.java:556)
	at org.springframework.beans.factory.support.AbstractAutowireCapableBeanFactory.createBean(AbstractAutowireCapableBeanFactory.java:516)
	at org.springframework.beans.factory.support.AbstractBeanFactory.lambda$doGetBean$0(AbstractBeanFactory.java:324)
	at org.springframework.beans.factory.support.DefaultSingletonBeanRegistry.getSingleton(DefaultSingletonBeanRegistry.java:234)
	at org.springframework.beans.factory.support.AbstractBeanFactory.doGetBean(AbstractBeanFactory.java:322)
	at org.springframework.beans.factory.support.AbstractBeanFactory.getBean(AbstractBeanFactory.java:202)
	at org.springframework.beans.factory.config.DependencyDescriptor.resolveCandidate(DependencyDescriptor.java:276)
	at org.springframework.beans.factory.support.DefaultListableBeanFactory.doResolveDependency(DefaultListableBeanFactory.java:1307)
	at org.springframework.beans.factory.support.DefaultListableBeanFactory.resolveDependency(DefaultListableBeanFactory.java:1227)
	at org.springframework.beans.factory.annotation.AutowiredAnnotationBeanPostProcessor$AutowiredFieldElement.inject(AutowiredAnnotationBeanPostProcessor.java:640)
	... 33 more
Caused by: org.springframework.beans.BeanInstantiationException: Failed to instantiate [io.minio.MinioClient]: Factory method 'minioClient' threw exception; nested exception is java.lang.IllegalArgumentException: invalid hostname
	at org.springframework.beans.factory.support.SimpleInstantiationStrategy.instantiate(SimpleInstantiationStrategy.java:185)
	at org.springframework.beans.factory.support.ConstructorResolver.instantiate(ConstructorResolver.java:652)
	... 46 more
Caused by: java.lang.IllegalArgumentException: invalid hostname
	at io.minio.MinioClient$Builder.validateHostnameOrIPAddress(MinioClient.java:2784)
	at io.minio.MinioClient$Builder.getBaseUrl(MinioClient.java:2793)
	at io.minio.MinioClient$Builder.endpoint(MinioClient.java:2803)
	at com.yangcs.media.config.MinioConfig.minioClient(MinioConfig.java:22)
	at com.yangcs.media.config.MinioConfig$$EnhancerBySpringCGLIB$$d72f36fe.CGLIB$minioClient$0(<generated>)
	at com.yangcs.media.config.MinioConfig$$EnhancerBySpringCGLIB$$d72f36fe$$FastClassBySpringCGLIB$$397db05a.invoke(<generated>)
	at org.springframework.cglib.proxy.MethodProxy.invokeSuper(MethodProxy.java:244)
	at org.springframework.context.annotation.ConfigurationClassEnhancer$BeanMethodInterceptor.intercept(ConfigurationClassEnhancer.java:331)
	at com.yangcs.media.config.MinioConfig$$EnhancerBySpringCGLIB$$d72f36fe.minioClient(<generated>)
	at sun.reflect.NativeMethodAccessorImpl.invoke0(Native Method)
	at sun.reflect.NativeMethodAccessorImpl.invoke(NativeMethodAccessorImpl.java:62)
	at sun.reflect.DelegatingMethodAccessorImpl.invoke(DelegatingMethodAccessorImpl.java:43)
	at java.lang.reflect.Method.invoke(Method.java:498)
	at org.springframework.beans.factory.support.SimpleInstantiationStrategy.instantiate(SimpleInstantiationStrategy.java:154)
	... 47 more
2024-01-29 18:20:38,136 WARN [Thread-6][HttpClientBeanHolder.java:108] - [HttpClientBeanHolder] Start destroying common HttpClient
2024-01-29 18:20:38,136 WARN [Thread-6][HttpClientBeanHolder.java:108] - [HttpClientBeanHolder] Start destroying common HttpClient
2024-01-29 18:20:38,137 WARN [Thread-6][HttpClientBeanHolder.java:114] - [HttpClientBeanHolder] Destruction of the end
2024-01-29 18:20:38,137 WARN [Thread-6][HttpClientBeanHolder.java:114] - [HttpClientBeanHolder] Destruction of the end
