2024-01-05 16:03:10,021 INFO [background-preinit][Version.java:21] - HV000001: Hibernate Validator 6.1.6.Final
2024-01-05 16:03:10,021 INFO [background-preinit][Version.java:21] - HV000001: Hibernate Validator 6.1.6.Final
2024-01-05 16:03:10,483 INFO [main][SpringApplication.java:651] - No active profile set, falling back to default profiles: default
2024-01-05 16:03:10,483 INFO [main][SpringApplication.java:651] - No active profile set, falling back to default profiles: default
2024-01-05 16:03:10,896 INFO [main][GenericScope.java:295] - BeanFactory id=a5c222b1-43d5-3d68-95f3-4714bebc7d70
2024-01-05 16:03:10,896 INFO [main][GenericScope.java:295] - BeanFactory id=a5c222b1-43d5-3d68-95f3-4714bebc7d70
2024-01-05 16:03:12,301 INFO [main][StartupInfoLogger.java:61] - Started CourseBaseInfoServiceTests in 2.648 seconds (JVM running for 3.841)
2024-01-05 16:03:12,301 INFO [main][StartupInfoLogger.java:61] - Started CourseBaseInfoServiceTests in 2.648 seconds (JVM running for 3.841)
2024-01-05 16:03:12,608 INFO [main][HikariDataSource.java:110] - HikariPool-1 - Starting...
2024-01-05 16:03:12,608 INFO [main][HikariDataSource.java:110] - HikariPool-1 - Starting...
2024-01-05 16:03:12,766 INFO [main][HikariDataSource.java:123] - HikariPool-1 - Start completed.
2024-01-05 16:03:12,766 INFO [main][HikariDataSource.java:123] - HikariPool-1 - Start completed.
2024-01-05 16:03:12,833 INFO [SpringContextShutdownHook][HikariDataSource.java:350] - HikariPool-1 - Shutdown initiated...
2024-01-05 16:03:12,833 INFO [SpringContextShutdownHook][HikariDataSource.java:350] - HikariPool-1 - Shutdown initiated...
2024-01-05 16:03:12,841 INFO [SpringContextShutdownHook][HikariDataSource.java:352] - HikariPool-1 - Shutdown completed.
2024-01-05 16:03:12,841 INFO [SpringContextShutdownHook][HikariDataSource.java:352] - HikariPool-1 - Shutdown completed.
2024-01-05 16:03:58,446 INFO [background-preinit][Version.java:21] - HV000001: Hibernate Validator 6.1.6.Final
2024-01-05 16:03:58,446 INFO [background-preinit][Version.java:21] - HV000001: Hibernate Validator 6.1.6.Final
2024-01-05 16:03:58,876 INFO [main][SpringApplication.java:651] - No active profile set, falling back to default profiles: default
2024-01-05 16:03:58,876 INFO [main][SpringApplication.java:651] - No active profile set, falling back to default profiles: default
2024-01-05 16:03:59,275 INFO [main][GenericScope.java:295] - BeanFactory id=a5c222b1-43d5-3d68-95f3-4714bebc7d70
2024-01-05 16:03:59,275 INFO [main][GenericScope.java:295] - BeanFactory id=a5c222b1-43d5-3d68-95f3-4714bebc7d70
2024-01-05 16:04:00,548 INFO [main][StartupInfoLogger.java:61] - Started CourseBaseInfoServiceTests in 2.477 seconds (JVM running for 3.661)
2024-01-05 16:04:00,548 INFO [main][StartupInfoLogger.java:61] - Started CourseBaseInfoServiceTests in 2.477 seconds (JVM running for 3.661)
2024-01-05 16:04:00,820 INFO [main][HikariDataSource.java:110] - HikariPool-1 - Starting...
2024-01-05 16:04:00,820 INFO [main][HikariDataSource.java:110] - HikariPool-1 - Starting...
2024-01-05 16:04:00,973 INFO [main][HikariDataSource.java:123] - HikariPool-1 - Start completed.
2024-01-05 16:04:00,973 INFO [main][HikariDataSource.java:123] - HikariPool-1 - Start completed.
2024-01-05 16:04:01,035 INFO [SpringContextShutdownHook][HikariDataSource.java:350] - HikariPool-1 - Shutdown initiated...
2024-01-05 16:04:01,035 INFO [SpringContextShutdownHook][HikariDataSource.java:350] - HikariPool-1 - Shutdown initiated...
2024-01-05 16:04:01,041 INFO [SpringContextShutdownHook][HikariDataSource.java:352] - HikariPool-1 - Shutdown completed.
2024-01-05 16:04:01,041 INFO [SpringContextShutdownHook][HikariDataSource.java:352] - HikariPool-1 - Shutdown completed.
2024-01-05 16:44:26,632 INFO [background-preinit][Version.java:21] - HV000001: Hibernate Validator 6.1.6.Final
2024-01-05 16:44:26,632 INFO [background-preinit][Version.java:21] - HV000001: Hibernate Validator 6.1.6.Final
2024-01-05 16:44:27,067 INFO [main][SpringApplication.java:651] - No active profile set, falling back to default profiles: default
2024-01-05 16:44:27,067 INFO [main][SpringApplication.java:651] - No active profile set, falling back to default profiles: default
2024-01-05 16:44:27,460 INFO [main][GenericScope.java:295] - BeanFactory id=a5c222b1-43d5-3d68-95f3-4714bebc7d70
2024-01-05 16:44:27,460 INFO [main][GenericScope.java:295] - BeanFactory id=a5c222b1-43d5-3d68-95f3-4714bebc7d70
2024-01-05 16:44:28,869 INFO [main][StartupInfoLogger.java:61] - Started CourseBaseInfoServiceTests in 2.612 seconds (JVM running for 3.793)
2024-01-05 16:44:28,869 INFO [main][StartupInfoLogger.java:61] - Started CourseBaseInfoServiceTests in 2.612 seconds (JVM running for 3.793)
2024-01-05 16:44:29,146 INFO [main][HikariDataSource.java:110] - HikariPool-1 - Starting...
2024-01-05 16:44:29,146 INFO [main][HikariDataSource.java:110] - HikariPool-1 - Starting...
2024-01-05 16:44:29,309 INFO [main][HikariDataSource.java:123] - HikariPool-1 - Start completed.
2024-01-05 16:44:29,309 INFO [main][HikariDataSource.java:123] - HikariPool-1 - Start completed.
2024-01-05 16:44:29,383 INFO [SpringContextShutdownHook][HikariDataSource.java:350] - HikariPool-1 - Shutdown initiated...
2024-01-05 16:44:29,383 INFO [SpringContextShutdownHook][HikariDataSource.java:350] - HikariPool-1 - Shutdown initiated...
2024-01-05 16:44:29,390 INFO [SpringContextShutdownHook][HikariDataSource.java:352] - HikariPool-1 - Shutdown completed.
2024-01-05 16:44:29,390 INFO [SpringContextShutdownHook][HikariDataSource.java:352] - HikariPool-1 - Shutdown completed.
2024-01-05 16:44:53,330 INFO [background-preinit][Version.java:21] - HV000001: Hibernate Validator 6.1.6.Final
2024-01-05 16:44:53,330 INFO [background-preinit][Version.java:21] - HV000001: Hibernate Validator 6.1.6.Final
2024-01-05 16:44:53,763 INFO [main][SpringApplication.java:651] - No active profile set, falling back to default profiles: default
2024-01-05 16:44:53,763 INFO [main][SpringApplication.java:651] - No active profile set, falling back to default profiles: default
2024-01-05 16:44:54,147 INFO [main][GenericScope.java:295] - BeanFactory id=a5c222b1-43d5-3d68-95f3-4714bebc7d70
2024-01-05 16:44:54,147 INFO [main][GenericScope.java:295] - BeanFactory id=a5c222b1-43d5-3d68-95f3-4714bebc7d70
2024-01-05 16:44:55,517 INFO [main][StartupInfoLogger.java:61] - Started CourseBaseInfoServiceTests in 2.565 seconds (JVM running for 3.722)
2024-01-05 16:44:55,517 INFO [main][StartupInfoLogger.java:61] - Started CourseBaseInfoServiceTests in 2.565 seconds (JVM running for 3.722)
2024-01-05 16:44:55,795 INFO [main][HikariDataSource.java:110] - HikariPool-1 - Starting...
2024-01-05 16:44:55,795 INFO [main][HikariDataSource.java:110] - HikariPool-1 - Starting...
2024-01-05 16:44:55,954 INFO [main][HikariDataSource.java:123] - HikariPool-1 - Start completed.
2024-01-05 16:44:55,954 INFO [main][HikariDataSource.java:123] - HikariPool-1 - Start completed.
2024-01-05 16:44:56,018 INFO [SpringContextShutdownHook][HikariDataSource.java:350] - HikariPool-1 - Shutdown initiated...
2024-01-05 16:44:56,018 INFO [SpringContextShutdownHook][HikariDataSource.java:350] - HikariPool-1 - Shutdown initiated...
2024-01-05 16:44:56,024 INFO [SpringContextShutdownHook][HikariDataSource.java:352] - HikariPool-1 - Shutdown completed.
2024-01-05 16:44:56,024 INFO [SpringContextShutdownHook][HikariDataSource.java:352] - HikariPool-1 - Shutdown completed.
2024-01-05 16:45:04,207 INFO [background-preinit][Version.java:21] - HV000001: Hibernate Validator 6.1.6.Final
2024-01-05 16:45:04,207 INFO [background-preinit][Version.java:21] - HV000001: Hibernate Validator 6.1.6.Final
2024-01-05 16:45:04,675 INFO [main][SpringApplication.java:651] - No active profile set, falling back to default profiles: default
2024-01-05 16:45:04,675 INFO [main][SpringApplication.java:651] - No active profile set, falling back to default profiles: default
2024-01-05 16:45:05,078 INFO [main][GenericScope.java:295] - BeanFactory id=a5c222b1-43d5-3d68-95f3-4714bebc7d70
2024-01-05 16:45:05,078 INFO [main][GenericScope.java:295] - BeanFactory id=a5c222b1-43d5-3d68-95f3-4714bebc7d70
2024-01-05 16:45:06,354 INFO [main][StartupInfoLogger.java:61] - Started CourseBaseInfoServiceTests in 2.503 seconds (JVM running for 3.686)
2024-01-05 16:45:06,354 INFO [main][StartupInfoLogger.java:61] - Started CourseBaseInfoServiceTests in 2.503 seconds (JVM running for 3.686)
2024-01-05 16:45:06,630 INFO [main][HikariDataSource.java:110] - HikariPool-1 - Starting...
2024-01-05 16:45:06,630 INFO [main][HikariDataSource.java:110] - HikariPool-1 - Starting...
2024-01-05 16:45:06,788 INFO [main][HikariDataSource.java:123] - HikariPool-1 - Start completed.
2024-01-05 16:45:06,788 INFO [main][HikariDataSource.java:123] - HikariPool-1 - Start completed.
2024-01-05 16:45:06,855 INFO [SpringContextShutdownHook][HikariDataSource.java:350] - HikariPool-1 - Shutdown initiated...
2024-01-05 16:45:06,855 INFO [SpringContextShutdownHook][HikariDataSource.java:350] - HikariPool-1 - Shutdown initiated...
2024-01-05 16:45:06,863 INFO [SpringContextShutdownHook][HikariDataSource.java:352] - HikariPool-1 - Shutdown completed.
2024-01-05 16:45:06,863 INFO [SpringContextShutdownHook][HikariDataSource.java:352] - HikariPool-1 - Shutdown completed.
2024-01-05 16:45:35,958 INFO [background-preinit][Version.java:21] - HV000001: Hibernate Validator 6.1.6.Final
2024-01-05 16:45:35,958 INFO [background-preinit][Version.java:21] - HV000001: Hibernate Validator 6.1.6.Final
2024-01-05 16:45:36,405 INFO [main][SpringApplication.java:651] - No active profile set, falling back to default profiles: default
2024-01-05 16:45:36,405 INFO [main][SpringApplication.java:651] - No active profile set, falling back to default profiles: default
2024-01-05 16:45:36,801 INFO [main][GenericScope.java:295] - BeanFactory id=a5c222b1-43d5-3d68-95f3-4714bebc7d70
2024-01-05 16:45:36,801 INFO [main][GenericScope.java:295] - BeanFactory id=a5c222b1-43d5-3d68-95f3-4714bebc7d70
2024-01-05 16:45:38,147 INFO [main][StartupInfoLogger.java:61] - Started CourseBaseInfoServiceTests in 2.559 seconds (JVM running for 3.741)
2024-01-05 16:45:38,147 INFO [main][StartupInfoLogger.java:61] - Started CourseBaseInfoServiceTests in 2.559 seconds (JVM running for 3.741)
2024-01-05 16:45:38,427 INFO [main][HikariDataSource.java:110] - HikariPool-1 - Starting...
2024-01-05 16:45:38,427 INFO [main][HikariDataSource.java:110] - HikariPool-1 - Starting...
2024-01-05 16:45:38,587 INFO [main][HikariDataSource.java:123] - HikariPool-1 - Start completed.
2024-01-05 16:45:38,587 INFO [main][HikariDataSource.java:123] - HikariPool-1 - Start completed.
2024-01-05 16:45:38,653 INFO [SpringContextShutdownHook][HikariDataSource.java:350] - HikariPool-1 - Shutdown initiated...
2024-01-05 16:45:38,653 INFO [SpringContextShutdownHook][HikariDataSource.java:350] - HikariPool-1 - Shutdown initiated...
2024-01-05 16:45:38,660 INFO [SpringContextShutdownHook][HikariDataSource.java:352] - HikariPool-1 - Shutdown completed.
2024-01-05 16:45:38,660 INFO [SpringContextShutdownHook][HikariDataSource.java:352] - HikariPool-1 - Shutdown completed.
2024-01-05 16:46:29,185 INFO [background-preinit][Version.java:21] - HV000001: Hibernate Validator 6.1.6.Final
2024-01-05 16:46:29,185 INFO [background-preinit][Version.java:21] - HV000001: Hibernate Validator 6.1.6.Final
2024-01-05 16:46:29,621 INFO [main][SpringApplication.java:651] - No active profile set, falling back to default profiles: default
2024-01-05 16:46:29,621 INFO [main][SpringApplication.java:651] - No active profile set, falling back to default profiles: default
2024-01-05 16:46:30,008 INFO [main][GenericScope.java:295] - BeanFactory id=a5c222b1-43d5-3d68-95f3-4714bebc7d70
2024-01-05 16:46:30,008 INFO [main][GenericScope.java:295] - BeanFactory id=a5c222b1-43d5-3d68-95f3-4714bebc7d70
2024-01-05 16:46:31,331 INFO [main][StartupInfoLogger.java:61] - Started CourseBaseInfoServiceTests in 2.521 seconds (JVM running for 3.708)
2024-01-05 16:46:31,331 INFO [main][StartupInfoLogger.java:61] - Started CourseBaseInfoServiceTests in 2.521 seconds (JVM running for 3.708)
2024-01-05 16:46:31,616 INFO [main][HikariDataSource.java:110] - HikariPool-1 - Starting...
2024-01-05 16:46:31,616 INFO [main][HikariDataSource.java:110] - HikariPool-1 - Starting...
2024-01-05 16:46:31,773 INFO [main][HikariDataSource.java:123] - HikariPool-1 - Start completed.
2024-01-05 16:46:31,773 INFO [main][HikariDataSource.java:123] - HikariPool-1 - Start completed.
2024-01-05 16:46:31,838 INFO [SpringContextShutdownHook][HikariDataSource.java:350] - HikariPool-1 - Shutdown initiated...
2024-01-05 16:46:31,838 INFO [SpringContextShutdownHook][HikariDataSource.java:350] - HikariPool-1 - Shutdown initiated...
2024-01-05 16:46:31,845 INFO [SpringContextShutdownHook][HikariDataSource.java:352] - HikariPool-1 - Shutdown completed.
2024-01-05 16:46:31,845 INFO [SpringContextShutdownHook][HikariDataSource.java:352] - HikariPool-1 - Shutdown completed.
2024-01-05 16:46:51,597 INFO [background-preinit][Version.java:21] - HV000001: Hibernate Validator 6.1.6.Final
2024-01-05 16:46:51,597 INFO [background-preinit][Version.java:21] - HV000001: Hibernate Validator 6.1.6.Final
2024-01-05 16:46:52,044 INFO [main][SpringApplication.java:651] - No active profile set, falling back to default profiles: default
2024-01-05 16:46:52,044 INFO [main][SpringApplication.java:651] - No active profile set, falling back to default profiles: default
2024-01-05 16:46:52,428 INFO [main][GenericScope.java:295] - BeanFactory id=a5c222b1-43d5-3d68-95f3-4714bebc7d70
2024-01-05 16:46:52,428 INFO [main][GenericScope.java:295] - BeanFactory id=a5c222b1-43d5-3d68-95f3-4714bebc7d70
2024-01-05 16:46:53,729 INFO [main][StartupInfoLogger.java:61] - Started CourseBaseInfoServiceTests in 2.522 seconds (JVM running for 3.675)
2024-01-05 16:46:53,729 INFO [main][StartupInfoLogger.java:61] - Started CourseBaseInfoServiceTests in 2.522 seconds (JVM running for 3.675)
2024-01-05 16:46:54,001 INFO [main][HikariDataSource.java:110] - HikariPool-1 - Starting...
2024-01-05 16:46:54,001 INFO [main][HikariDataSource.java:110] - HikariPool-1 - Starting...
2024-01-05 16:46:54,158 INFO [main][HikariDataSource.java:123] - HikariPool-1 - Start completed.
2024-01-05 16:46:54,158 INFO [main][HikariDataSource.java:123] - HikariPool-1 - Start completed.
2024-01-05 16:46:54,223 INFO [SpringContextShutdownHook][HikariDataSource.java:350] - HikariPool-1 - Shutdown initiated...
2024-01-05 16:46:54,223 INFO [SpringContextShutdownHook][HikariDataSource.java:350] - HikariPool-1 - Shutdown initiated...
2024-01-05 16:46:54,230 INFO [SpringContextShutdownHook][HikariDataSource.java:352] - HikariPool-1 - Shutdown completed.
2024-01-05 16:46:54,230 INFO [SpringContextShutdownHook][HikariDataSource.java:352] - HikariPool-1 - Shutdown completed.
