2024-01-05 23:50:33,687 INFO [SpringContextShutdownHook][ExecutorConfigurationSupport.java:218] - Shutting down ExecutorService 'applicationTaskExecutor'
2024-01-05 23:50:33,687 INFO [SpringContextShutdownHook][ExecutorConfigurationSupport.java:218] - Shutting down ExecutorService 'applicationTaskExecutor'
2024-01-05 23:50:33,725 INFO [SpringContextShutdownHook][HikariDataSource.java:350] - HikariPool-1 - Shutdown initiated...
2024-01-05 23:50:33,725 INFO [SpringContextShutdownHook][HikariDataSource.java:350] - HikariPool-1 - Shutdown initiated...
2024-01-05 23:50:33,752 INFO [SpringContextShutdownHook][HikariDataSource.java:352] - HikariPool-1 - Shutdown completed.
2024-01-05 23:50:33,752 INFO [SpringContextShutdownHook][HikariDataSource.java:352] - HikariPool-1 - Shutdown completed.
2024-01-05 23:55:29,797 INFO [background-preinit][Version.java:21] - HV000001: Hibernate Validator 6.1.6.Final
2024-01-05 23:55:29,797 INFO [background-preinit][Version.java:21] - HV000001: Hibernate Validator 6.1.6.Final
2024-01-05 23:55:30,150 INFO [main][SpringApplication.java:651] - No active profile set, falling back to default profiles: default
2024-01-05 23:55:30,150 INFO [main][SpringApplication.java:651] - No active profile set, falling back to default profiles: default
2024-01-05 23:55:30,799 INFO [main][GenericScope.java:295] - BeanFactory id=aadce4a3-84b1-3588-8334-0a3600119990
2024-01-05 23:55:30,799 INFO [main][GenericScope.java:295] - BeanFactory id=aadce4a3-84b1-3588-8334-0a3600119990
2024-01-05 23:55:31,078 INFO [main][TomcatWebServer.java:108] - Tomcat initialized with port(s): 63040 (http)
2024-01-05 23:55:31,078 INFO [main][TomcatWebServer.java:108] - Tomcat initialized with port(s): 63040 (http)
2024-01-05 23:55:31,086 INFO [main][DirectJDKLog.java:173] - Initializing ProtocolHandler ["http-nio-63040"]
2024-01-05 23:55:31,086 INFO [main][DirectJDKLog.java:173] - Initializing ProtocolHandler ["http-nio-63040"]
2024-01-05 23:55:31,086 INFO [main][DirectJDKLog.java:173] - Starting service [Tomcat]
2024-01-05 23:55:31,086 INFO [main][DirectJDKLog.java:173] - Starting service [Tomcat]
2024-01-05 23:55:31,086 INFO [main][DirectJDKLog.java:173] - Starting Servlet engine: [Apache Tomcat/9.0.41]
2024-01-05 23:55:31,086 INFO [main][DirectJDKLog.java:173] - Starting Servlet engine: [Apache Tomcat/9.0.41]
2024-01-05 23:55:31,088 INFO [main][DirectJDKLog.java:173] - Loaded Apache Tomcat Native library [2.0.6] using APR version [1.7.4].
2024-01-05 23:55:31,088 INFO [main][DirectJDKLog.java:173] - Loaded Apache Tomcat Native library [2.0.6] using APR version [1.7.4].
2024-01-05 23:55:31,088 INFO [main][DirectJDKLog.java:173] - APR capabilities: IPv6 [true], sendfile [true], accept filters [false], random [true].
2024-01-05 23:55:31,088 INFO [main][DirectJDKLog.java:173] - APR capabilities: IPv6 [true], sendfile [true], accept filters [false], random [true].
2024-01-05 23:55:31,088 INFO [main][DirectJDKLog.java:173] - APR/OpenSSL configuration: useAprConnector [false], useOpenSSL [true]
2024-01-05 23:55:31,088 INFO [main][DirectJDKLog.java:173] - APR/OpenSSL configuration: useAprConnector [false], useOpenSSL [true]
2024-01-05 23:55:31,092 INFO [main][DirectJDKLog.java:173] - OpenSSL successfully initialized [OpenSSL 3.0.11 19 Sep 2023]
2024-01-05 23:55:31,092 INFO [main][DirectJDKLog.java:173] - OpenSSL successfully initialized [OpenSSL 3.0.11 19 Sep 2023]
2024-01-05 23:55:31,193 INFO [main][DirectJDKLog.java:173] - Initializing Spring embedded WebApplicationContext
2024-01-05 23:55:31,193 INFO [main][DirectJDKLog.java:173] - Initializing Spring embedded WebApplicationContext
2024-01-05 23:55:31,193 INFO [main][ServletWebServerApplicationContext.java:285] - Root WebApplicationContext: initialization completed in 1031 ms
2024-01-05 23:55:31,193 INFO [main][ServletWebServerApplicationContext.java:285] - Root WebApplicationContext: initialization completed in 1031 ms
2024-01-05 23:55:32,031 INFO [main][PropertySourcedRequestMappingHandlerMapping.java:69] - Mapped URL path [/v2/api-docs] onto method [springfox.documentation.swagger2.web.Swagger2Controller#getDocumentation(String, HttpServletRequest)]
2024-01-05 23:55:32,031 INFO [main][PropertySourcedRequestMappingHandlerMapping.java:69] - Mapped URL path [/v2/api-docs] onto method [springfox.documentation.swagger2.web.Swagger2Controller#getDocumentation(String, HttpServletRequest)]
2024-01-05 23:55:32,107 INFO [main][ExecutorConfigurationSupport.java:181] - Initializing ExecutorService 'applicationTaskExecutor'
2024-01-05 23:55:32,107 INFO [main][ExecutorConfigurationSupport.java:181] - Initializing ExecutorService 'applicationTaskExecutor'
2024-01-05 23:55:32,401 INFO [main][DirectJDKLog.java:173] - Starting ProtocolHandler ["http-nio-63040"]
2024-01-05 23:55:32,401 INFO [main][DirectJDKLog.java:173] - Starting ProtocolHandler ["http-nio-63040"]
2024-01-05 23:55:32,424 INFO [main][TomcatWebServer.java:220] - Tomcat started on port(s): 63040 (http) with context path '/content'
2024-01-05 23:55:32,424 INFO [main][TomcatWebServer.java:220] - Tomcat started on port(s): 63040 (http) with context path '/content'
2024-01-05 23:55:32,426 INFO [main][DocumentationPluginsBootstrapper.java:160] - Context refreshed
2024-01-05 23:55:32,426 INFO [main][DocumentationPluginsBootstrapper.java:160] - Context refreshed
2024-01-05 23:55:32,437 INFO [main][DocumentationPluginsBootstrapper.java:163] - Found 1 custom documentation plugin(s)
2024-01-05 23:55:32,437 INFO [main][DocumentationPluginsBootstrapper.java:163] - Found 1 custom documentation plugin(s)
2024-01-05 23:55:32,464 INFO [main][ApiListingReferenceScanner.java:41] - Scanning for api listing references
2024-01-05 23:55:32,464 INFO [main][ApiListingReferenceScanner.java:41] - Scanning for api listing references
2024-01-05 23:55:32,586 INFO [main][StartupInfoLogger.java:61] - Started ContentApplication in 3.138 seconds (JVM running for 4.012)
2024-01-05 23:55:32,586 INFO [main][StartupInfoLogger.java:61] - Started ContentApplication in 3.138 seconds (JVM running for 4.012)
2024-01-05 23:55:40,136 INFO [http-nio-63040-exec-1][DirectJDKLog.java:173] - Initializing Spring DispatcherServlet 'dispatcherServlet'
2024-01-05 23:55:40,136 INFO [http-nio-63040-exec-1][DirectJDKLog.java:173] - Initializing Spring DispatcherServlet 'dispatcherServlet'
2024-01-05 23:55:40,136 INFO [http-nio-63040-exec-1][FrameworkServlet.java:525] - Initializing Servlet 'dispatcherServlet'
2024-01-05 23:55:40,136 INFO [http-nio-63040-exec-1][FrameworkServlet.java:525] - Initializing Servlet 'dispatcherServlet'
2024-01-05 23:55:40,141 INFO [http-nio-63040-exec-1][FrameworkServlet.java:547] - Completed initialization in 5 ms
2024-01-05 23:55:40,141 INFO [http-nio-63040-exec-1][FrameworkServlet.java:547] - Completed initialization in 5 ms
2024-01-05 23:55:40,267 INFO [http-nio-63040-exec-1][HikariDataSource.java:110] - HikariPool-1 - Starting...
2024-01-05 23:55:40,267 INFO [http-nio-63040-exec-1][HikariDataSource.java:110] - HikariPool-1 - Starting...
2024-01-05 23:55:40,363 INFO [http-nio-63040-exec-1][HikariDataSource.java:123] - HikariPool-1 - Start completed.
2024-01-05 23:55:40,363 INFO [http-nio-63040-exec-1][HikariDataSource.java:123] - HikariPool-1 - Start completed.
