2024-02-03 17:18:11,794 INFO [background-preinit][Version.java:21] - HV000001: Hibernate Validator 6.1.6.Final
2024-02-03 17:18:11,794 INFO [background-preinit][Version.java:21] - HV000001: Hibernate Validator 6.1.6.Final
2024-02-03 17:18:13,460 INFO [main][SpringApplication.java:651] - No active profile set, falling back to default profiles: default
2024-02-03 17:18:13,460 INFO [main][SpringApplication.java:651] - No active profile set, falling back to default profiles: default
2024-02-03 17:18:14,220 INFO [main][GenericScope.java:295] - BeanFactory id=ae0f75fe-a4c4-30cd-b2e3-35a5794246f1
2024-02-03 17:18:14,220 INFO [main][GenericScope.java:295] - BeanFactory id=ae0f75fe-a4c4-30cd-b2e3-35a5794246f1
2024-02-03 17:18:14,498 INFO [main][TomcatWebServer.java:108] - Tomcat initialized with port(s): 63110 (http)
2024-02-03 17:18:14,498 INFO [main][TomcatWebServer.java:108] - Tomcat initialized with port(s): 63110 (http)
2024-02-03 17:18:14,507 INFO [main][DirectJDKLog.java:173] - Initializing ProtocolHandler ["http-nio-63110"]
2024-02-03 17:18:14,507 INFO [main][DirectJDKLog.java:173] - Initializing ProtocolHandler ["http-nio-63110"]
2024-02-03 17:18:14,507 INFO [main][DirectJDKLog.java:173] - Starting service [Tomcat]
2024-02-03 17:18:14,507 INFO [main][DirectJDKLog.java:173] - Starting service [Tomcat]
2024-02-03 17:18:14,507 INFO [main][DirectJDKLog.java:173] - Starting Servlet engine: [Apache Tomcat/9.0.41]
2024-02-03 17:18:14,507 INFO [main][DirectJDKLog.java:173] - Starting Servlet engine: [Apache Tomcat/9.0.41]
2024-02-03 17:18:14,509 INFO [main][DirectJDKLog.java:173] - Loaded Apache Tomcat Native library [2.0.6] using APR version [1.7.4].
2024-02-03 17:18:14,509 INFO [main][DirectJDKLog.java:173] - Loaded Apache Tomcat Native library [2.0.6] using APR version [1.7.4].
2024-02-03 17:18:14,509 INFO [main][DirectJDKLog.java:173] - APR capabilities: IPv6 [true], sendfile [true], accept filters [false], random [true].
2024-02-03 17:18:14,509 INFO [main][DirectJDKLog.java:173] - APR capabilities: IPv6 [true], sendfile [true], accept filters [false], random [true].
2024-02-03 17:18:14,509 INFO [main][DirectJDKLog.java:173] - APR/OpenSSL configuration: useAprConnector [false], useOpenSSL [true]
2024-02-03 17:18:14,509 INFO [main][DirectJDKLog.java:173] - APR/OpenSSL configuration: useAprConnector [false], useOpenSSL [true]
2024-02-03 17:18:14,514 INFO [main][DirectJDKLog.java:173] - OpenSSL successfully initialized [OpenSSL 3.0.11 19 Sep 2023]
2024-02-03 17:18:14,514 INFO [main][DirectJDKLog.java:173] - OpenSSL successfully initialized [OpenSSL 3.0.11 19 Sep 2023]
2024-02-03 17:18:14,622 INFO [main][DirectJDKLog.java:173] - Initializing Spring embedded WebApplicationContext
2024-02-03 17:18:14,622 INFO [main][DirectJDKLog.java:173] - Initializing Spring embedded WebApplicationContext
2024-02-03 17:18:14,623 INFO [main][ServletWebServerApplicationContext.java:285] - Root WebApplicationContext: initialization completed in 1149 ms
2024-02-03 17:18:14,623 INFO [main][ServletWebServerApplicationContext.java:285] - Root WebApplicationContext: initialization completed in 1149 ms
2024-02-03 17:18:15,532 INFO [main][PropertySourcedRequestMappingHandlerMapping.java:69] - Mapped URL path [/v2/api-docs] onto method [springfox.documentation.swagger2.web.Swagger2Controller#getDocumentation(String, HttpServletRequest)]
2024-02-03 17:18:15,532 INFO [main][PropertySourcedRequestMappingHandlerMapping.java:69] - Mapped URL path [/v2/api-docs] onto method [springfox.documentation.swagger2.web.Swagger2Controller#getDocumentation(String, HttpServletRequest)]
2024-02-03 17:18:15,560 WARN [main][URLConfigurationSource.java:121] - No URLs will be polled as dynamic configuration sources.
2024-02-03 17:18:15,560 WARN [main][URLConfigurationSource.java:121] - No URLs will be polled as dynamic configuration sources.
2024-02-03 17:18:15,560 INFO [main][URLConfigurationSource.java:122] - To enable URLs as dynamic configuration sources, define System property archaius.configurationSource.additionalUrls or make config.properties available on classpath.
2024-02-03 17:18:15,560 INFO [main][URLConfigurationSource.java:122] - To enable URLs as dynamic configuration sources, define System property archaius.configurationSource.additionalUrls or make config.properties available on classpath.
2024-02-03 17:18:15,564 WARN [main][URLConfigurationSource.java:121] - No URLs will be polled as dynamic configuration sources.
2024-02-03 17:18:15,564 WARN [main][URLConfigurationSource.java:121] - No URLs will be polled as dynamic configuration sources.
2024-02-03 17:18:15,564 INFO [main][URLConfigurationSource.java:122] - To enable URLs as dynamic configuration sources, define System property archaius.configurationSource.additionalUrls or make config.properties available on classpath.
2024-02-03 17:18:15,564 INFO [main][URLConfigurationSource.java:122] - To enable URLs as dynamic configuration sources, define System property archaius.configurationSource.additionalUrls or make config.properties available on classpath.
2024-02-03 17:18:15,645 INFO [main][ExecutorConfigurationSupport.java:181] - Initializing ExecutorService 'applicationTaskExecutor'
2024-02-03 17:18:15,645 INFO [main][ExecutorConfigurationSupport.java:181] - Initializing ExecutorService 'applicationTaskExecutor'
2024-02-03 17:18:17,011 INFO [main][InetUtils.java:170] - Cannot determine local hostname
2024-02-03 17:18:17,011 INFO [main][InetUtils.java:170] - Cannot determine local hostname
2024-02-03 17:18:17,015 INFO [main][ExecutorConfigurationSupport.java:181] - Initializing ExecutorService 'Nacos-Watch-Task-Scheduler'
2024-02-03 17:18:17,015 INFO [main][ExecutorConfigurationSupport.java:181] - Initializing ExecutorService 'Nacos-Watch-Task-Scheduler'
2024-02-03 17:18:17,061 INFO [main][ExecutorConfigurationSupport.java:181] - Initializing ExecutorService 'taskScheduler'
2024-02-03 17:18:17,061 INFO [main][ExecutorConfigurationSupport.java:181] - Initializing ExecutorService 'taskScheduler'
2024-02-03 17:18:18,315 INFO [main][InetUtils.java:170] - Cannot determine local hostname
2024-02-03 17:18:18,315 INFO [main][InetUtils.java:170] - Cannot determine local hostname
2024-02-03 17:18:18,540 INFO [main][DirectJDKLog.java:173] - Starting ProtocolHandler ["http-nio-63110"]
2024-02-03 17:18:18,540 INFO [main][DirectJDKLog.java:173] - Starting ProtocolHandler ["http-nio-63110"]
2024-02-03 17:18:18,559 INFO [main][TomcatWebServer.java:220] - Tomcat started on port(s): 63110 (http) with context path '/system'
2024-02-03 17:18:18,559 INFO [main][TomcatWebServer.java:220] - Tomcat started on port(s): 63110 (http) with context path '/system'
2024-02-03 17:18:18,581 INFO [main][NacosServiceRegistry.java:75] - nacos registry, DEFAULT_GROUP system-api 192.168.23.1:63110 register finished
2024-02-03 17:18:18,581 INFO [main][NacosServiceRegistry.java:75] - nacos registry, DEFAULT_GROUP system-api 192.168.23.1:63110 register finished
2024-02-03 17:18:19,824 INFO [main][InetUtils.java:170] - Cannot determine local hostname
2024-02-03 17:18:19,824 INFO [main][InetUtils.java:170] - Cannot determine local hostname
2024-02-03 17:18:19,824 INFO [main][DocumentationPluginsBootstrapper.java:160] - Context refreshed
2024-02-03 17:18:19,824 INFO [main][DocumentationPluginsBootstrapper.java:160] - Context refreshed
2024-02-03 17:18:19,835 INFO [main][DocumentationPluginsBootstrapper.java:163] - Found 1 custom documentation plugin(s)
2024-02-03 17:18:19,835 INFO [main][DocumentationPluginsBootstrapper.java:163] - Found 1 custom documentation plugin(s)
2024-02-03 17:18:19,863 INFO [main][ApiListingReferenceScanner.java:41] - Scanning for api listing references
2024-02-03 17:18:19,863 INFO [main][ApiListingReferenceScanner.java:41] - Scanning for api listing references
2024-02-03 17:18:19,957 INFO [main][StartupInfoLogger.java:61] - Started SystemApplication in 9.833 seconds (JVM running for 11.551)
2024-02-03 17:18:19,957 INFO [main][StartupInfoLogger.java:61] - Started SystemApplication in 9.833 seconds (JVM running for 11.551)
2024-02-03 17:18:26,845 INFO [main][SpringApplication.java:655] - The following profiles are active: dev
2024-02-03 17:18:26,845 INFO [main][SpringApplication.java:655] - The following profiles are active: dev
2024-02-03 17:18:27,265 INFO [main][GenericScope.java:295] - BeanFactory id=4a4299d8-055f-31d1-b144-133eeda1457b
2024-02-03 17:18:27,265 INFO [main][GenericScope.java:295] - BeanFactory id=4a4299d8-055f-31d1-b144-133eeda1457b
2024-02-03 17:18:27,280 INFO [main][PostProcessorRegistrationDelegate.java:335] - Bean 'org.springframework.cloud.client.loadbalancer.reactive.LoadBalancerBeanPostProcessorAutoConfiguration' of type [org.springframework.cloud.client.loadbalancer.reactive.LoadBalancerBeanPostProcessorAutoConfiguration] is not eligible for getting processed by all BeanPostProcessors (for example: not eligible for auto-proxying)
2024-02-03 17:18:27,280 INFO [main][PostProcessorRegistrationDelegate.java:335] - Bean 'org.springframework.cloud.client.loadbalancer.reactive.LoadBalancerBeanPostProcessorAutoConfiguration' of type [org.springframework.cloud.client.loadbalancer.reactive.LoadBalancerBeanPostProcessorAutoConfiguration] is not eligible for getting processed by all BeanPostProcessors (for example: not eligible for auto-proxying)
2024-02-03 17:18:27,281 INFO [main][PostProcessorRegistrationDelegate.java:335] - Bean 'org.springframework.cloud.client.loadbalancer.reactive.LoadBalancerBeanPostProcessorAutoConfiguration$ReactiveLoadBalancerConfig' of type [org.springframework.cloud.client.loadbalancer.reactive.LoadBalancerBeanPostProcessorAutoConfiguration$ReactiveLoadBalancerConfig] is not eligible for getting processed by all BeanPostProcessors (for example: not eligible for auto-proxying)
2024-02-03 17:18:27,281 INFO [main][PostProcessorRegistrationDelegate.java:335] - Bean 'org.springframework.cloud.client.loadbalancer.reactive.LoadBalancerBeanPostProcessorAutoConfiguration$ReactiveLoadBalancerConfig' of type [org.springframework.cloud.client.loadbalancer.reactive.LoadBalancerBeanPostProcessorAutoConfiguration$ReactiveLoadBalancerConfig] is not eligible for getting processed by all BeanPostProcessors (for example: not eligible for auto-proxying)
2024-02-03 17:18:27,284 INFO [main][PostProcessorRegistrationDelegate.java:335] - Bean 'deferringLoadBalancerExchangeFilterFunction' of type [org.springframework.cloud.client.loadbalancer.reactive.DeferringLoadBalancerExchangeFilterFunction] is not eligible for getting processed by all BeanPostProcessors (for example: not eligible for auto-proxying)
2024-02-03 17:18:27,284 INFO [main][PostProcessorRegistrationDelegate.java:335] - Bean 'deferringLoadBalancerExchangeFilterFunction' of type [org.springframework.cloud.client.loadbalancer.reactive.DeferringLoadBalancerExchangeFilterFunction] is not eligible for getting processed by all BeanPostProcessors (for example: not eligible for auto-proxying)
2024-02-03 17:18:27,366 WARN [main][URLConfigurationSource.java:121] - No URLs will be polled as dynamic configuration sources.
2024-02-03 17:18:27,366 WARN [main][URLConfigurationSource.java:121] - No URLs will be polled as dynamic configuration sources.
2024-02-03 17:18:27,366 INFO [main][URLConfigurationSource.java:122] - To enable URLs as dynamic configuration sources, define System property archaius.configurationSource.additionalUrls or make config.properties available on classpath.
2024-02-03 17:18:27,366 INFO [main][URLConfigurationSource.java:122] - To enable URLs as dynamic configuration sources, define System property archaius.configurationSource.additionalUrls or make config.properties available on classpath.
2024-02-03 17:18:27,369 WARN [main][URLConfigurationSource.java:121] - No URLs will be polled as dynamic configuration sources.
2024-02-03 17:18:27,369 WARN [main][URLConfigurationSource.java:121] - No URLs will be polled as dynamic configuration sources.
2024-02-03 17:18:27,369 INFO [main][URLConfigurationSource.java:122] - To enable URLs as dynamic configuration sources, define System property archaius.configurationSource.additionalUrls or make config.properties available on classpath.
2024-02-03 17:18:27,369 INFO [main][URLConfigurationSource.java:122] - To enable URLs as dynamic configuration sources, define System property archaius.configurationSource.additionalUrls or make config.properties available on classpath.
2024-02-03 17:18:28,708 INFO [main][InetUtils.java:170] - Cannot determine local hostname
2024-02-03 17:18:28,708 INFO [main][InetUtils.java:170] - Cannot determine local hostname
2024-02-03 17:18:29,936 INFO [main][InetUtils.java:170] - Cannot determine local hostname
2024-02-03 17:18:29,936 INFO [main][InetUtils.java:170] - Cannot determine local hostname
2024-02-03 17:18:30,441 INFO [main][RouteDefinitionRouteLocator.java:139] - Loaded RoutePredicateFactory [After]
2024-02-03 17:18:30,441 INFO [main][RouteDefinitionRouteLocator.java:139] - Loaded RoutePredicateFactory [After]
2024-02-03 17:18:30,442 INFO [main][RouteDefinitionRouteLocator.java:139] - Loaded RoutePredicateFactory [Before]
2024-02-03 17:18:30,442 INFO [main][RouteDefinitionRouteLocator.java:139] - Loaded RoutePredicateFactory [Before]
2024-02-03 17:18:30,442 INFO [main][RouteDefinitionRouteLocator.java:139] - Loaded RoutePredicateFactory [Between]
2024-02-03 17:18:30,442 INFO [main][RouteDefinitionRouteLocator.java:139] - Loaded RoutePredicateFactory [Between]
2024-02-03 17:18:30,442 INFO [main][RouteDefinitionRouteLocator.java:139] - Loaded RoutePredicateFactory [Cookie]
2024-02-03 17:18:30,442 INFO [main][RouteDefinitionRouteLocator.java:139] - Loaded RoutePredicateFactory [Cookie]
2024-02-03 17:18:30,442 INFO [main][RouteDefinitionRouteLocator.java:139] - Loaded RoutePredicateFactory [Header]
2024-02-03 17:18:30,442 INFO [main][RouteDefinitionRouteLocator.java:139] - Loaded RoutePredicateFactory [Header]
2024-02-03 17:18:30,442 INFO [main][RouteDefinitionRouteLocator.java:139] - Loaded RoutePredicateFactory [Host]
2024-02-03 17:18:30,442 INFO [main][RouteDefinitionRouteLocator.java:139] - Loaded RoutePredicateFactory [Host]
2024-02-03 17:18:30,443 INFO [main][RouteDefinitionRouteLocator.java:139] - Loaded RoutePredicateFactory [Method]
2024-02-03 17:18:30,443 INFO [main][RouteDefinitionRouteLocator.java:139] - Loaded RoutePredicateFactory [Method]
2024-02-03 17:18:30,443 INFO [main][RouteDefinitionRouteLocator.java:139] - Loaded RoutePredicateFactory [Path]
2024-02-03 17:18:30,443 INFO [main][RouteDefinitionRouteLocator.java:139] - Loaded RoutePredicateFactory [Path]
2024-02-03 17:18:30,443 INFO [main][RouteDefinitionRouteLocator.java:139] - Loaded RoutePredicateFactory [Query]
2024-02-03 17:18:30,443 INFO [main][RouteDefinitionRouteLocator.java:139] - Loaded RoutePredicateFactory [Query]
2024-02-03 17:18:30,444 INFO [main][RouteDefinitionRouteLocator.java:139] - Loaded RoutePredicateFactory [ReadBody]
2024-02-03 17:18:30,444 INFO [main][RouteDefinitionRouteLocator.java:139] - Loaded RoutePredicateFactory [ReadBody]
2024-02-03 17:18:30,444 INFO [main][RouteDefinitionRouteLocator.java:139] - Loaded RoutePredicateFactory [RemoteAddr]
2024-02-03 17:18:30,444 INFO [main][RouteDefinitionRouteLocator.java:139] - Loaded RoutePredicateFactory [RemoteAddr]
2024-02-03 17:18:30,444 INFO [main][RouteDefinitionRouteLocator.java:139] - Loaded RoutePredicateFactory [Weight]
2024-02-03 17:18:30,444 INFO [main][RouteDefinitionRouteLocator.java:139] - Loaded RoutePredicateFactory [Weight]
2024-02-03 17:18:30,444 INFO [main][RouteDefinitionRouteLocator.java:139] - Loaded RoutePredicateFactory [CloudFoundryRouteService]
2024-02-03 17:18:30,444 INFO [main][RouteDefinitionRouteLocator.java:139] - Loaded RoutePredicateFactory [CloudFoundryRouteService]
2024-02-03 17:18:30,563 INFO [main][ExecutorConfigurationSupport.java:181] - Initializing ExecutorService 'Nacos-Watch-Task-Scheduler'
2024-02-03 17:18:30,563 INFO [main][ExecutorConfigurationSupport.java:181] - Initializing ExecutorService 'Nacos-Watch-Task-Scheduler'
2024-02-03 17:18:31,796 INFO [main][InetUtils.java:170] - Cannot determine local hostname
2024-02-03 17:18:31,796 INFO [main][InetUtils.java:170] - Cannot determine local hostname
2024-02-03 17:18:33,082 INFO [main][InetUtils.java:170] - Cannot determine local hostname
2024-02-03 17:18:33,082 INFO [main][InetUtils.java:170] - Cannot determine local hostname
2024-02-03 17:18:33,160 INFO [main][InitUtils.java:65] - initializer namespace from System Property :null
2024-02-03 17:18:33,160 INFO [main][InitUtils.java:65] - initializer namespace from System Property :null
2024-02-03 17:18:33,161 INFO [main][InitUtils.java:74] - initializer namespace from System Environment :null
2024-02-03 17:18:33,161 INFO [main][InitUtils.java:74] - initializer namespace from System Environment :null
2024-02-03 17:18:33,161 INFO [main][InitUtils.java:84] - initializer namespace from System Property :null
2024-02-03 17:18:33,161 INFO [main][InitUtils.java:84] - initializer namespace from System Property :null
2024-02-03 17:18:33,563 INFO [main][NettyWebServer.java:109] - Netty started on port(s): 63010
2024-02-03 17:18:33,563 INFO [main][NettyWebServer.java:109] - Netty started on port(s): 63010
2024-02-03 17:18:34,985 INFO [main][InetUtils.java:170] - Cannot determine local hostname
2024-02-03 17:18:34,985 INFO [main][InetUtils.java:170] - Cannot determine local hostname
2024-02-03 17:18:36,268 INFO [main][InetUtils.java:170] - Cannot determine local hostname
2024-02-03 17:18:36,268 INFO [main][InetUtils.java:170] - Cannot determine local hostname
2024-02-03 17:18:36,275 INFO [main][BeatReactor.java:81] - [BEAT] adding beat: BeatInfo{port=63010, ip='192.168.23.1', weight=1.0, serviceName='xuecheng-plus-project@@gateway', cluster='DEFAULT', metadata={preserved.register.source=SPRING_CLOUD}, scheduled=false, period=5000, stopped=false} to beat map.
2024-02-03 17:18:36,275 INFO [main][BeatReactor.java:81] - [BEAT] adding beat: BeatInfo{port=63010, ip='192.168.23.1', weight=1.0, serviceName='xuecheng-plus-project@@gateway', cluster='DEFAULT', metadata={preserved.register.source=SPRING_CLOUD}, scheduled=false, period=5000, stopped=false} to beat map.
2024-02-03 17:18:36,278 INFO [main][NamingProxy.java:230] - [REGISTER-SERVICE] dev registering service xuecheng-plus-project@@gateway with instance: Instance{instanceId='null', ip='192.168.23.1', port=63010, weight=1.0, healthy=true, enabled=true, ephemeral=true, clusterName='DEFAULT', serviceName='null', metadata={preserved.register.source=SPRING_CLOUD}}
2024-02-03 17:18:36,278 INFO [main][NamingProxy.java:230] - [REGISTER-SERVICE] dev registering service xuecheng-plus-project@@gateway with instance: Instance{instanceId='null', ip='192.168.23.1', port=63010, weight=1.0, healthy=true, enabled=true, ephemeral=true, clusterName='DEFAULT', serviceName='null', metadata={preserved.register.source=SPRING_CLOUD}}
2024-02-03 17:18:36,287 INFO [main][NacosServiceRegistry.java:75] - nacos registry, xuecheng-plus-project gateway 192.168.23.1:63010 register finished
2024-02-03 17:18:36,287 INFO [main][NacosServiceRegistry.java:75] - nacos registry, xuecheng-plus-project gateway 192.168.23.1:63010 register finished
2024-02-03 17:18:36,331 INFO [main][StartupInfoLogger.java:61] - Started GatewayApplication in 12.863 seconds (JVM running for 13.833)
2024-02-03 17:18:36,331 INFO [main][StartupInfoLogger.java:61] - Started GatewayApplication in 12.863 seconds (JVM running for 13.833)
2024-02-03 17:18:36,335 INFO [main][ClientWorker.java:169] - [fixed-localhost_8848-dev] [subscribe] gateway+xuecheng-plus-project+dev
2024-02-03 17:18:36,335 INFO [main][ClientWorker.java:169] - [fixed-localhost_8848-dev] [subscribe] gateway+xuecheng-plus-project+dev
2024-02-03 17:18:36,335 INFO [main][CacheData.java:92] - [fixed-localhost_8848-dev] [add-listener] ok, tenant=dev, dataId=gateway, group=xuecheng-plus-project, cnt=1
2024-02-03 17:18:36,335 INFO [main][CacheData.java:92] - [fixed-localhost_8848-dev] [add-listener] ok, tenant=dev, dataId=gateway, group=xuecheng-plus-project, cnt=1
2024-02-03 17:18:36,337 INFO [main][ClientWorker.java:169] - [fixed-localhost_8848-dev] [subscribe] gateway-dev.yaml+xuecheng-plus-project+dev
2024-02-03 17:18:36,337 INFO [main][ClientWorker.java:169] - [fixed-localhost_8848-dev] [subscribe] gateway-dev.yaml+xuecheng-plus-project+dev
2024-02-03 17:18:36,337 INFO [main][CacheData.java:92] - [fixed-localhost_8848-dev] [add-listener] ok, tenant=dev, dataId=gateway-dev.yaml, group=xuecheng-plus-project, cnt=1
2024-02-03 17:18:36,337 INFO [main][CacheData.java:92] - [fixed-localhost_8848-dev] [add-listener] ok, tenant=dev, dataId=gateway-dev.yaml, group=xuecheng-plus-project, cnt=1
2024-02-03 17:18:36,338 INFO [main][ClientWorker.java:169] - [fixed-localhost_8848-dev] [subscribe] logging-dev.yaml+xuecheng-plus-common+dev
2024-02-03 17:18:36,338 INFO [main][ClientWorker.java:169] - [fixed-localhost_8848-dev] [subscribe] logging-dev.yaml+xuecheng-plus-common+dev
2024-02-03 17:18:36,338 INFO [main][CacheData.java:92] - [fixed-localhost_8848-dev] [add-listener] ok, tenant=dev, dataId=logging-dev.yaml, group=xuecheng-plus-common, cnt=1
2024-02-03 17:18:36,338 INFO [main][CacheData.java:92] - [fixed-localhost_8848-dev] [add-listener] ok, tenant=dev, dataId=logging-dev.yaml, group=xuecheng-plus-common, cnt=1
2024-02-03 17:18:36,338 INFO [main][ClientWorker.java:169] - [fixed-localhost_8848-dev] [subscribe] gateway.yaml+xuecheng-plus-project+dev
2024-02-03 17:18:36,338 INFO [main][ClientWorker.java:169] - [fixed-localhost_8848-dev] [subscribe] gateway.yaml+xuecheng-plus-project+dev
2024-02-03 17:18:36,338 INFO [main][CacheData.java:92] - [fixed-localhost_8848-dev] [add-listener] ok, tenant=dev, dataId=gateway.yaml, group=xuecheng-plus-project, cnt=1
2024-02-03 17:18:36,338 INFO [main][CacheData.java:92] - [fixed-localhost_8848-dev] [add-listener] ok, tenant=dev, dataId=gateway.yaml, group=xuecheng-plus-project, cnt=1
2024-02-03 17:18:37,304 INFO [com.alibaba.nacos.naming.push.receiver][PushReceiver.java:97] - received push data: {"type":"dom","data":"{\"hosts\":[{\"ip\":\"192.168.23.1\",\"port\":63010,\"valid\":true,\"healthy\":true,\"marked\":false,\"instanceId\":\"192.168.23.1#63010#DEFAULT#xuecheng-plus-project@@gateway\",\"metadata\":{\"preserved.register.source\":\"SPRING_CLOUD\"},\"enabled\":true,\"weight\":1.0,\"clusterName\":\"DEFAULT\",\"serviceName\":\"xuecheng-plus-project@@gateway\",\"ephemeral\":true}],\"dom\":\"xuecheng-plus-project@@gateway\",\"name\":\"xuecheng-plus-project@@gateway\",\"cacheMillis\":10000,\"lastRefTime\":1706951917302,\"checksum\":\"34d71db2fc0495545425bba49da3103d\",\"useSpecifiedURL\":false,\"clusters\":\"DEFAULT\",\"env\":\"\",\"metadata\":{}}","lastRefTime":1734018809850800} from /172.18.21.57
2024-02-03 17:18:37,304 INFO [com.alibaba.nacos.naming.push.receiver][PushReceiver.java:97] - received push data: {"type":"dom","data":"{\"hosts\":[{\"ip\":\"192.168.23.1\",\"port\":63010,\"valid\":true,\"healthy\":true,\"marked\":false,\"instanceId\":\"192.168.23.1#63010#DEFAULT#xuecheng-plus-project@@gateway\",\"metadata\":{\"preserved.register.source\":\"SPRING_CLOUD\"},\"enabled\":true,\"weight\":1.0,\"clusterName\":\"DEFAULT\",\"serviceName\":\"xuecheng-plus-project@@gateway\",\"ephemeral\":true}],\"dom\":\"xuecheng-plus-project@@gateway\",\"name\":\"xuecheng-plus-project@@gateway\",\"cacheMillis\":10000,\"lastRefTime\":1706951917302,\"checksum\":\"34d71db2fc0495545425bba49da3103d\",\"useSpecifiedURL\":false,\"clusters\":\"DEFAULT\",\"env\":\"\",\"metadata\":{}}","lastRefTime":1734018809850800} from /172.18.21.57
2024-02-03 17:18:37,331 INFO [com.alibaba.nacos.naming.push.receiver][HostReactor.java:232] - new ips(1) service: xuecheng-plus-project@@gateway@@DEFAULT -> [{"instanceId":"192.168.23.1#63010#DEFAULT#xuecheng-plus-project@@gateway","ip":"192.168.23.1","port":63010,"weight":1.0,"healthy":true,"enabled":true,"ephemeral":true,"clusterName":"DEFAULT","serviceName":"xuecheng-plus-project@@gateway","metadata":{"preserved.register.source":"SPRING_CLOUD"},"ipDeleteTimeout":30000,"instanceHeartBeatInterval":5000,"instanceHeartBeatTimeOut":15000}]
2024-02-03 17:18:37,331 INFO [com.alibaba.nacos.naming.push.receiver][HostReactor.java:232] - new ips(1) service: xuecheng-plus-project@@gateway@@DEFAULT -> [{"instanceId":"192.168.23.1#63010#DEFAULT#xuecheng-plus-project@@gateway","ip":"192.168.23.1","port":63010,"weight":1.0,"healthy":true,"enabled":true,"ephemeral":true,"clusterName":"DEFAULT","serviceName":"xuecheng-plus-project@@gateway","metadata":{"preserved.register.source":"SPRING_CLOUD"},"ipDeleteTimeout":30000,"instanceHeartBeatInterval":5000,"instanceHeartBeatTimeOut":15000}]
2024-02-03 17:18:37,340 INFO [com.alibaba.nacos.naming.push.receiver][HostReactor.java:271] - current ips:(1) service: xuecheng-plus-project@@gateway@@DEFAULT -> [{"instanceId":"192.168.23.1#63010#DEFAULT#xuecheng-plus-project@@gateway","ip":"192.168.23.1","port":63010,"weight":1.0,"healthy":true,"enabled":true,"ephemeral":true,"clusterName":"DEFAULT","serviceName":"xuecheng-plus-project@@gateway","metadata":{"preserved.register.source":"SPRING_CLOUD"},"ipDeleteTimeout":30000,"instanceHeartBeatInterval":5000,"instanceHeartBeatTimeOut":15000}]
2024-02-03 17:18:37,340 INFO [com.alibaba.nacos.naming.push.receiver][HostReactor.java:271] - current ips:(1) service: xuecheng-plus-project@@gateway@@DEFAULT -> [{"instanceId":"192.168.23.1#63010#DEFAULT#xuecheng-plus-project@@gateway","ip":"192.168.23.1","port":63010,"weight":1.0,"healthy":true,"enabled":true,"ephemeral":true,"clusterName":"DEFAULT","serviceName":"xuecheng-plus-project@@gateway","metadata":{"preserved.register.source":"SPRING_CLOUD"},"ipDeleteTimeout":30000,"instanceHeartBeatInterval":5000,"instanceHeartBeatTimeOut":15000}]
2024-02-03 17:18:38,356 INFO [main][SpringApplication.java:655] - The following profiles are active: dev
2024-02-03 17:18:38,356 INFO [main][SpringApplication.java:655] - The following profiles are active: dev
2024-02-03 17:18:39,124 INFO [main][GenericScope.java:295] - BeanFactory id=abdeac40-f596-3495-b440-021aee814ff3
2024-02-03 17:18:39,124 INFO [main][GenericScope.java:295] - BeanFactory id=abdeac40-f596-3495-b440-021aee814ff3
2024-02-03 17:18:39,398 INFO [main][TomcatWebServer.java:108] - Tomcat initialized with port(s): 63040 (http)
2024-02-03 17:18:39,398 INFO [main][TomcatWebServer.java:108] - Tomcat initialized with port(s): 63040 (http)
2024-02-03 17:18:39,405 INFO [main][DirectJDKLog.java:173] - Initializing ProtocolHandler ["http-nio-63040"]
2024-02-03 17:18:39,405 INFO [main][DirectJDKLog.java:173] - Initializing ProtocolHandler ["http-nio-63040"]
2024-02-03 17:18:39,406 INFO [main][DirectJDKLog.java:173] - Starting service [Tomcat]
2024-02-03 17:18:39,406 INFO [main][DirectJDKLog.java:173] - Starting service [Tomcat]
2024-02-03 17:18:39,406 INFO [main][DirectJDKLog.java:173] - Starting Servlet engine: [Apache Tomcat/9.0.41]
2024-02-03 17:18:39,406 INFO [main][DirectJDKLog.java:173] - Starting Servlet engine: [Apache Tomcat/9.0.41]
2024-02-03 17:18:39,407 INFO [main][DirectJDKLog.java:173] - Loaded Apache Tomcat Native library [2.0.6] using APR version [1.7.4].
2024-02-03 17:18:39,407 INFO [main][DirectJDKLog.java:173] - Loaded Apache Tomcat Native library [2.0.6] using APR version [1.7.4].
2024-02-03 17:18:39,407 INFO [main][DirectJDKLog.java:173] - APR capabilities: IPv6 [true], sendfile [true], accept filters [false], random [true].
2024-02-03 17:18:39,407 INFO [main][DirectJDKLog.java:173] - APR capabilities: IPv6 [true], sendfile [true], accept filters [false], random [true].
2024-02-03 17:18:39,407 INFO [main][DirectJDKLog.java:173] - APR/OpenSSL configuration: useAprConnector [false], useOpenSSL [true]
2024-02-03 17:18:39,407 INFO [main][DirectJDKLog.java:173] - APR/OpenSSL configuration: useAprConnector [false], useOpenSSL [true]
2024-02-03 17:18:39,411 INFO [main][DirectJDKLog.java:173] - OpenSSL successfully initialized [OpenSSL 3.0.11 19 Sep 2023]
2024-02-03 17:18:39,411 INFO [main][DirectJDKLog.java:173] - OpenSSL successfully initialized [OpenSSL 3.0.11 19 Sep 2023]
2024-02-03 17:18:39,514 INFO [main][DirectJDKLog.java:173] - Initializing Spring embedded WebApplicationContext
2024-02-03 17:18:39,514 INFO [main][DirectJDKLog.java:173] - Initializing Spring embedded WebApplicationContext
2024-02-03 17:18:39,514 INFO [main][ServletWebServerApplicationContext.java:285] - Root WebApplicationContext: initialization completed in 1126 ms
2024-02-03 17:18:39,514 INFO [main][ServletWebServerApplicationContext.java:285] - Root WebApplicationContext: initialization completed in 1126 ms
2024-02-03 17:18:40,048 WARN [main][AbstractMethod.java:324] - [com.yangcs.content.mapper.CourseBaseMapper.selectById] Has been loaded by XML or SqlProvider or Mybatis's Annotation, so ignoring this injection for [class com.baomidou.mybatisplus.core.injector.methods.SelectById]
2024-02-03 17:18:40,048 WARN [main][AbstractMethod.java:324] - [com.yangcs.content.mapper.CourseBaseMapper.selectById] Has been loaded by XML or SqlProvider or Mybatis's Annotation, so ignoring this injection for [class com.baomidou.mybatisplus.core.injector.methods.SelectById]
2024-02-03 17:18:40,462 INFO [main][PropertySourcedRequestMappingHandlerMapping.java:69] - Mapped URL path [/v2/api-docs] onto method [springfox.documentation.swagger2.web.Swagger2Controller#getDocumentation(String, HttpServletRequest)]
2024-02-03 17:18:40,462 INFO [main][PropertySourcedRequestMappingHandlerMapping.java:69] - Mapped URL path [/v2/api-docs] onto method [springfox.documentation.swagger2.web.Swagger2Controller#getDocumentation(String, HttpServletRequest)]
2024-02-03 17:18:40,490 WARN [main][URLConfigurationSource.java:121] - No URLs will be polled as dynamic configuration sources.
2024-02-03 17:18:40,490 WARN [main][URLConfigurationSource.java:121] - No URLs will be polled as dynamic configuration sources.
2024-02-03 17:18:40,490 INFO [main][URLConfigurationSource.java:122] - To enable URLs as dynamic configuration sources, define System property archaius.configurationSource.additionalUrls or make config.properties available on classpath.
2024-02-03 17:18:40,490 INFO [main][URLConfigurationSource.java:122] - To enable URLs as dynamic configuration sources, define System property archaius.configurationSource.additionalUrls or make config.properties available on classpath.
2024-02-03 17:18:40,494 WARN [main][URLConfigurationSource.java:121] - No URLs will be polled as dynamic configuration sources.
2024-02-03 17:18:40,494 WARN [main][URLConfigurationSource.java:121] - No URLs will be polled as dynamic configuration sources.
2024-02-03 17:18:40,495 INFO [main][URLConfigurationSource.java:122] - To enable URLs as dynamic configuration sources, define System property archaius.configurationSource.additionalUrls or make config.properties available on classpath.
2024-02-03 17:18:40,495 INFO [main][URLConfigurationSource.java:122] - To enable URLs as dynamic configuration sources, define System property archaius.configurationSource.additionalUrls or make config.properties available on classpath.
2024-02-03 17:18:40,572 INFO [main][ExecutorConfigurationSupport.java:181] - Initializing ExecutorService 'applicationTaskExecutor'
2024-02-03 17:18:40,572 INFO [main][ExecutorConfigurationSupport.java:181] - Initializing ExecutorService 'applicationTaskExecutor'
2024-02-03 17:18:41,933 INFO [main][InetUtils.java:170] - Cannot determine local hostname
2024-02-03 17:18:41,933 INFO [main][InetUtils.java:170] - Cannot determine local hostname
2024-02-03 17:18:41,937 INFO [main][ExecutorConfigurationSupport.java:181] - Initializing ExecutorService 'Nacos-Watch-Task-Scheduler'
2024-02-03 17:18:41,937 INFO [main][ExecutorConfigurationSupport.java:181] - Initializing ExecutorService 'Nacos-Watch-Task-Scheduler'
2024-02-03 17:18:43,214 INFO [main][InetUtils.java:170] - Cannot determine local hostname
2024-02-03 17:18:43,214 INFO [main][InetUtils.java:170] - Cannot determine local hostname
2024-02-03 17:18:43,442 INFO [main][InitUtils.java:65] - initializer namespace from System Property :null
2024-02-03 17:18:43,442 INFO [main][InitUtils.java:65] - initializer namespace from System Property :null
2024-02-03 17:18:43,443 INFO [main][InitUtils.java:74] - initializer namespace from System Environment :null
2024-02-03 17:18:43,443 INFO [main][InitUtils.java:74] - initializer namespace from System Environment :null
2024-02-03 17:18:43,443 INFO [main][InitUtils.java:84] - initializer namespace from System Property :null
2024-02-03 17:18:43,443 INFO [main][InitUtils.java:84] - initializer namespace from System Property :null
2024-02-03 17:18:43,512 INFO [main][DirectJDKLog.java:173] - Starting ProtocolHandler ["http-nio-63040"]
2024-02-03 17:18:43,512 INFO [main][DirectJDKLog.java:173] - Starting ProtocolHandler ["http-nio-63040"]
2024-02-03 17:18:43,529 INFO [main][TomcatWebServer.java:220] - Tomcat started on port(s): 63040 (http) with context path '/content'
2024-02-03 17:18:43,529 INFO [main][TomcatWebServer.java:220] - Tomcat started on port(s): 63040 (http) with context path '/content'
2024-02-03 17:18:43,534 INFO [main][BeatReactor.java:81] - [BEAT] adding beat: BeatInfo{port=63040, ip='192.168.23.1', weight=1.0, serviceName='xuecheng-plus-project@@content-api', cluster='DEFAULT', metadata={preserved.register.source=SPRING_CLOUD}, scheduled=false, period=5000, stopped=false} to beat map.
2024-02-03 17:18:43,534 INFO [main][BeatReactor.java:81] - [BEAT] adding beat: BeatInfo{port=63040, ip='192.168.23.1', weight=1.0, serviceName='xuecheng-plus-project@@content-api', cluster='DEFAULT', metadata={preserved.register.source=SPRING_CLOUD}, scheduled=false, period=5000, stopped=false} to beat map.
2024-02-03 17:18:43,535 INFO [main][NamingProxy.java:230] - [REGISTER-SERVICE] dev registering service xuecheng-plus-project@@content-api with instance: Instance{instanceId='null', ip='192.168.23.1', port=63040, weight=1.0, healthy=true, enabled=true, ephemeral=true, clusterName='DEFAULT', serviceName='null', metadata={preserved.register.source=SPRING_CLOUD}}
2024-02-03 17:18:43,535 INFO [main][NamingProxy.java:230] - [REGISTER-SERVICE] dev registering service xuecheng-plus-project@@content-api with instance: Instance{instanceId='null', ip='192.168.23.1', port=63040, weight=1.0, healthy=true, enabled=true, ephemeral=true, clusterName='DEFAULT', serviceName='null', metadata={preserved.register.source=SPRING_CLOUD}}
2024-02-03 17:18:43,538 INFO [main][NacosServiceRegistry.java:75] - nacos registry, xuecheng-plus-project content-api 192.168.23.1:63040 register finished
2024-02-03 17:18:43,538 INFO [main][NacosServiceRegistry.java:75] - nacos registry, xuecheng-plus-project content-api 192.168.23.1:63040 register finished
2024-02-03 17:18:44,538 INFO [com.alibaba.nacos.client.naming.updater][HostReactor.java:232] - new ips(1) service: xuecheng-plus-project@@content-api@@DEFAULT -> [{"instanceId":"192.168.23.1#63040#DEFAULT#xuecheng-plus-project@@content-api","ip":"192.168.23.1","port":63040,"weight":1.0,"healthy":true,"enabled":true,"ephemeral":true,"clusterName":"DEFAULT","serviceName":"xuecheng-plus-project@@content-api","metadata":{"preserved.register.source":"SPRING_CLOUD"},"ipDeleteTimeout":30000,"instanceHeartBeatInterval":5000,"instanceHeartBeatTimeOut":15000}]
2024-02-03 17:18:44,538 INFO [com.alibaba.nacos.client.naming.updater][HostReactor.java:232] - new ips(1) service: xuecheng-plus-project@@content-api@@DEFAULT -> [{"instanceId":"192.168.23.1#63040#DEFAULT#xuecheng-plus-project@@content-api","ip":"192.168.23.1","port":63040,"weight":1.0,"healthy":true,"enabled":true,"ephemeral":true,"clusterName":"DEFAULT","serviceName":"xuecheng-plus-project@@content-api","metadata":{"preserved.register.source":"SPRING_CLOUD"},"ipDeleteTimeout":30000,"instanceHeartBeatInterval":5000,"instanceHeartBeatTimeOut":15000}]
2024-02-03 17:18:44,546 INFO [com.alibaba.nacos.naming.push.receiver][PushReceiver.java:97] - received push data: {"type":"dom","data":"{\"hosts\":[{\"ip\":\"192.168.23.1\",\"port\":63040,\"valid\":true,\"healthy\":true,\"marked\":false,\"instanceId\":\"192.168.23.1#63040#DEFAULT#xuecheng-plus-project@@content-api\",\"metadata\":{\"preserved.register.source\":\"SPRING_CLOUD\"},\"enabled\":true,\"weight\":1.0,\"clusterName\":\"DEFAULT\",\"serviceName\":\"xuecheng-plus-project@@content-api\",\"ephemeral\":true}],\"dom\":\"xuecheng-plus-project@@content-api\",\"name\":\"xuecheng-plus-project@@content-api\",\"cacheMillis\":10000,\"lastRefTime\":1706951924542,\"checksum\":\"1058571e23fb0b10f9d904939db72243\",\"useSpecifiedURL\":false,\"clusters\":\"DEFAULT\",\"env\":\"\",\"metadata\":{}}","lastRefTime":1734026049863200} from /172.18.21.57
2024-02-03 17:18:44,546 INFO [com.alibaba.nacos.naming.push.receiver][PushReceiver.java:97] - received push data: {"type":"dom","data":"{\"hosts\":[{\"ip\":\"192.168.23.1\",\"port\":63040,\"valid\":true,\"healthy\":true,\"marked\":false,\"instanceId\":\"192.168.23.1#63040#DEFAULT#xuecheng-plus-project@@content-api\",\"metadata\":{\"preserved.register.source\":\"SPRING_CLOUD\"},\"enabled\":true,\"weight\":1.0,\"clusterName\":\"DEFAULT\",\"serviceName\":\"xuecheng-plus-project@@content-api\",\"ephemeral\":true}],\"dom\":\"xuecheng-plus-project@@content-api\",\"name\":\"xuecheng-plus-project@@content-api\",\"cacheMillis\":10000,\"lastRefTime\":1706951924542,\"checksum\":\"1058571e23fb0b10f9d904939db72243\",\"useSpecifiedURL\":false,\"clusters\":\"DEFAULT\",\"env\":\"\",\"metadata\":{}}","lastRefTime":1734026049863200} from /172.18.21.57
2024-02-03 17:18:44,548 INFO [com.alibaba.nacos.client.naming.updater][HostReactor.java:271] - current ips:(1) service: xuecheng-plus-project@@content-api@@DEFAULT -> [{"instanceId":"192.168.23.1#63040#DEFAULT#xuecheng-plus-project@@content-api","ip":"192.168.23.1","port":63040,"weight":1.0,"healthy":true,"enabled":true,"ephemeral":true,"clusterName":"DEFAULT","serviceName":"xuecheng-plus-project@@content-api","metadata":{"preserved.register.source":"SPRING_CLOUD"},"ipDeleteTimeout":30000,"instanceHeartBeatInterval":5000,"instanceHeartBeatTimeOut":15000}]
2024-02-03 17:18:44,548 INFO [com.alibaba.nacos.client.naming.updater][HostReactor.java:271] - current ips:(1) service: xuecheng-plus-project@@content-api@@DEFAULT -> [{"instanceId":"192.168.23.1#63040#DEFAULT#xuecheng-plus-project@@content-api","ip":"192.168.23.1","port":63040,"weight":1.0,"healthy":true,"enabled":true,"ephemeral":true,"clusterName":"DEFAULT","serviceName":"xuecheng-plus-project@@content-api","metadata":{"preserved.register.source":"SPRING_CLOUD"},"ipDeleteTimeout":30000,"instanceHeartBeatInterval":5000,"instanceHeartBeatTimeOut":15000}]
2024-02-03 17:18:44,777 INFO [main][InetUtils.java:170] - Cannot determine local hostname
2024-02-03 17:18:44,777 INFO [main][InetUtils.java:170] - Cannot determine local hostname
2024-02-03 17:18:44,779 INFO [main][DocumentationPluginsBootstrapper.java:160] - Context refreshed
2024-02-03 17:18:44,779 INFO [main][DocumentationPluginsBootstrapper.java:160] - Context refreshed
2024-02-03 17:18:44,802 INFO [main][DocumentationPluginsBootstrapper.java:163] - Found 1 custom documentation plugin(s)
2024-02-03 17:18:44,802 INFO [main][DocumentationPluginsBootstrapper.java:163] - Found 1 custom documentation plugin(s)
2024-02-03 17:18:44,874 INFO [main][ApiListingReferenceScanner.java:41] - Scanning for api listing references
2024-02-03 17:18:44,874 INFO [main][ApiListingReferenceScanner.java:41] - Scanning for api listing references
2024-02-03 17:18:45,070 INFO [main][StartupInfoLogger.java:61] - Started ContentApplication in 10.231 seconds (JVM running for 11.343)
2024-02-03 17:18:45,070 INFO [main][StartupInfoLogger.java:61] - Started ContentApplication in 10.231 seconds (JVM running for 11.343)
2024-02-03 17:18:45,075 INFO [main][ClientWorker.java:169] - [fixed-localhost_8848-dev] [subscribe] swagger-dev.yaml+xuecheng-plus-common+dev
2024-02-03 17:18:45,075 INFO [main][ClientWorker.java:169] - [fixed-localhost_8848-dev] [subscribe] swagger-dev.yaml+xuecheng-plus-common+dev
2024-02-03 17:18:45,076 INFO [main][CacheData.java:92] - [fixed-localhost_8848-dev] [add-listener] ok, tenant=dev, dataId=swagger-dev.yaml, group=xuecheng-plus-common, cnt=1
2024-02-03 17:18:45,076 INFO [main][CacheData.java:92] - [fixed-localhost_8848-dev] [add-listener] ok, tenant=dev, dataId=swagger-dev.yaml, group=xuecheng-plus-common, cnt=1
2024-02-03 17:18:45,076 INFO [main][ClientWorker.java:169] - [fixed-localhost_8848-dev] [subscribe] content-api.yaml+xuecheng-plus-project+dev
2024-02-03 17:18:45,076 INFO [main][ClientWorker.java:169] - [fixed-localhost_8848-dev] [subscribe] content-api.yaml+xuecheng-plus-project+dev
2024-02-03 17:18:45,076 INFO [main][CacheData.java:92] - [fixed-localhost_8848-dev] [add-listener] ok, tenant=dev, dataId=content-api.yaml, group=xuecheng-plus-project, cnt=1
2024-02-03 17:18:45,076 INFO [main][CacheData.java:92] - [fixed-localhost_8848-dev] [add-listener] ok, tenant=dev, dataId=content-api.yaml, group=xuecheng-plus-project, cnt=1
2024-02-03 17:18:45,077 INFO [main][ClientWorker.java:169] - [fixed-localhost_8848-dev] [subscribe] content-service-dev.yaml+xuecheng-plus-project+dev
2024-02-03 17:18:45,077 INFO [main][ClientWorker.java:169] - [fixed-localhost_8848-dev] [subscribe] content-service-dev.yaml+xuecheng-plus-project+dev
2024-02-03 17:18:45,077 INFO [main][CacheData.java:92] - [fixed-localhost_8848-dev] [add-listener] ok, tenant=dev, dataId=content-service-dev.yaml, group=xuecheng-plus-project, cnt=1
2024-02-03 17:18:45,077 INFO [main][CacheData.java:92] - [fixed-localhost_8848-dev] [add-listener] ok, tenant=dev, dataId=content-service-dev.yaml, group=xuecheng-plus-project, cnt=1
2024-02-03 17:18:45,077 INFO [main][ClientWorker.java:169] - [fixed-localhost_8848-dev] [subscribe] content-api+xuecheng-plus-project+dev
2024-02-03 17:18:45,077 INFO [main][ClientWorker.java:169] - [fixed-localhost_8848-dev] [subscribe] content-api+xuecheng-plus-project+dev
2024-02-03 17:18:45,077 INFO [main][CacheData.java:92] - [fixed-localhost_8848-dev] [add-listener] ok, tenant=dev, dataId=content-api, group=xuecheng-plus-project, cnt=1
2024-02-03 17:18:45,077 INFO [main][CacheData.java:92] - [fixed-localhost_8848-dev] [add-listener] ok, tenant=dev, dataId=content-api, group=xuecheng-plus-project, cnt=1
2024-02-03 17:18:45,078 INFO [main][ClientWorker.java:169] - [fixed-localhost_8848-dev] [subscribe] logging-dev.yaml+xuecheng-plus-common+dev
2024-02-03 17:18:45,078 INFO [main][ClientWorker.java:169] - [fixed-localhost_8848-dev] [subscribe] logging-dev.yaml+xuecheng-plus-common+dev
2024-02-03 17:18:45,078 INFO [main][CacheData.java:92] - [fixed-localhost_8848-dev] [add-listener] ok, tenant=dev, dataId=logging-dev.yaml, group=xuecheng-plus-common, cnt=1
2024-02-03 17:18:45,078 INFO [main][CacheData.java:92] - [fixed-localhost_8848-dev] [add-listener] ok, tenant=dev, dataId=logging-dev.yaml, group=xuecheng-plus-common, cnt=1
2024-02-03 17:18:45,079 INFO [main][ClientWorker.java:169] - [fixed-localhost_8848-dev] [subscribe] content-api-dev.yaml+xuecheng-plus-project+dev
2024-02-03 17:18:45,079 INFO [main][ClientWorker.java:169] - [fixed-localhost_8848-dev] [subscribe] content-api-dev.yaml+xuecheng-plus-project+dev
2024-02-03 17:18:45,079 INFO [main][CacheData.java:92] - [fixed-localhost_8848-dev] [add-listener] ok, tenant=dev, dataId=content-api-dev.yaml, group=xuecheng-plus-project, cnt=1
2024-02-03 17:18:45,079 INFO [main][CacheData.java:92] - [fixed-localhost_8848-dev] [add-listener] ok, tenant=dev, dataId=content-api-dev.yaml, group=xuecheng-plus-project, cnt=1
