2024-02-06 01:00:10,007 DEBUG [Nacos-Watch-Task-Scheduler-1][RouteDefinitionRouteLocator.java:271] - RouteDefinition content-api applying {_genkey_0=/content/**} to Path
2024-02-06 01:00:10,007 DEBUG [Nacos-Watch-Task-Scheduler-1][RouteDefinitionRouteLocator.java:271] - RouteDefinition content-api applying {_genkey_0=/content/**} to Path
2024-02-06 01:00:10,011 DEBUG [Nacos-Watch-Task-Scheduler-1][RouteDefinitionRouteLocator.java:162] - RouteDefinition matched: content-api
2024-02-06 01:00:10,011 DEBUG [Nacos-Watch-Task-Scheduler-1][RouteDefinitionRouteLocator.java:162] - RouteDefinition matched: content-api
2024-02-06 01:00:10,011 DEBUG [Nacos-Watch-Task-Scheduler-1][RouteDefinitionRouteLocator.java:271] - RouteDefinition system-api applying {_genkey_0=/system/**} to Path
2024-02-06 01:00:10,011 DEBUG [Nacos-Watch-Task-Scheduler-1][RouteDefinitionRouteLocator.java:271] - RouteDefinition system-api applying {_genkey_0=/system/**} to Path
2024-02-06 01:00:10,011 DEBUG [Nacos-Watch-Task-Scheduler-1][RouteDefinitionRouteLocator.java:162] - RouteDefinition matched: system-api
2024-02-06 01:00:10,011 DEBUG [Nacos-Watch-Task-Scheduler-1][RouteDefinitionRouteLocator.java:162] - RouteDefinition matched: system-api
2024-02-06 01:00:10,011 DEBUG [Nacos-Watch-Task-Scheduler-1][RouteDefinitionRouteLocator.java:271] - RouteDefinition media-api applying {_genkey_0=/media/**} to Path
2024-02-06 01:00:10,011 DEBUG [Nacos-Watch-Task-Scheduler-1][RouteDefinitionRouteLocator.java:271] - RouteDefinition media-api applying {_genkey_0=/media/**} to Path
2024-02-06 01:00:10,011 DEBUG [Nacos-Watch-Task-Scheduler-1][RouteDefinitionRouteLocator.java:162] - RouteDefinition matched: media-api
2024-02-06 01:00:10,011 DEBUG [Nacos-Watch-Task-Scheduler-1][RouteDefinitionRouteLocator.java:162] - RouteDefinition matched: media-api
2024-02-06 01:00:10,011 DEBUG [Nacos-Watch-Task-Scheduler-1][RouteDefinitionRouteLocator.java:271] - RouteDefinition search-service applying {_genkey_0=/search/**} to Path
2024-02-06 01:00:10,011 DEBUG [Nacos-Watch-Task-Scheduler-1][RouteDefinitionRouteLocator.java:271] - RouteDefinition search-service applying {_genkey_0=/search/**} to Path
2024-02-06 01:00:10,012 DEBUG [Nacos-Watch-Task-Scheduler-1][RouteDefinitionRouteLocator.java:162] - RouteDefinition matched: search-service
2024-02-06 01:00:10,012 DEBUG [Nacos-Watch-Task-Scheduler-1][RouteDefinitionRouteLocator.java:162] - RouteDefinition matched: search-service
2024-02-06 01:00:10,012 DEBUG [Nacos-Watch-Task-Scheduler-1][RouteDefinitionRouteLocator.java:271] - RouteDefinition auth-service applying {_genkey_0=/auth/**} to Path
2024-02-06 01:00:10,012 DEBUG [Nacos-Watch-Task-Scheduler-1][RouteDefinitionRouteLocator.java:271] - RouteDefinition auth-service applying {_genkey_0=/auth/**} to Path
2024-02-06 01:00:10,012 DEBUG [Nacos-Watch-Task-Scheduler-1][RouteDefinitionRouteLocator.java:162] - RouteDefinition matched: auth-service
2024-02-06 01:00:10,012 DEBUG [Nacos-Watch-Task-Scheduler-1][RouteDefinitionRouteLocator.java:162] - RouteDefinition matched: auth-service
2024-02-06 01:00:10,012 DEBUG [Nacos-Watch-Task-Scheduler-1][RouteDefinitionRouteLocator.java:271] - RouteDefinition checkcode applying {_genkey_0=/checkcode/**} to Path
2024-02-06 01:00:10,012 DEBUG [Nacos-Watch-Task-Scheduler-1][RouteDefinitionRouteLocator.java:271] - RouteDefinition checkcode applying {_genkey_0=/checkcode/**} to Path
2024-02-06 01:00:10,012 DEBUG [Nacos-Watch-Task-Scheduler-1][RouteDefinitionRouteLocator.java:162] - RouteDefinition matched: checkcode
2024-02-06 01:00:10,012 DEBUG [Nacos-Watch-Task-Scheduler-1][RouteDefinitionRouteLocator.java:162] - RouteDefinition matched: checkcode
2024-02-06 01:00:10,013 DEBUG [Nacos-Watch-Task-Scheduler-1][RouteDefinitionRouteLocator.java:271] - RouteDefinition learning-api applying {_genkey_0=/learning/**} to Path
2024-02-06 01:00:10,013 DEBUG [Nacos-Watch-Task-Scheduler-1][RouteDefinitionRouteLocator.java:271] - RouteDefinition learning-api applying {_genkey_0=/learning/**} to Path
2024-02-06 01:00:10,013 DEBUG [Nacos-Watch-Task-Scheduler-1][RouteDefinitionRouteLocator.java:162] - RouteDefinition matched: learning-api
2024-02-06 01:00:10,013 DEBUG [Nacos-Watch-Task-Scheduler-1][RouteDefinitionRouteLocator.java:162] - RouteDefinition matched: learning-api
2024-02-06 01:00:10,013 DEBUG [Nacos-Watch-Task-Scheduler-1][RouteDefinitionRouteLocator.java:271] - RouteDefinition orders-api applying {_genkey_0=/orders/**} to Path
2024-02-06 01:00:10,013 DEBUG [Nacos-Watch-Task-Scheduler-1][RouteDefinitionRouteLocator.java:271] - RouteDefinition orders-api applying {_genkey_0=/orders/**} to Path
2024-02-06 01:00:10,013 DEBUG [Nacos-Watch-Task-Scheduler-1][RouteDefinitionRouteLocator.java:162] - RouteDefinition matched: orders-api
2024-02-06 01:00:10,013 DEBUG [Nacos-Watch-Task-Scheduler-1][RouteDefinitionRouteLocator.java:162] - RouteDefinition matched: orders-api
2024-02-06 01:00:40,014 DEBUG [Nacos-Watch-Task-Scheduler-1][RouteDefinitionRouteLocator.java:271] - RouteDefinition content-api applying {_genkey_0=/content/**} to Path
2024-02-06 01:00:40,014 DEBUG [Nacos-Watch-Task-Scheduler-1][RouteDefinitionRouteLocator.java:271] - RouteDefinition content-api applying {_genkey_0=/content/**} to Path
2024-02-06 01:00:40,014 DEBUG [Nacos-Watch-Task-Scheduler-1][RouteDefinitionRouteLocator.java:162] - RouteDefinition matched: content-api
2024-02-06 01:00:40,014 DEBUG [Nacos-Watch-Task-Scheduler-1][RouteDefinitionRouteLocator.java:162] - RouteDefinition matched: content-api
2024-02-06 01:00:40,015 DEBUG [Nacos-Watch-Task-Scheduler-1][RouteDefinitionRouteLocator.java:271] - RouteDefinition system-api applying {_genkey_0=/system/**} to Path
2024-02-06 01:00:40,015 DEBUG [Nacos-Watch-Task-Scheduler-1][RouteDefinitionRouteLocator.java:271] - RouteDefinition system-api applying {_genkey_0=/system/**} to Path
2024-02-06 01:00:40,015 DEBUG [Nacos-Watch-Task-Scheduler-1][RouteDefinitionRouteLocator.java:162] - RouteDefinition matched: system-api
2024-02-06 01:00:40,015 DEBUG [Nacos-Watch-Task-Scheduler-1][RouteDefinitionRouteLocator.java:162] - RouteDefinition matched: system-api
2024-02-06 01:00:40,015 DEBUG [Nacos-Watch-Task-Scheduler-1][RouteDefinitionRouteLocator.java:271] - RouteDefinition media-api applying {_genkey_0=/media/**} to Path
2024-02-06 01:00:40,015 DEBUG [Nacos-Watch-Task-Scheduler-1][RouteDefinitionRouteLocator.java:271] - RouteDefinition media-api applying {_genkey_0=/media/**} to Path
2024-02-06 01:00:40,015 DEBUG [Nacos-Watch-Task-Scheduler-1][RouteDefinitionRouteLocator.java:162] - RouteDefinition matched: media-api
2024-02-06 01:00:40,015 DEBUG [Nacos-Watch-Task-Scheduler-1][RouteDefinitionRouteLocator.java:162] - RouteDefinition matched: media-api
2024-02-06 01:00:40,015 DEBUG [Nacos-Watch-Task-Scheduler-1][RouteDefinitionRouteLocator.java:271] - RouteDefinition search-service applying {_genkey_0=/search/**} to Path
2024-02-06 01:00:40,015 DEBUG [Nacos-Watch-Task-Scheduler-1][RouteDefinitionRouteLocator.java:271] - RouteDefinition search-service applying {_genkey_0=/search/**} to Path
2024-02-06 01:00:40,016 DEBUG [Nacos-Watch-Task-Scheduler-1][RouteDefinitionRouteLocator.java:162] - RouteDefinition matched: search-service
2024-02-06 01:00:40,016 DEBUG [Nacos-Watch-Task-Scheduler-1][RouteDefinitionRouteLocator.java:162] - RouteDefinition matched: search-service
2024-02-06 01:00:40,016 DEBUG [Nacos-Watch-Task-Scheduler-1][RouteDefinitionRouteLocator.java:271] - RouteDefinition auth-service applying {_genkey_0=/auth/**} to Path
2024-02-06 01:00:40,016 DEBUG [Nacos-Watch-Task-Scheduler-1][RouteDefinitionRouteLocator.java:271] - RouteDefinition auth-service applying {_genkey_0=/auth/**} to Path
2024-02-06 01:00:40,016 DEBUG [Nacos-Watch-Task-Scheduler-1][RouteDefinitionRouteLocator.java:162] - RouteDefinition matched: auth-service
2024-02-06 01:00:40,016 DEBUG [Nacos-Watch-Task-Scheduler-1][RouteDefinitionRouteLocator.java:162] - RouteDefinition matched: auth-service
2024-02-06 01:00:40,016 DEBUG [Nacos-Watch-Task-Scheduler-1][RouteDefinitionRouteLocator.java:271] - RouteDefinition checkcode applying {_genkey_0=/checkcode/**} to Path
2024-02-06 01:00:40,016 DEBUG [Nacos-Watch-Task-Scheduler-1][RouteDefinitionRouteLocator.java:271] - RouteDefinition checkcode applying {_genkey_0=/checkcode/**} to Path
2024-02-06 01:00:40,017 DEBUG [Nacos-Watch-Task-Scheduler-1][RouteDefinitionRouteLocator.java:162] - RouteDefinition matched: checkcode
2024-02-06 01:00:40,017 DEBUG [Nacos-Watch-Task-Scheduler-1][RouteDefinitionRouteLocator.java:162] - RouteDefinition matched: checkcode
2024-02-06 01:00:40,017 DEBUG [Nacos-Watch-Task-Scheduler-1][RouteDefinitionRouteLocator.java:271] - RouteDefinition learning-api applying {_genkey_0=/learning/**} to Path
2024-02-06 01:00:40,017 DEBUG [Nacos-Watch-Task-Scheduler-1][RouteDefinitionRouteLocator.java:271] - RouteDefinition learning-api applying {_genkey_0=/learning/**} to Path
2024-02-06 01:00:40,017 DEBUG [Nacos-Watch-Task-Scheduler-1][RouteDefinitionRouteLocator.java:162] - RouteDefinition matched: learning-api
2024-02-06 01:00:40,017 DEBUG [Nacos-Watch-Task-Scheduler-1][RouteDefinitionRouteLocator.java:162] - RouteDefinition matched: learning-api
2024-02-06 01:00:40,017 DEBUG [Nacos-Watch-Task-Scheduler-1][RouteDefinitionRouteLocator.java:271] - RouteDefinition orders-api applying {_genkey_0=/orders/**} to Path
2024-02-06 01:00:40,017 DEBUG [Nacos-Watch-Task-Scheduler-1][RouteDefinitionRouteLocator.java:271] - RouteDefinition orders-api applying {_genkey_0=/orders/**} to Path
2024-02-06 01:00:40,017 DEBUG [Nacos-Watch-Task-Scheduler-1][RouteDefinitionRouteLocator.java:162] - RouteDefinition matched: orders-api
2024-02-06 01:00:40,017 DEBUG [Nacos-Watch-Task-Scheduler-1][RouteDefinitionRouteLocator.java:162] - RouteDefinition matched: orders-api
2024-02-06 01:01:10,030 DEBUG [Nacos-Watch-Task-Scheduler-1][RouteDefinitionRouteLocator.java:271] - RouteDefinition content-api applying {_genkey_0=/content/**} to Path
2024-02-06 01:01:10,030 DEBUG [Nacos-Watch-Task-Scheduler-1][RouteDefinitionRouteLocator.java:271] - RouteDefinition content-api applying {_genkey_0=/content/**} to Path
2024-02-06 01:01:10,031 DEBUG [Nacos-Watch-Task-Scheduler-1][RouteDefinitionRouteLocator.java:162] - RouteDefinition matched: content-api
2024-02-06 01:01:10,031 DEBUG [Nacos-Watch-Task-Scheduler-1][RouteDefinitionRouteLocator.java:162] - RouteDefinition matched: content-api
2024-02-06 01:01:10,031 DEBUG [Nacos-Watch-Task-Scheduler-1][RouteDefinitionRouteLocator.java:271] - RouteDefinition system-api applying {_genkey_0=/system/**} to Path
2024-02-06 01:01:10,031 DEBUG [Nacos-Watch-Task-Scheduler-1][RouteDefinitionRouteLocator.java:271] - RouteDefinition system-api applying {_genkey_0=/system/**} to Path
2024-02-06 01:01:10,031 DEBUG [Nacos-Watch-Task-Scheduler-1][RouteDefinitionRouteLocator.java:162] - RouteDefinition matched: system-api
2024-02-06 01:01:10,031 DEBUG [Nacos-Watch-Task-Scheduler-1][RouteDefinitionRouteLocator.java:162] - RouteDefinition matched: system-api
2024-02-06 01:01:10,031 DEBUG [Nacos-Watch-Task-Scheduler-1][RouteDefinitionRouteLocator.java:271] - RouteDefinition media-api applying {_genkey_0=/media/**} to Path
2024-02-06 01:01:10,031 DEBUG [Nacos-Watch-Task-Scheduler-1][RouteDefinitionRouteLocator.java:271] - RouteDefinition media-api applying {_genkey_0=/media/**} to Path
2024-02-06 01:01:10,031 DEBUG [Nacos-Watch-Task-Scheduler-1][RouteDefinitionRouteLocator.java:162] - RouteDefinition matched: media-api
2024-02-06 01:01:10,031 DEBUG [Nacos-Watch-Task-Scheduler-1][RouteDefinitionRouteLocator.java:162] - RouteDefinition matched: media-api
2024-02-06 01:01:10,031 DEBUG [Nacos-Watch-Task-Scheduler-1][RouteDefinitionRouteLocator.java:271] - RouteDefinition search-service applying {_genkey_0=/search/**} to Path
2024-02-06 01:01:10,031 DEBUG [Nacos-Watch-Task-Scheduler-1][RouteDefinitionRouteLocator.java:271] - RouteDefinition search-service applying {_genkey_0=/search/**} to Path
2024-02-06 01:01:10,032 DEBUG [Nacos-Watch-Task-Scheduler-1][RouteDefinitionRouteLocator.java:162] - RouteDefinition matched: search-service
2024-02-06 01:01:10,032 DEBUG [Nacos-Watch-Task-Scheduler-1][RouteDefinitionRouteLocator.java:162] - RouteDefinition matched: search-service
2024-02-06 01:01:10,032 DEBUG [Nacos-Watch-Task-Scheduler-1][RouteDefinitionRouteLocator.java:271] - RouteDefinition auth-service applying {_genkey_0=/auth/**} to Path
2024-02-06 01:01:10,032 DEBUG [Nacos-Watch-Task-Scheduler-1][RouteDefinitionRouteLocator.java:271] - RouteDefinition auth-service applying {_genkey_0=/auth/**} to Path
2024-02-06 01:01:10,032 DEBUG [Nacos-Watch-Task-Scheduler-1][RouteDefinitionRouteLocator.java:162] - RouteDefinition matched: auth-service
2024-02-06 01:01:10,032 DEBUG [Nacos-Watch-Task-Scheduler-1][RouteDefinitionRouteLocator.java:162] - RouteDefinition matched: auth-service
2024-02-06 01:01:10,032 DEBUG [Nacos-Watch-Task-Scheduler-1][RouteDefinitionRouteLocator.java:271] - RouteDefinition checkcode applying {_genkey_0=/checkcode/**} to Path
2024-02-06 01:01:10,032 DEBUG [Nacos-Watch-Task-Scheduler-1][RouteDefinitionRouteLocator.java:271] - RouteDefinition checkcode applying {_genkey_0=/checkcode/**} to Path
2024-02-06 01:01:10,032 DEBUG [Nacos-Watch-Task-Scheduler-1][RouteDefinitionRouteLocator.java:162] - RouteDefinition matched: checkcode
2024-02-06 01:01:10,032 DEBUG [Nacos-Watch-Task-Scheduler-1][RouteDefinitionRouteLocator.java:162] - RouteDefinition matched: checkcode
2024-02-06 01:01:10,032 DEBUG [Nacos-Watch-Task-Scheduler-1][RouteDefinitionRouteLocator.java:271] - RouteDefinition learning-api applying {_genkey_0=/learning/**} to Path
2024-02-06 01:01:10,032 DEBUG [Nacos-Watch-Task-Scheduler-1][RouteDefinitionRouteLocator.java:271] - RouteDefinition learning-api applying {_genkey_0=/learning/**} to Path
2024-02-06 01:01:10,033 DEBUG [Nacos-Watch-Task-Scheduler-1][RouteDefinitionRouteLocator.java:162] - RouteDefinition matched: learning-api
2024-02-06 01:01:10,033 DEBUG [Nacos-Watch-Task-Scheduler-1][RouteDefinitionRouteLocator.java:162] - RouteDefinition matched: learning-api
2024-02-06 01:01:10,033 DEBUG [Nacos-Watch-Task-Scheduler-1][RouteDefinitionRouteLocator.java:271] - RouteDefinition orders-api applying {_genkey_0=/orders/**} to Path
2024-02-06 01:01:10,033 DEBUG [Nacos-Watch-Task-Scheduler-1][RouteDefinitionRouteLocator.java:271] - RouteDefinition orders-api applying {_genkey_0=/orders/**} to Path
2024-02-06 01:01:10,033 DEBUG [Nacos-Watch-Task-Scheduler-1][RouteDefinitionRouteLocator.java:162] - RouteDefinition matched: orders-api
2024-02-06 01:01:10,033 DEBUG [Nacos-Watch-Task-Scheduler-1][RouteDefinitionRouteLocator.java:162] - RouteDefinition matched: orders-api
2024-02-06 01:01:40,034 DEBUG [Nacos-Watch-Task-Scheduler-1][RouteDefinitionRouteLocator.java:271] - RouteDefinition content-api applying {_genkey_0=/content/**} to Path
2024-02-06 01:01:40,034 DEBUG [Nacos-Watch-Task-Scheduler-1][RouteDefinitionRouteLocator.java:271] - RouteDefinition content-api applying {_genkey_0=/content/**} to Path
2024-02-06 01:01:40,035 DEBUG [Nacos-Watch-Task-Scheduler-1][RouteDefinitionRouteLocator.java:162] - RouteDefinition matched: content-api
2024-02-06 01:01:40,035 DEBUG [Nacos-Watch-Task-Scheduler-1][RouteDefinitionRouteLocator.java:162] - RouteDefinition matched: content-api
2024-02-06 01:01:40,035 DEBUG [Nacos-Watch-Task-Scheduler-1][RouteDefinitionRouteLocator.java:271] - RouteDefinition system-api applying {_genkey_0=/system/**} to Path
2024-02-06 01:01:40,035 DEBUG [Nacos-Watch-Task-Scheduler-1][RouteDefinitionRouteLocator.java:271] - RouteDefinition system-api applying {_genkey_0=/system/**} to Path
2024-02-06 01:01:40,036 DEBUG [Nacos-Watch-Task-Scheduler-1][RouteDefinitionRouteLocator.java:162] - RouteDefinition matched: system-api
2024-02-06 01:01:40,036 DEBUG [Nacos-Watch-Task-Scheduler-1][RouteDefinitionRouteLocator.java:162] - RouteDefinition matched: system-api
2024-02-06 01:01:40,036 DEBUG [Nacos-Watch-Task-Scheduler-1][RouteDefinitionRouteLocator.java:271] - RouteDefinition media-api applying {_genkey_0=/media/**} to Path
2024-02-06 01:01:40,036 DEBUG [Nacos-Watch-Task-Scheduler-1][RouteDefinitionRouteLocator.java:271] - RouteDefinition media-api applying {_genkey_0=/media/**} to Path
2024-02-06 01:01:40,036 DEBUG [Nacos-Watch-Task-Scheduler-1][RouteDefinitionRouteLocator.java:162] - RouteDefinition matched: media-api
2024-02-06 01:01:40,036 DEBUG [Nacos-Watch-Task-Scheduler-1][RouteDefinitionRouteLocator.java:162] - RouteDefinition matched: media-api
2024-02-06 01:01:40,036 DEBUG [Nacos-Watch-Task-Scheduler-1][RouteDefinitionRouteLocator.java:271] - RouteDefinition search-service applying {_genkey_0=/search/**} to Path
2024-02-06 01:01:40,036 DEBUG [Nacos-Watch-Task-Scheduler-1][RouteDefinitionRouteLocator.java:271] - RouteDefinition search-service applying {_genkey_0=/search/**} to Path
2024-02-06 01:01:40,036 DEBUG [Nacos-Watch-Task-Scheduler-1][RouteDefinitionRouteLocator.java:162] - RouteDefinition matched: search-service
2024-02-06 01:01:40,036 DEBUG [Nacos-Watch-Task-Scheduler-1][RouteDefinitionRouteLocator.java:162] - RouteDefinition matched: search-service
2024-02-06 01:01:40,036 DEBUG [Nacos-Watch-Task-Scheduler-1][RouteDefinitionRouteLocator.java:271] - RouteDefinition auth-service applying {_genkey_0=/auth/**} to Path
2024-02-06 01:01:40,036 DEBUG [Nacos-Watch-Task-Scheduler-1][RouteDefinitionRouteLocator.java:271] - RouteDefinition auth-service applying {_genkey_0=/auth/**} to Path
2024-02-06 01:01:40,037 DEBUG [Nacos-Watch-Task-Scheduler-1][RouteDefinitionRouteLocator.java:162] - RouteDefinition matched: auth-service
2024-02-06 01:01:40,037 DEBUG [Nacos-Watch-Task-Scheduler-1][RouteDefinitionRouteLocator.java:162] - RouteDefinition matched: auth-service
2024-02-06 01:01:40,037 DEBUG [Nacos-Watch-Task-Scheduler-1][RouteDefinitionRouteLocator.java:271] - RouteDefinition checkcode applying {_genkey_0=/checkcode/**} to Path
2024-02-06 01:01:40,037 DEBUG [Nacos-Watch-Task-Scheduler-1][RouteDefinitionRouteLocator.java:271] - RouteDefinition checkcode applying {_genkey_0=/checkcode/**} to Path
2024-02-06 01:01:40,037 DEBUG [Nacos-Watch-Task-Scheduler-1][RouteDefinitionRouteLocator.java:162] - RouteDefinition matched: checkcode
2024-02-06 01:01:40,037 DEBUG [Nacos-Watch-Task-Scheduler-1][RouteDefinitionRouteLocator.java:162] - RouteDefinition matched: checkcode
2024-02-06 01:01:40,038 DEBUG [Nacos-Watch-Task-Scheduler-1][RouteDefinitionRouteLocator.java:271] - RouteDefinition learning-api applying {_genkey_0=/learning/**} to Path
2024-02-06 01:01:40,038 DEBUG [Nacos-Watch-Task-Scheduler-1][RouteDefinitionRouteLocator.java:271] - RouteDefinition learning-api applying {_genkey_0=/learning/**} to Path
2024-02-06 01:01:40,038 DEBUG [Nacos-Watch-Task-Scheduler-1][RouteDefinitionRouteLocator.java:162] - RouteDefinition matched: learning-api
2024-02-06 01:01:40,038 DEBUG [Nacos-Watch-Task-Scheduler-1][RouteDefinitionRouteLocator.java:162] - RouteDefinition matched: learning-api
2024-02-06 01:01:40,038 DEBUG [Nacos-Watch-Task-Scheduler-1][RouteDefinitionRouteLocator.java:271] - RouteDefinition orders-api applying {_genkey_0=/orders/**} to Path
2024-02-06 01:01:40,038 DEBUG [Nacos-Watch-Task-Scheduler-1][RouteDefinitionRouteLocator.java:271] - RouteDefinition orders-api applying {_genkey_0=/orders/**} to Path
2024-02-06 01:01:40,038 DEBUG [Nacos-Watch-Task-Scheduler-1][RouteDefinitionRouteLocator.java:162] - RouteDefinition matched: orders-api
2024-02-06 01:01:40,038 DEBUG [Nacos-Watch-Task-Scheduler-1][RouteDefinitionRouteLocator.java:162] - RouteDefinition matched: orders-api
2024-02-06 01:02:10,045 DEBUG [Nacos-Watch-Task-Scheduler-1][RouteDefinitionRouteLocator.java:271] - RouteDefinition content-api applying {_genkey_0=/content/**} to Path
2024-02-06 01:02:10,045 DEBUG [Nacos-Watch-Task-Scheduler-1][RouteDefinitionRouteLocator.java:271] - RouteDefinition content-api applying {_genkey_0=/content/**} to Path
2024-02-06 01:02:10,046 DEBUG [Nacos-Watch-Task-Scheduler-1][RouteDefinitionRouteLocator.java:162] - RouteDefinition matched: content-api
2024-02-06 01:02:10,046 DEBUG [Nacos-Watch-Task-Scheduler-1][RouteDefinitionRouteLocator.java:162] - RouteDefinition matched: content-api
2024-02-06 01:02:10,046 DEBUG [Nacos-Watch-Task-Scheduler-1][RouteDefinitionRouteLocator.java:271] - RouteDefinition system-api applying {_genkey_0=/system/**} to Path
2024-02-06 01:02:10,046 DEBUG [Nacos-Watch-Task-Scheduler-1][RouteDefinitionRouteLocator.java:271] - RouteDefinition system-api applying {_genkey_0=/system/**} to Path
2024-02-06 01:02:10,046 DEBUG [Nacos-Watch-Task-Scheduler-1][RouteDefinitionRouteLocator.java:162] - RouteDefinition matched: system-api
2024-02-06 01:02:10,046 DEBUG [Nacos-Watch-Task-Scheduler-1][RouteDefinitionRouteLocator.java:162] - RouteDefinition matched: system-api
2024-02-06 01:02:10,046 DEBUG [Nacos-Watch-Task-Scheduler-1][RouteDefinitionRouteLocator.java:271] - RouteDefinition media-api applying {_genkey_0=/media/**} to Path
2024-02-06 01:02:10,046 DEBUG [Nacos-Watch-Task-Scheduler-1][RouteDefinitionRouteLocator.java:271] - RouteDefinition media-api applying {_genkey_0=/media/**} to Path
2024-02-06 01:02:10,046 DEBUG [Nacos-Watch-Task-Scheduler-1][RouteDefinitionRouteLocator.java:162] - RouteDefinition matched: media-api
2024-02-06 01:02:10,046 DEBUG [Nacos-Watch-Task-Scheduler-1][RouteDefinitionRouteLocator.java:162] - RouteDefinition matched: media-api
2024-02-06 01:02:10,047 DEBUG [Nacos-Watch-Task-Scheduler-1][RouteDefinitionRouteLocator.java:271] - RouteDefinition search-service applying {_genkey_0=/search/**} to Path
2024-02-06 01:02:10,047 DEBUG [Nacos-Watch-Task-Scheduler-1][RouteDefinitionRouteLocator.java:271] - RouteDefinition search-service applying {_genkey_0=/search/**} to Path
2024-02-06 01:02:10,047 DEBUG [Nacos-Watch-Task-Scheduler-1][RouteDefinitionRouteLocator.java:162] - RouteDefinition matched: search-service
2024-02-06 01:02:10,047 DEBUG [Nacos-Watch-Task-Scheduler-1][RouteDefinitionRouteLocator.java:162] - RouteDefinition matched: search-service
2024-02-06 01:02:10,047 DEBUG [Nacos-Watch-Task-Scheduler-1][RouteDefinitionRouteLocator.java:271] - RouteDefinition auth-service applying {_genkey_0=/auth/**} to Path
2024-02-06 01:02:10,047 DEBUG [Nacos-Watch-Task-Scheduler-1][RouteDefinitionRouteLocator.java:271] - RouteDefinition auth-service applying {_genkey_0=/auth/**} to Path
2024-02-06 01:02:10,047 DEBUG [Nacos-Watch-Task-Scheduler-1][RouteDefinitionRouteLocator.java:162] - RouteDefinition matched: auth-service
2024-02-06 01:02:10,047 DEBUG [Nacos-Watch-Task-Scheduler-1][RouteDefinitionRouteLocator.java:162] - RouteDefinition matched: auth-service
2024-02-06 01:02:10,048 DEBUG [Nacos-Watch-Task-Scheduler-1][RouteDefinitionRouteLocator.java:271] - RouteDefinition checkcode applying {_genkey_0=/checkcode/**} to Path
2024-02-06 01:02:10,048 DEBUG [Nacos-Watch-Task-Scheduler-1][RouteDefinitionRouteLocator.java:271] - RouteDefinition checkcode applying {_genkey_0=/checkcode/**} to Path
2024-02-06 01:02:10,048 DEBUG [Nacos-Watch-Task-Scheduler-1][RouteDefinitionRouteLocator.java:162] - RouteDefinition matched: checkcode
2024-02-06 01:02:10,048 DEBUG [Nacos-Watch-Task-Scheduler-1][RouteDefinitionRouteLocator.java:162] - RouteDefinition matched: checkcode
2024-02-06 01:02:10,048 DEBUG [Nacos-Watch-Task-Scheduler-1][RouteDefinitionRouteLocator.java:271] - RouteDefinition learning-api applying {_genkey_0=/learning/**} to Path
2024-02-06 01:02:10,048 DEBUG [Nacos-Watch-Task-Scheduler-1][RouteDefinitionRouteLocator.java:271] - RouteDefinition learning-api applying {_genkey_0=/learning/**} to Path
2024-02-06 01:02:10,048 DEBUG [Nacos-Watch-Task-Scheduler-1][RouteDefinitionRouteLocator.java:162] - RouteDefinition matched: learning-api
2024-02-06 01:02:10,048 DEBUG [Nacos-Watch-Task-Scheduler-1][RouteDefinitionRouteLocator.java:162] - RouteDefinition matched: learning-api
2024-02-06 01:02:10,049 DEBUG [Nacos-Watch-Task-Scheduler-1][RouteDefinitionRouteLocator.java:271] - RouteDefinition orders-api applying {_genkey_0=/orders/**} to Path
2024-02-06 01:02:10,049 DEBUG [Nacos-Watch-Task-Scheduler-1][RouteDefinitionRouteLocator.java:271] - RouteDefinition orders-api applying {_genkey_0=/orders/**} to Path
2024-02-06 01:02:10,049 DEBUG [Nacos-Watch-Task-Scheduler-1][RouteDefinitionRouteLocator.java:162] - RouteDefinition matched: orders-api
2024-02-06 01:02:10,049 DEBUG [Nacos-Watch-Task-Scheduler-1][RouteDefinitionRouteLocator.java:162] - RouteDefinition matched: orders-api
2024-02-06 01:02:40,063 DEBUG [Nacos-Watch-Task-Scheduler-1][RouteDefinitionRouteLocator.java:271] - RouteDefinition content-api applying {_genkey_0=/content/**} to Path
2024-02-06 01:02:40,063 DEBUG [Nacos-Watch-Task-Scheduler-1][RouteDefinitionRouteLocator.java:271] - RouteDefinition content-api applying {_genkey_0=/content/**} to Path
2024-02-06 01:02:40,064 DEBUG [Nacos-Watch-Task-Scheduler-1][RouteDefinitionRouteLocator.java:162] - RouteDefinition matched: content-api
2024-02-06 01:02:40,064 DEBUG [Nacos-Watch-Task-Scheduler-1][RouteDefinitionRouteLocator.java:162] - RouteDefinition matched: content-api
2024-02-06 01:02:40,064 DEBUG [Nacos-Watch-Task-Scheduler-1][RouteDefinitionRouteLocator.java:271] - RouteDefinition system-api applying {_genkey_0=/system/**} to Path
2024-02-06 01:02:40,064 DEBUG [Nacos-Watch-Task-Scheduler-1][RouteDefinitionRouteLocator.java:271] - RouteDefinition system-api applying {_genkey_0=/system/**} to Path
2024-02-06 01:02:40,064 DEBUG [Nacos-Watch-Task-Scheduler-1][RouteDefinitionRouteLocator.java:162] - RouteDefinition matched: system-api
2024-02-06 01:02:40,064 DEBUG [Nacos-Watch-Task-Scheduler-1][RouteDefinitionRouteLocator.java:162] - RouteDefinition matched: system-api
2024-02-06 01:02:40,064 DEBUG [Nacos-Watch-Task-Scheduler-1][RouteDefinitionRouteLocator.java:271] - RouteDefinition media-api applying {_genkey_0=/media/**} to Path
2024-02-06 01:02:40,064 DEBUG [Nacos-Watch-Task-Scheduler-1][RouteDefinitionRouteLocator.java:271] - RouteDefinition media-api applying {_genkey_0=/media/**} to Path
2024-02-06 01:02:40,064 DEBUG [Nacos-Watch-Task-Scheduler-1][RouteDefinitionRouteLocator.java:162] - RouteDefinition matched: media-api
2024-02-06 01:02:40,064 DEBUG [Nacos-Watch-Task-Scheduler-1][RouteDefinitionRouteLocator.java:162] - RouteDefinition matched: media-api
2024-02-06 01:02:40,064 DEBUG [Nacos-Watch-Task-Scheduler-1][RouteDefinitionRouteLocator.java:271] - RouteDefinition search-service applying {_genkey_0=/search/**} to Path
2024-02-06 01:02:40,064 DEBUG [Nacos-Watch-Task-Scheduler-1][RouteDefinitionRouteLocator.java:271] - RouteDefinition search-service applying {_genkey_0=/search/**} to Path
2024-02-06 01:02:40,065 DEBUG [Nacos-Watch-Task-Scheduler-1][RouteDefinitionRouteLocator.java:162] - RouteDefinition matched: search-service
2024-02-06 01:02:40,065 DEBUG [Nacos-Watch-Task-Scheduler-1][RouteDefinitionRouteLocator.java:162] - RouteDefinition matched: search-service
2024-02-06 01:02:40,065 DEBUG [Nacos-Watch-Task-Scheduler-1][RouteDefinitionRouteLocator.java:271] - RouteDefinition auth-service applying {_genkey_0=/auth/**} to Path
2024-02-06 01:02:40,065 DEBUG [Nacos-Watch-Task-Scheduler-1][RouteDefinitionRouteLocator.java:271] - RouteDefinition auth-service applying {_genkey_0=/auth/**} to Path
2024-02-06 01:02:40,065 DEBUG [Nacos-Watch-Task-Scheduler-1][RouteDefinitionRouteLocator.java:162] - RouteDefinition matched: auth-service
2024-02-06 01:02:40,065 DEBUG [Nacos-Watch-Task-Scheduler-1][RouteDefinitionRouteLocator.java:162] - RouteDefinition matched: auth-service
2024-02-06 01:02:40,065 DEBUG [Nacos-Watch-Task-Scheduler-1][RouteDefinitionRouteLocator.java:271] - RouteDefinition checkcode applying {_genkey_0=/checkcode/**} to Path
2024-02-06 01:02:40,065 DEBUG [Nacos-Watch-Task-Scheduler-1][RouteDefinitionRouteLocator.java:271] - RouteDefinition checkcode applying {_genkey_0=/checkcode/**} to Path
2024-02-06 01:02:40,065 DEBUG [Nacos-Watch-Task-Scheduler-1][RouteDefinitionRouteLocator.java:162] - RouteDefinition matched: checkcode
2024-02-06 01:02:40,065 DEBUG [Nacos-Watch-Task-Scheduler-1][RouteDefinitionRouteLocator.java:162] - RouteDefinition matched: checkcode
2024-02-06 01:02:40,065 DEBUG [Nacos-Watch-Task-Scheduler-1][RouteDefinitionRouteLocator.java:271] - RouteDefinition learning-api applying {_genkey_0=/learning/**} to Path
2024-02-06 01:02:40,065 DEBUG [Nacos-Watch-Task-Scheduler-1][RouteDefinitionRouteLocator.java:271] - RouteDefinition learning-api applying {_genkey_0=/learning/**} to Path
2024-02-06 01:02:40,065 DEBUG [Nacos-Watch-Task-Scheduler-1][RouteDefinitionRouteLocator.java:162] - RouteDefinition matched: learning-api
2024-02-06 01:02:40,065 DEBUG [Nacos-Watch-Task-Scheduler-1][RouteDefinitionRouteLocator.java:162] - RouteDefinition matched: learning-api
2024-02-06 01:02:40,065 DEBUG [Nacos-Watch-Task-Scheduler-1][RouteDefinitionRouteLocator.java:271] - RouteDefinition orders-api applying {_genkey_0=/orders/**} to Path
2024-02-06 01:02:40,065 DEBUG [Nacos-Watch-Task-Scheduler-1][RouteDefinitionRouteLocator.java:271] - RouteDefinition orders-api applying {_genkey_0=/orders/**} to Path
2024-02-06 01:02:40,067 DEBUG [Nacos-Watch-Task-Scheduler-1][RouteDefinitionRouteLocator.java:162] - RouteDefinition matched: orders-api
2024-02-06 01:02:40,067 DEBUG [Nacos-Watch-Task-Scheduler-1][RouteDefinitionRouteLocator.java:162] - RouteDefinition matched: orders-api
2024-02-06 01:03:10,075 DEBUG [Nacos-Watch-Task-Scheduler-1][RouteDefinitionRouteLocator.java:271] - RouteDefinition content-api applying {_genkey_0=/content/**} to Path
2024-02-06 01:03:10,075 DEBUG [Nacos-Watch-Task-Scheduler-1][RouteDefinitionRouteLocator.java:271] - RouteDefinition content-api applying {_genkey_0=/content/**} to Path
2024-02-06 01:03:10,076 DEBUG [Nacos-Watch-Task-Scheduler-1][RouteDefinitionRouteLocator.java:162] - RouteDefinition matched: content-api
2024-02-06 01:03:10,076 DEBUG [Nacos-Watch-Task-Scheduler-1][RouteDefinitionRouteLocator.java:162] - RouteDefinition matched: content-api
2024-02-06 01:03:10,077 DEBUG [Nacos-Watch-Task-Scheduler-1][RouteDefinitionRouteLocator.java:271] - RouteDefinition system-api applying {_genkey_0=/system/**} to Path
2024-02-06 01:03:10,077 DEBUG [Nacos-Watch-Task-Scheduler-1][RouteDefinitionRouteLocator.java:271] - RouteDefinition system-api applying {_genkey_0=/system/**} to Path
2024-02-06 01:03:10,077 DEBUG [Nacos-Watch-Task-Scheduler-1][RouteDefinitionRouteLocator.java:162] - RouteDefinition matched: system-api
2024-02-06 01:03:10,077 DEBUG [Nacos-Watch-Task-Scheduler-1][RouteDefinitionRouteLocator.java:162] - RouteDefinition matched: system-api
2024-02-06 01:03:10,077 DEBUG [Nacos-Watch-Task-Scheduler-1][RouteDefinitionRouteLocator.java:271] - RouteDefinition media-api applying {_genkey_0=/media/**} to Path
2024-02-06 01:03:10,077 DEBUG [Nacos-Watch-Task-Scheduler-1][RouteDefinitionRouteLocator.java:271] - RouteDefinition media-api applying {_genkey_0=/media/**} to Path
2024-02-06 01:03:10,078 DEBUG [Nacos-Watch-Task-Scheduler-1][RouteDefinitionRouteLocator.java:162] - RouteDefinition matched: media-api
2024-02-06 01:03:10,078 DEBUG [Nacos-Watch-Task-Scheduler-1][RouteDefinitionRouteLocator.java:162] - RouteDefinition matched: media-api
2024-02-06 01:03:10,078 DEBUG [Nacos-Watch-Task-Scheduler-1][RouteDefinitionRouteLocator.java:271] - RouteDefinition search-service applying {_genkey_0=/search/**} to Path
2024-02-06 01:03:10,078 DEBUG [Nacos-Watch-Task-Scheduler-1][RouteDefinitionRouteLocator.java:271] - RouteDefinition search-service applying {_genkey_0=/search/**} to Path
2024-02-06 01:03:10,079 DEBUG [Nacos-Watch-Task-Scheduler-1][RouteDefinitionRouteLocator.java:162] - RouteDefinition matched: search-service
2024-02-06 01:03:10,079 DEBUG [Nacos-Watch-Task-Scheduler-1][RouteDefinitionRouteLocator.java:162] - RouteDefinition matched: search-service
2024-02-06 01:03:10,079 DEBUG [Nacos-Watch-Task-Scheduler-1][RouteDefinitionRouteLocator.java:271] - RouteDefinition auth-service applying {_genkey_0=/auth/**} to Path
2024-02-06 01:03:10,079 DEBUG [Nacos-Watch-Task-Scheduler-1][RouteDefinitionRouteLocator.java:271] - RouteDefinition auth-service applying {_genkey_0=/auth/**} to Path
2024-02-06 01:03:10,079 DEBUG [Nacos-Watch-Task-Scheduler-1][RouteDefinitionRouteLocator.java:162] - RouteDefinition matched: auth-service
2024-02-06 01:03:10,079 DEBUG [Nacos-Watch-Task-Scheduler-1][RouteDefinitionRouteLocator.java:162] - RouteDefinition matched: auth-service
2024-02-06 01:03:10,080 DEBUG [Nacos-Watch-Task-Scheduler-1][RouteDefinitionRouteLocator.java:271] - RouteDefinition checkcode applying {_genkey_0=/checkcode/**} to Path
2024-02-06 01:03:10,080 DEBUG [Nacos-Watch-Task-Scheduler-1][RouteDefinitionRouteLocator.java:271] - RouteDefinition checkcode applying {_genkey_0=/checkcode/**} to Path
2024-02-06 01:03:10,080 DEBUG [Nacos-Watch-Task-Scheduler-1][RouteDefinitionRouteLocator.java:162] - RouteDefinition matched: checkcode
2024-02-06 01:03:10,080 DEBUG [Nacos-Watch-Task-Scheduler-1][RouteDefinitionRouteLocator.java:162] - RouteDefinition matched: checkcode
2024-02-06 01:03:10,080 DEBUG [Nacos-Watch-Task-Scheduler-1][RouteDefinitionRouteLocator.java:271] - RouteDefinition learning-api applying {_genkey_0=/learning/**} to Path
2024-02-06 01:03:10,080 DEBUG [Nacos-Watch-Task-Scheduler-1][RouteDefinitionRouteLocator.java:271] - RouteDefinition learning-api applying {_genkey_0=/learning/**} to Path
2024-02-06 01:03:10,081 DEBUG [Nacos-Watch-Task-Scheduler-1][RouteDefinitionRouteLocator.java:162] - RouteDefinition matched: learning-api
2024-02-06 01:03:10,081 DEBUG [Nacos-Watch-Task-Scheduler-1][RouteDefinitionRouteLocator.java:162] - RouteDefinition matched: learning-api
2024-02-06 01:03:10,081 DEBUG [Nacos-Watch-Task-Scheduler-1][RouteDefinitionRouteLocator.java:271] - RouteDefinition orders-api applying {_genkey_0=/orders/**} to Path
2024-02-06 01:03:10,081 DEBUG [Nacos-Watch-Task-Scheduler-1][RouteDefinitionRouteLocator.java:271] - RouteDefinition orders-api applying {_genkey_0=/orders/**} to Path
2024-02-06 01:03:10,082 DEBUG [Nacos-Watch-Task-Scheduler-1][RouteDefinitionRouteLocator.java:162] - RouteDefinition matched: orders-api
2024-02-06 01:03:10,082 DEBUG [Nacos-Watch-Task-Scheduler-1][RouteDefinitionRouteLocator.java:162] - RouteDefinition matched: orders-api
2024-02-06 01:03:40,098 DEBUG [Nacos-Watch-Task-Scheduler-1][RouteDefinitionRouteLocator.java:271] - RouteDefinition content-api applying {_genkey_0=/content/**} to Path
2024-02-06 01:03:40,098 DEBUG [Nacos-Watch-Task-Scheduler-1][RouteDefinitionRouteLocator.java:271] - RouteDefinition content-api applying {_genkey_0=/content/**} to Path
2024-02-06 01:03:40,098 DEBUG [Nacos-Watch-Task-Scheduler-1][RouteDefinitionRouteLocator.java:162] - RouteDefinition matched: content-api
2024-02-06 01:03:40,098 DEBUG [Nacos-Watch-Task-Scheduler-1][RouteDefinitionRouteLocator.java:162] - RouteDefinition matched: content-api
2024-02-06 01:03:40,098 DEBUG [Nacos-Watch-Task-Scheduler-1][RouteDefinitionRouteLocator.java:271] - RouteDefinition system-api applying {_genkey_0=/system/**} to Path
2024-02-06 01:03:40,098 DEBUG [Nacos-Watch-Task-Scheduler-1][RouteDefinitionRouteLocator.java:271] - RouteDefinition system-api applying {_genkey_0=/system/**} to Path
2024-02-06 01:03:40,099 DEBUG [Nacos-Watch-Task-Scheduler-1][RouteDefinitionRouteLocator.java:162] - RouteDefinition matched: system-api
2024-02-06 01:03:40,099 DEBUG [Nacos-Watch-Task-Scheduler-1][RouteDefinitionRouteLocator.java:162] - RouteDefinition matched: system-api
2024-02-06 01:03:40,099 DEBUG [Nacos-Watch-Task-Scheduler-1][RouteDefinitionRouteLocator.java:271] - RouteDefinition media-api applying {_genkey_0=/media/**} to Path
2024-02-06 01:03:40,099 DEBUG [Nacos-Watch-Task-Scheduler-1][RouteDefinitionRouteLocator.java:271] - RouteDefinition media-api applying {_genkey_0=/media/**} to Path
2024-02-06 01:03:40,099 DEBUG [Nacos-Watch-Task-Scheduler-1][RouteDefinitionRouteLocator.java:162] - RouteDefinition matched: media-api
2024-02-06 01:03:40,099 DEBUG [Nacos-Watch-Task-Scheduler-1][RouteDefinitionRouteLocator.java:162] - RouteDefinition matched: media-api
2024-02-06 01:03:40,099 DEBUG [Nacos-Watch-Task-Scheduler-1][RouteDefinitionRouteLocator.java:271] - RouteDefinition search-service applying {_genkey_0=/search/**} to Path
2024-02-06 01:03:40,099 DEBUG [Nacos-Watch-Task-Scheduler-1][RouteDefinitionRouteLocator.java:271] - RouteDefinition search-service applying {_genkey_0=/search/**} to Path
2024-02-06 01:03:40,099 DEBUG [Nacos-Watch-Task-Scheduler-1][RouteDefinitionRouteLocator.java:162] - RouteDefinition matched: search-service
2024-02-06 01:03:40,099 DEBUG [Nacos-Watch-Task-Scheduler-1][RouteDefinitionRouteLocator.java:162] - RouteDefinition matched: search-service
2024-02-06 01:03:40,099 DEBUG [Nacos-Watch-Task-Scheduler-1][RouteDefinitionRouteLocator.java:271] - RouteDefinition auth-service applying {_genkey_0=/auth/**} to Path
2024-02-06 01:03:40,099 DEBUG [Nacos-Watch-Task-Scheduler-1][RouteDefinitionRouteLocator.java:271] - RouteDefinition auth-service applying {_genkey_0=/auth/**} to Path
2024-02-06 01:03:40,099 DEBUG [Nacos-Watch-Task-Scheduler-1][RouteDefinitionRouteLocator.java:162] - RouteDefinition matched: auth-service
2024-02-06 01:03:40,099 DEBUG [Nacos-Watch-Task-Scheduler-1][RouteDefinitionRouteLocator.java:162] - RouteDefinition matched: auth-service
2024-02-06 01:03:40,099 DEBUG [Nacos-Watch-Task-Scheduler-1][RouteDefinitionRouteLocator.java:271] - RouteDefinition checkcode applying {_genkey_0=/checkcode/**} to Path
2024-02-06 01:03:40,099 DEBUG [Nacos-Watch-Task-Scheduler-1][RouteDefinitionRouteLocator.java:271] - RouteDefinition checkcode applying {_genkey_0=/checkcode/**} to Path
2024-02-06 01:03:40,100 DEBUG [Nacos-Watch-Task-Scheduler-1][RouteDefinitionRouteLocator.java:162] - RouteDefinition matched: checkcode
2024-02-06 01:03:40,100 DEBUG [Nacos-Watch-Task-Scheduler-1][RouteDefinitionRouteLocator.java:162] - RouteDefinition matched: checkcode
2024-02-06 01:03:40,100 DEBUG [Nacos-Watch-Task-Scheduler-1][RouteDefinitionRouteLocator.java:271] - RouteDefinition learning-api applying {_genkey_0=/learning/**} to Path
2024-02-06 01:03:40,100 DEBUG [Nacos-Watch-Task-Scheduler-1][RouteDefinitionRouteLocator.java:271] - RouteDefinition learning-api applying {_genkey_0=/learning/**} to Path
2024-02-06 01:03:40,100 DEBUG [Nacos-Watch-Task-Scheduler-1][RouteDefinitionRouteLocator.java:162] - RouteDefinition matched: learning-api
2024-02-06 01:03:40,100 DEBUG [Nacos-Watch-Task-Scheduler-1][RouteDefinitionRouteLocator.java:162] - RouteDefinition matched: learning-api
2024-02-06 01:03:40,100 DEBUG [Nacos-Watch-Task-Scheduler-1][RouteDefinitionRouteLocator.java:271] - RouteDefinition orders-api applying {_genkey_0=/orders/**} to Path
2024-02-06 01:03:40,100 DEBUG [Nacos-Watch-Task-Scheduler-1][RouteDefinitionRouteLocator.java:271] - RouteDefinition orders-api applying {_genkey_0=/orders/**} to Path
2024-02-06 01:03:40,100 DEBUG [Nacos-Watch-Task-Scheduler-1][RouteDefinitionRouteLocator.java:162] - RouteDefinition matched: orders-api
2024-02-06 01:03:40,100 DEBUG [Nacos-Watch-Task-Scheduler-1][RouteDefinitionRouteLocator.java:162] - RouteDefinition matched: orders-api
